[1.024s] Invoking command in '/CrazySim/crazyswarm2_ws/build/crazyflie_py': AMENT_PREFIX_PATH=/CrazySim/crazyswarm2_ws/install/crazyflie_interfaces:${AMENT_PREFIX_PATH} CMAKE_PREFIX_PATH=/CrazySim/crazyswarm2_ws/install/crazyflie_interfaces LD_LIBRARY_PATH=/CrazySim/crazyswarm2_ws/install/crazyflie_interfaces/lib:${LD_LIBRARY_PATH} PYTHONPATH=/CrazySim/crazyswarm2_ws/build/crazyflie_py/prefix_override:/usr/lib/python3/dist-packages/colcon_core/task/python/colcon_distutils_commands:/CrazySim/crazyswarm2_ws/install/crazyflie_py/lib/python3.10/site-packages:/CrazySim/crazyswarm2_ws/install/crazyflie_interfaces/local/lib/python3.10/dist-packages:${PYTHONPATH} /usr/bin/python3 -W ignore:setup.py install is deprecated -W ignore:easy_install command is deprecated setup.py develop --editable --build-directory /CrazySim/crazyswarm2_ws/build/crazyflie_py/build --no-deps symlink_data
[1.565s] running develop
[1.896s] running egg_info
[1.897s] creating crazyflie_py.egg-info
[1.897s] writing crazyflie_py.egg-info/PKG-INFO
[1.898s] writing dependency_links to crazyflie_py.egg-info/dependency_links.txt
[1.898s] writing entry points to crazyflie_py.egg-info/entry_points.txt
[1.899s] writing requirements to crazyflie_py.egg-info/requires.txt
[1.899s] writing top-level names to crazyflie_py.egg-info/top_level.txt
[1.899s] writing manifest file 'crazyflie_py.egg-info/SOURCES.txt'
[1.902s] reading manifest file 'crazyflie_py.egg-info/SOURCES.txt'
[1.904s] writing manifest file 'crazyflie_py.egg-info/SOURCES.txt'
[1.906s] running build_ext
[1.907s] Creating /CrazySim/crazyswarm2_ws/install/crazyflie_py/lib/python3.10/site-packages/crazyflie-py.egg-link (link to .)
[1.908s] 
[1.908s] Installed /CrazySim/crazyswarm2_ws/build/crazyflie_py
[1.908s] running symlink_data
[1.909s] creating /CrazySim/crazyswarm2_ws/install/crazyflie_py/share/ament_index
[1.909s] creating /CrazySim/crazyswarm2_ws/install/crazyflie_py/share/ament_index/resource_index
[1.909s] creating /CrazySim/crazyswarm2_ws/install/crazyflie_py/share/ament_index/resource_index/packages
[1.909s] symbolically linking /CrazySim/crazyswarm2_ws/build/crazyflie_py/resource/crazyflie_py -> /CrazySim/crazyswarm2_ws/install/crazyflie_py/share/ament_index/resource_index/packages
[1.909s] symbolically linking /CrazySim/crazyswarm2_ws/build/crazyflie_py/package.xml -> /CrazySim/crazyswarm2_ws/install/crazyflie_py/share/crazyflie_py
[1.960s] Invoked command in '/CrazySim/crazyswarm2_ws/build/crazyflie_py' returned '0': AMENT_PREFIX_PATH=/CrazySim/crazyswarm2_ws/install/crazyflie_interfaces:${AMENT_PREFIX_PATH} CMAKE_PREFIX_PATH=/CrazySim/crazyswarm2_ws/install/crazyflie_interfaces LD_LIBRARY_PATH=/CrazySim/crazyswarm2_ws/install/crazyflie_interfaces/lib:${LD_LIBRARY_PATH} PYTHONPATH=/CrazySim/crazyswarm2_ws/build/crazyflie_py/prefix_override:/usr/lib/python3/dist-packages/colcon_core/task/python/colcon_distutils_commands:/CrazySim/crazyswarm2_ws/install/crazyflie_py/lib/python3.10/site-packages:/CrazySim/crazyswarm2_ws/install/crazyflie_interfaces/local/lib/python3.10/dist-packages:${PYTHONPATH} /usr/bin/python3 -W ignore:setup.py install is deprecated -W ignore:easy_install command is deprecated setup.py develop --editable --build-directory /CrazySim/crazyswarm2_ws/build/crazyflie_py/build --no-deps symlink_data
