[0.015s] Invoking command in '/CrazySim/crazyswarm2_ws/build/crazyflie_interfaces': CMAKE_PREFIX_PATH=/opt/ros/humble /usr/bin/cmake --build /CrazySim/crazyswarm2_ws/build/crazyflie_interfaces -- -j16 -l16
[0.106s] Consolidate compiler generated dependencies of target crazyflie_interfaces__rosidl_generator_c
[0.112s] [  1%] Built target crazyflie_interfaces__rs
[0.120s] [  1%] Built target crazyflie_interfaces__cpp
[0.132s] [ 13%] Built target crazyflie_interfaces__rosidl_generator_c
[0.132s] [ 13%] Built target ament_cmake_python_symlink_crazyflie_interfaces
[0.158s] Consolidate compiler generated dependencies of target crazyflie_interfaces__rosidl_typesupport_introspection_c
[0.161s] Consolidate compiler generated dependencies of target crazyflie_interfaces__rosidl_typesupport_c
[0.172s] Consolidate compiler generated dependencies of target crazyflie_interfaces__rosidl_typesupport_introspection_cpp
[0.176s] Consolidate compiler generated dependencies of target crazyflie_interfaces__rosidl_typesupport_fastrtps_cpp
[0.179s] [ 25%] Built target crazyflie_interfaces__rosidl_typesupport_introspection_c
[0.181s] Consolidate compiler generated dependencies of target crazyflie_interfaces__rosidl_typesupport_cpp
[0.183s] [ 37%] Built target crazyflie_interfaces__rosidl_typesupport_c
[0.194s] [ 49%] Built target crazyflie_interfaces__rosidl_typesupport_fastrtps_cpp
[0.196s] [ 61%] Built target crazyflie_interfaces__rosidl_typesupport_introspection_cpp
[0.196s] Consolidate compiler generated dependencies of target crazyflie_interfaces__rosidl_typesupport_fastrtps_c
[0.200s] [ 73%] Built target crazyflie_interfaces__rosidl_typesupport_cpp
[0.216s] [ 85%] Built target crazyflie_interfaces__rosidl_typesupport_fastrtps_c
[0.246s] [ 85%] Built target crazyflie_interfaces
[0.278s] [ 85%] Built target crazyflie_interfaces__py
[0.317s] Consolidate compiler generated dependencies of target crazyflie_interfaces__rosidl_generator_py
[0.344s] [ 86%] Building C object CMakeFiles/crazyflie_interfaces__rosidl_generator_py.dir/rosidl_generator_py/crazyflie_interfaces/msg/_connection_statistics_array_s.c.o
[0.346s] [ 87%] Building C object CMakeFiles/crazyflie_interfaces__rosidl_generator_py.dir/rosidl_generator_py/crazyflie_interfaces/msg/_log_data_generic_s.c.o
[0.346s] [ 88%] Building C object CMakeFiles/crazyflie_interfaces__rosidl_generator_py.dir/rosidl_generator_py/crazyflie_interfaces/msg/_status_s.c.o
[0.347s] [ 89%] Building C object CMakeFiles/crazyflie_interfaces__rosidl_generator_py.dir/rosidl_generator_py/crazyflie_interfaces/msg/_full_state_s.c.o
[0.347s] [ 89%] Building C object CMakeFiles/crazyflie_interfaces__rosidl_generator_py.dir/rosidl_generator_py/crazyflie_interfaces/msg/_connection_statistics_s.c.o
[0.348s] [ 89%] Building C object CMakeFiles/crazyflie_interfaces__rosidl_generator_py.dir/rosidl_generator_py/crazyflie_interfaces/msg/_attitude_setpoint_s.c.o
[0.348s] [ 90%] Building C object CMakeFiles/crazyflie_interfaces__rosidl_generator_py.dir/rosidl_generator_py/crazyflie_interfaces/msg/_log_block_s.c.o
[0.354s] [ 90%] Building C object CMakeFiles/crazyflie_interfaces__rosidl_generator_py.dir/rosidl_generator_py/crazyflie_interfaces/msg/_position_s.c.o
[0.355s] [ 90%] Building C object CMakeFiles/crazyflie_interfaces__rosidl_generator_py.dir/rosidl_generator_py/crazyflie_interfaces/msg/_trajectory_polynomial_piece_s.c.o
[0.355s] [ 90%] Building C object CMakeFiles/crazyflie_interfaces__rosidl_generator_py.dir/rosidl_generator_py/crazyflie_interfaces/srv/_notify_setpoints_stop_s.c.o
[0.358s] [ 91%] Building C object CMakeFiles/crazyflie_interfaces__rosidl_generator_py.dir/rosidl_generator_py/crazyflie_interfaces/msg/_hover_s.c.o
[0.358s] [ 91%] Building C object CMakeFiles/crazyflie_interfaces__rosidl_generator_py.dir/rosidl_generator_py/crazyflie_interfaces/msg/_velocity_world_s.c.o
[0.359s] [ 92%] Building C object CMakeFiles/crazyflie_interfaces__rosidl_generator_py.dir/rosidl_generator_py/crazyflie_interfaces/srv/_set_group_mask_s.c.o
[0.359s] [ 92%] Building C object CMakeFiles/crazyflie_interfaces__rosidl_generator_py.dir/rosidl_generator_py/crazyflie_interfaces/srv/_go_to_s.c.o
[0.370s] [ 93%] Building C object CMakeFiles/crazyflie_interfaces__rosidl_generator_py.dir/rosidl_generator_py/crazyflie_interfaces/srv/_land_s.c.o
[0.404s] running egg_info
[0.406s] writing crazyflie_interfaces.egg-info/PKG-INFO
[0.407s] writing dependency_links to crazyflie_interfaces.egg-info/dependency_links.txt
[0.407s] writing top-level names to crazyflie_interfaces.egg-info/top_level.txt
[0.412s] reading manifest file 'crazyflie_interfaces.egg-info/SOURCES.txt'
[0.415s] writing manifest file 'crazyflie_interfaces.egg-info/SOURCES.txt'
[0.469s] [ 93%] Built target ament_cmake_python_build_crazyflie_interfaces_egg
[0.496s] [ 93%] Building C object CMakeFiles/crazyflie_interfaces__rosidl_generator_py.dir/rosidl_generator_py/crazyflie_interfaces/srv/_start_trajectory_s.c.o
[0.587s] [ 94%] Building C object CMakeFiles/crazyflie_interfaces__rosidl_generator_py.dir/rosidl_generator_py/crazyflie_interfaces/srv/_stop_s.c.o
[0.608s] [ 94%] Building C object CMakeFiles/crazyflie_interfaces__rosidl_generator_py.dir/rosidl_generator_py/crazyflie_interfaces/srv/_takeoff_s.c.o
[0.614s] [ 95%] Building C object CMakeFiles/crazyflie_interfaces__rosidl_generator_py.dir/rosidl_generator_py/crazyflie_interfaces/srv/_update_params_s.c.o
[0.643s] [ 95%] Building C object CMakeFiles/crazyflie_interfaces__rosidl_generator_py.dir/rosidl_generator_py/crazyflie_interfaces/srv/_upload_trajectory_s.c.o
[0.654s] [ 96%] Building C object CMakeFiles/crazyflie_interfaces__rosidl_generator_py.dir/rosidl_generator_py/crazyflie_interfaces/srv/_remove_logging_s.c.o
[0.673s] [ 96%] Building C object CMakeFiles/crazyflie_interfaces__rosidl_generator_py.dir/rosidl_generator_py/crazyflie_interfaces/srv/_add_logging_s.c.o
[0.684s] [ 97%] Building C object CMakeFiles/crazyflie_interfaces__rosidl_generator_py.dir/rosidl_generator_py/crazyflie_interfaces/srv/_arm_s.c.o
[0.944s] [ 97%] Linking C shared library rosidl_generator_py/crazyflie_interfaces/libcrazyflie_interfaces__rosidl_generator_py.so
[1.009s] [ 97%] Built target crazyflie_interfaces__rosidl_generator_py
[1.027s] Consolidate compiler generated dependencies of target crazyflie_interfaces__rosidl_typesupport_introspection_c__pyext
[1.031s] Consolidate compiler generated dependencies of target crazyflie_interfaces__rosidl_typesupport_c__pyext
[1.031s] Consolidate compiler generated dependencies of target crazyflie_interfaces__rosidl_typesupport_fastrtps_c__pyext
[1.046s] [ 97%] Linking C shared library rosidl_generator_py/crazyflie_interfaces/crazyflie_interfaces_s__rosidl_typesupport_fastrtps_c.cpython-310-x86_64-linux-gnu.so
[1.046s] [ 97%] Linking C shared library rosidl_generator_py/crazyflie_interfaces/crazyflie_interfaces_s__rosidl_typesupport_introspection_c.cpython-310-x86_64-linux-gnu.so
[1.050s] [ 97%] Linking C shared library rosidl_generator_py/crazyflie_interfaces/crazyflie_interfaces_s__rosidl_typesupport_c.cpython-310-x86_64-linux-gnu.so
[1.097s] [ 98%] Built target crazyflie_interfaces__rosidl_typesupport_introspection_c__pyext
[1.108s] [ 99%] Built target crazyflie_interfaces__rosidl_typesupport_fastrtps_c__pyext
[1.112s] [100%] Built target crazyflie_interfaces__rosidl_typesupport_c__pyext
[1.130s] Invoked command in '/CrazySim/crazyswarm2_ws/build/crazyflie_interfaces' returned '0': CMAKE_PREFIX_PATH=/opt/ros/humble /usr/bin/cmake --build /CrazySim/crazyswarm2_ws/build/crazyflie_interfaces -- -j16 -l16
[1.132s] Invoking command in '/CrazySim/crazyswarm2_ws/build/crazyflie_interfaces': CMAKE_PREFIX_PATH=/opt/ros/humble /usr/bin/cmake --install /CrazySim/crazyswarm2_ws/build/crazyflie_interfaces
[1.145s] -- Install configuration: "Release"
[1.147s] -- Execute custom install script
[1.147s] -- Up-to-date symlink: /CrazySim/crazyswarm2_ws/install/crazyflie_interfaces/share/ament_index/resource_index/rosidl_interfaces/crazyflie_interfaces
[1.149s] -- Up-to-date symlink: /CrazySim/crazyswarm2_ws/install/crazyflie_interfaces/include/crazyflie_interfaces/crazyflie_interfaces/msg/attitude_setpoint.h
[1.150s] -- Up-to-date symlink: /CrazySim/crazyswarm2_ws/install/crazyflie_interfaces/include/crazyflie_interfaces/crazyflie_interfaces/msg/connection_statistics.h
[1.151s] -- Up-to-date symlink: /CrazySim/crazyswarm2_ws/install/crazyflie_interfaces/include/crazyflie_interfaces/crazyflie_interfaces/msg/connection_statistics_array.h
[1.152s] -- Up-to-date symlink: /CrazySim/crazyswarm2_ws/install/crazyflie_interfaces/include/crazyflie_interfaces/crazyflie_interfaces/msg/detail/attitude_setpoint__functions.h
[1.154s] -- Up-to-date symlink: /CrazySim/crazyswarm2_ws/install/crazyflie_interfaces/include/crazyflie_interfaces/crazyflie_interfaces/msg/detail/attitude_setpoint__struct.h
[1.154s] -- Up-to-date symlink: /CrazySim/crazyswarm2_ws/install/crazyflie_interfaces/include/crazyflie_interfaces/crazyflie_interfaces/msg/detail/attitude_setpoint__type_support.h
[1.155s] -- Up-to-date symlink: /CrazySim/crazyswarm2_ws/install/crazyflie_interfaces/include/crazyflie_interfaces/crazyflie_interfaces/msg/detail/connection_statistics__functions.h
[1.155s] -- Up-to-date symlink: /CrazySim/crazyswarm2_ws/install/crazyflie_interfaces/include/crazyflie_interfaces/crazyflie_interfaces/msg/detail/connection_statistics__struct.h
[1.155s] -- Up-to-date symlink: /CrazySim/crazyswarm2_ws/install/crazyflie_interfaces/include/crazyflie_interfaces/crazyflie_interfaces/msg/detail/connection_statistics__type_support.h
[1.156s] -- Up-to-date symlink: /CrazySim/crazyswarm2_ws/install/crazyflie_interfaces/include/crazyflie_interfaces/crazyflie_interfaces/msg/detail/connection_statistics_array__functions.h
[1.156s] -- Up-to-date symlink: /CrazySim/crazyswarm2_ws/install/crazyflie_interfaces/include/crazyflie_interfaces/crazyflie_interfaces/msg/detail/connection_statistics_array__struct.h
[1.156s] -- Up-to-date symlink: /CrazySim/crazyswarm2_ws/install/crazyflie_interfaces/include/crazyflie_interfaces/crazyflie_interfaces/msg/detail/connection_statistics_array__type_support.h
[1.156s] -- Up-to-date symlink: /CrazySim/crazyswarm2_ws/install/crazyflie_interfaces/include/crazyflie_interfaces/crazyflie_interfaces/msg/detail/full_state__functions.h
[1.156s] -- Up-to-date symlink: /CrazySim/crazyswarm2_ws/install/crazyflie_interfaces/include/crazyflie_interfaces/crazyflie_interfaces/msg/detail/full_state__struct.h
[1.156s] -- Up-to-date symlink: /CrazySim/crazyswarm2_ws/install/crazyflie_interfaces/include/crazyflie_interfaces/crazyflie_interfaces/msg/detail/full_state__type_support.h
[1.156s] -- Up-to-date symlink: /CrazySim/crazyswarm2_ws/install/crazyflie_interfaces/include/crazyflie_interfaces/crazyflie_interfaces/msg/detail/hover__functions.h
[1.156s] -- Up-to-date symlink: /CrazySim/crazyswarm2_ws/install/crazyflie_interfaces/include/crazyflie_interfaces/crazyflie_interfaces/msg/detail/hover__struct.h
[1.156s] -- Up-to-date symlink: /CrazySim/crazyswarm2_ws/install/crazyflie_interfaces/include/crazyflie_interfaces/crazyflie_interfaces/msg/detail/hover__type_support.h
[1.156s] -- Up-to-date symlink: /CrazySim/crazyswarm2_ws/install/crazyflie_interfaces/include/crazyflie_interfaces/crazyflie_interfaces/msg/detail/log_block__functions.h
[1.156s] -- Up-to-date symlink: /CrazySim/crazyswarm2_ws/install/crazyflie_interfaces/include/crazyflie_interfaces/crazyflie_interfaces/msg/detail/log_block__struct.h
[1.156s] -- Up-to-date symlink: /CrazySim/crazyswarm2_ws/install/crazyflie_interfaces/include/crazyflie_interfaces/crazyflie_interfaces/msg/detail/log_block__type_support.h
[1.156s] -- Up-to-date symlink: /CrazySim/crazyswarm2_ws/install/crazyflie_interfaces/include/crazyflie_interfaces/crazyflie_interfaces/msg/detail/log_data_generic__functions.h
[1.156s] -- Up-to-date symlink: /CrazySim/crazyswarm2_ws/install/crazyflie_interfaces/include/crazyflie_interfaces/crazyflie_interfaces/msg/detail/log_data_generic__struct.h
[1.157s] -- Up-to-date symlink: /CrazySim/crazyswarm2_ws/install/crazyflie_interfaces/include/crazyflie_interfaces/crazyflie_interfaces/msg/detail/log_data_generic__type_support.h
[1.157s] -- Up-to-date symlink: /CrazySim/crazyswarm2_ws/install/crazyflie_interfaces/include/crazyflie_interfaces/crazyflie_interfaces/msg/detail/position__functions.h
[1.157s] -- Up-to-date symlink: /CrazySim/crazyswarm2_ws/install/crazyflie_interfaces/include/crazyflie_interfaces/crazyflie_interfaces/msg/detail/position__struct.h
[1.157s] -- Up-to-date symlink: /CrazySim/crazyswarm2_ws/install/crazyflie_interfaces/include/crazyflie_interfaces/crazyflie_interfaces/msg/detail/position__type_support.h
[1.157s] -- Up-to-date symlink: /CrazySim/crazyswarm2_ws/install/crazyflie_interfaces/include/crazyflie_interfaces/crazyflie_interfaces/msg/detail/status__functions.h
[1.157s] -- Up-to-date symlink: /CrazySim/crazyswarm2_ws/install/crazyflie_interfaces/include/crazyflie_interfaces/crazyflie_interfaces/msg/detail/status__struct.h
[1.157s] -- Up-to-date symlink: /CrazySim/crazyswarm2_ws/install/crazyflie_interfaces/include/crazyflie_interfaces/crazyflie_interfaces/msg/detail/status__type_support.h
[1.157s] -- Up-to-date symlink: /CrazySim/crazyswarm2_ws/install/crazyflie_interfaces/include/crazyflie_interfaces/crazyflie_interfaces/msg/detail/trajectory_polynomial_piece__functions.h
[1.157s] -- Up-to-date symlink: /CrazySim/crazyswarm2_ws/install/crazyflie_interfaces/include/crazyflie_interfaces/crazyflie_interfaces/msg/detail/trajectory_polynomial_piece__struct.h
[1.157s] -- Up-to-date symlink: /CrazySim/crazyswarm2_ws/install/crazyflie_interfaces/include/crazyflie_interfaces/crazyflie_interfaces/msg/detail/trajectory_polynomial_piece__type_support.h
[1.158s] -- Up-to-date symlink: /CrazySim/crazyswarm2_ws/install/crazyflie_interfaces/include/crazyflie_interfaces/crazyflie_interfaces/msg/detail/velocity_world__functions.h
[1.158s] -- Up-to-date symlink: /CrazySim/crazyswarm2_ws/install/crazyflie_interfaces/include/crazyflie_interfaces/crazyflie_interfaces/msg/detail/velocity_world__struct.h
[1.159s] -- Up-to-date symlink: /CrazySim/crazyswarm2_ws/install/crazyflie_interfaces/include/crazyflie_interfaces/crazyflie_interfaces/msg/detail/velocity_world__type_support.h
[1.159s] -- Up-to-date symlink: /CrazySim/crazyswarm2_ws/install/crazyflie_interfaces/include/crazyflie_interfaces/crazyflie_interfaces/msg/full_state.h
[1.160s] -- Up-to-date symlink: /CrazySim/crazyswarm2_ws/install/crazyflie_interfaces/include/crazyflie_interfaces/crazyflie_interfaces/msg/hover.h
[1.160s] -- Up-to-date symlink: /CrazySim/crazyswarm2_ws/install/crazyflie_interfaces/include/crazyflie_interfaces/crazyflie_interfaces/msg/log_block.h
[1.160s] -- Up-to-date symlink: /CrazySim/crazyswarm2_ws/install/crazyflie_interfaces/include/crazyflie_interfaces/crazyflie_interfaces/msg/log_data_generic.h
[1.160s] -- Up-to-date symlink: /CrazySim/crazyswarm2_ws/install/crazyflie_interfaces/include/crazyflie_interfaces/crazyflie_interfaces/msg/position.h
[1.160s] -- Up-to-date symlink: /CrazySim/crazyswarm2_ws/install/crazyflie_interfaces/include/crazyflie_interfaces/crazyflie_interfaces/msg/rosidl_generator_c__visibility_control.h
[1.160s] -- Up-to-date symlink: /CrazySim/crazyswarm2_ws/install/crazyflie_interfaces/include/crazyflie_interfaces/crazyflie_interfaces/msg/status.h
[1.160s] -- Up-to-date symlink: /CrazySim/crazyswarm2_ws/install/crazyflie_interfaces/include/crazyflie_interfaces/crazyflie_interfaces/msg/trajectory_polynomial_piece.h
[1.161s] -- Up-to-date symlink: /CrazySim/crazyswarm2_ws/install/crazyflie_interfaces/include/crazyflie_interfaces/crazyflie_interfaces/msg/velocity_world.h
[1.161s] -- Up-to-date symlink: /CrazySim/crazyswarm2_ws/install/crazyflie_interfaces/include/crazyflie_interfaces/crazyflie_interfaces/srv/add_logging.h
[1.161s] -- Up-to-date symlink: /CrazySim/crazyswarm2_ws/install/crazyflie_interfaces/include/crazyflie_interfaces/crazyflie_interfaces/srv/arm.h
[1.162s] -- Up-to-date symlink: /CrazySim/crazyswarm2_ws/install/crazyflie_interfaces/include/crazyflie_interfaces/crazyflie_interfaces/srv/detail/add_logging__functions.h
[1.163s] -- Up-to-date symlink: /CrazySim/crazyswarm2_ws/install/crazyflie_interfaces/include/crazyflie_interfaces/crazyflie_interfaces/srv/detail/add_logging__struct.h
[1.164s] -- Up-to-date symlink: /CrazySim/crazyswarm2_ws/install/crazyflie_interfaces/include/crazyflie_interfaces/crazyflie_interfaces/srv/detail/add_logging__type_support.h
[1.165s] -- Up-to-date symlink: /CrazySim/crazyswarm2_ws/install/crazyflie_interfaces/include/crazyflie_interfaces/crazyflie_interfaces/srv/detail/arm__functions.h
[1.166s] -- Up-to-date symlink: /CrazySim/crazyswarm2_ws/install/crazyflie_interfaces/include/crazyflie_interfaces/crazyflie_interfaces/srv/detail/arm__struct.h
[1.166s] -- Up-to-date symlink: /CrazySim/crazyswarm2_ws/install/crazyflie_interfaces/include/crazyflie_interfaces/crazyflie_interfaces/srv/detail/arm__type_support.h
[1.167s] -- Up-to-date symlink: /CrazySim/crazyswarm2_ws/install/crazyflie_interfaces/include/crazyflie_interfaces/crazyflie_interfaces/srv/detail/go_to__functions.h
[1.167s] -- Up-to-date symlink: /CrazySim/crazyswarm2_ws/install/crazyflie_interfaces/include/crazyflie_interfaces/crazyflie_interfaces/srv/detail/go_to__struct.h
[1.167s] -- Up-to-date symlink: /CrazySim/crazyswarm2_ws/install/crazyflie_interfaces/include/crazyflie_interfaces/crazyflie_interfaces/srv/detail/go_to__type_support.h
[1.168s] -- Up-to-date symlink: /CrazySim/crazyswarm2_ws/install/crazyflie_interfaces/include/crazyflie_interfaces/crazyflie_interfaces/srv/detail/land__functions.h
[1.168s] -- Up-to-date symlink: /CrazySim/crazyswarm2_ws/install/crazyflie_interfaces/include/crazyflie_interfaces/crazyflie_interfaces/srv/detail/land__struct.h
[1.168s] -- Up-to-date symlink: /CrazySim/crazyswarm2_ws/install/crazyflie_interfaces/include/crazyflie_interfaces/crazyflie_interfaces/srv/detail/land__type_support.h
[1.169s] -- Up-to-date symlink: /CrazySim/crazyswarm2_ws/install/crazyflie_interfaces/include/crazyflie_interfaces/crazyflie_interfaces/srv/detail/notify_setpoints_stop__functions.h
[1.169s] -- Up-to-date symlink: /CrazySim/crazyswarm2_ws/install/crazyflie_interfaces/include/crazyflie_interfaces/crazyflie_interfaces/srv/detail/notify_setpoints_stop__struct.h
[1.170s] -- Up-to-date symlink: /CrazySim/crazyswarm2_ws/install/crazyflie_interfaces/include/crazyflie_interfaces/crazyflie_interfaces/srv/detail/notify_setpoints_stop__type_support.h
[1.170s] -- Up-to-date symlink: /CrazySim/crazyswarm2_ws/install/crazyflie_interfaces/include/crazyflie_interfaces/crazyflie_interfaces/srv/detail/remove_logging__functions.h
[1.170s] -- Up-to-date symlink: /CrazySim/crazyswarm2_ws/install/crazyflie_interfaces/include/crazyflie_interfaces/crazyflie_interfaces/srv/detail/remove_logging__struct.h
[1.171s] -- Up-to-date symlink: /CrazySim/crazyswarm2_ws/install/crazyflie_interfaces/include/crazyflie_interfaces/crazyflie_interfaces/srv/detail/remove_logging__type_support.h
[1.171s] -- Up-to-date symlink: /CrazySim/crazyswarm2_ws/install/crazyflie_interfaces/include/crazyflie_interfaces/crazyflie_interfaces/srv/detail/set_group_mask__functions.h
[1.171s] -- Up-to-date symlink: /CrazySim/crazyswarm2_ws/install/crazyflie_interfaces/include/crazyflie_interfaces/crazyflie_interfaces/srv/detail/set_group_mask__struct.h
[1.172s] -- Up-to-date symlink: /CrazySim/crazyswarm2_ws/install/crazyflie_interfaces/include/crazyflie_interfaces/crazyflie_interfaces/srv/detail/set_group_mask__type_support.h
[1.172s] -- Up-to-date symlink: /CrazySim/crazyswarm2_ws/install/crazyflie_interfaces/include/crazyflie_interfaces/crazyflie_interfaces/srv/detail/start_trajectory__functions.h
[1.173s] -- Up-to-date symlink: /CrazySim/crazyswarm2_ws/install/crazyflie_interfaces/include/crazyflie_interfaces/crazyflie_interfaces/srv/detail/start_trajectory__struct.h
[1.173s] -- Up-to-date symlink: /CrazySim/crazyswarm2_ws/install/crazyflie_interfaces/include/crazyflie_interfaces/crazyflie_interfaces/srv/detail/start_trajectory__type_support.h
[1.173s] -- Up-to-date symlink: /CrazySim/crazyswarm2_ws/install/crazyflie_interfaces/include/crazyflie_interfaces/crazyflie_interfaces/srv/detail/stop__functions.h
[1.173s] -- Up-to-date symlink: /CrazySim/crazyswarm2_ws/install/crazyflie_interfaces/include/crazyflie_interfaces/crazyflie_interfaces/srv/detail/stop__struct.h
[1.174s] -- Up-to-date symlink: /CrazySim/crazyswarm2_ws/install/crazyflie_interfaces/include/crazyflie_interfaces/crazyflie_interfaces/srv/detail/stop__type_support.h
[1.174s] -- Up-to-date symlink: /CrazySim/crazyswarm2_ws/install/crazyflie_interfaces/include/crazyflie_interfaces/crazyflie_interfaces/srv/detail/takeoff__functions.h
[1.174s] -- Up-to-date symlink: /CrazySim/crazyswarm2_ws/install/crazyflie_interfaces/include/crazyflie_interfaces/crazyflie_interfaces/srv/detail/takeoff__struct.h
[1.174s] -- Up-to-date symlink: /CrazySim/crazyswarm2_ws/install/crazyflie_interfaces/include/crazyflie_interfaces/crazyflie_interfaces/srv/detail/takeoff__type_support.h
[1.175s] -- Up-to-date symlink: /CrazySim/crazyswarm2_ws/install/crazyflie_interfaces/include/crazyflie_interfaces/crazyflie_interfaces/srv/detail/update_params__functions.h
[1.175s] -- Up-to-date symlink: /CrazySim/crazyswarm2_ws/install/crazyflie_interfaces/include/crazyflie_interfaces/crazyflie_interfaces/srv/detail/update_params__struct.h
[1.175s] -- Up-to-date symlink: /CrazySim/crazyswarm2_ws/install/crazyflie_interfaces/include/crazyflie_interfaces/crazyflie_interfaces/srv/detail/update_params__type_support.h
[1.175s] -- Up-to-date symlink: /CrazySim/crazyswarm2_ws/install/crazyflie_interfaces/include/crazyflie_interfaces/crazyflie_interfaces/srv/detail/upload_trajectory__functions.h
[1.175s] -- Up-to-date symlink: /CrazySim/crazyswarm2_ws/install/crazyflie_interfaces/include/crazyflie_interfaces/crazyflie_interfaces/srv/detail/upload_trajectory__struct.h
[1.176s] -- Up-to-date symlink: /CrazySim/crazyswarm2_ws/install/crazyflie_interfaces/include/crazyflie_interfaces/crazyflie_interfaces/srv/detail/upload_trajectory__type_support.h
[1.176s] -- Up-to-date symlink: /CrazySim/crazyswarm2_ws/install/crazyflie_interfaces/include/crazyflie_interfaces/crazyflie_interfaces/srv/go_to.h
[1.176s] -- Up-to-date symlink: /CrazySim/crazyswarm2_ws/install/crazyflie_interfaces/include/crazyflie_interfaces/crazyflie_interfaces/srv/land.h
[1.176s] -- Up-to-date symlink: /CrazySim/crazyswarm2_ws/install/crazyflie_interfaces/include/crazyflie_interfaces/crazyflie_interfaces/srv/notify_setpoints_stop.h
[1.176s] -- Up-to-date symlink: /CrazySim/crazyswarm2_ws/install/crazyflie_interfaces/include/crazyflie_interfaces/crazyflie_interfaces/srv/remove_logging.h
[1.176s] -- Up-to-date symlink: /CrazySim/crazyswarm2_ws/install/crazyflie_interfaces/include/crazyflie_interfaces/crazyflie_interfaces/srv/set_group_mask.h
[1.176s] -- Up-to-date symlink: /CrazySim/crazyswarm2_ws/install/crazyflie_interfaces/include/crazyflie_interfaces/crazyflie_interfaces/srv/start_trajectory.h
[1.177s] -- Up-to-date symlink: /CrazySim/crazyswarm2_ws/install/crazyflie_interfaces/include/crazyflie_interfaces/crazyflie_interfaces/srv/stop.h
[1.177s] -- Up-to-date symlink: /CrazySim/crazyswarm2_ws/install/crazyflie_interfaces/include/crazyflie_interfaces/crazyflie_interfaces/srv/takeoff.h
[1.177s] -- Up-to-date symlink: /CrazySim/crazyswarm2_ws/install/crazyflie_interfaces/include/crazyflie_interfaces/crazyflie_interfaces/srv/update_params.h
[1.177s] -- Up-to-date symlink: /CrazySim/crazyswarm2_ws/install/crazyflie_interfaces/include/crazyflie_interfaces/crazyflie_interfaces/srv/upload_trajectory.h
[1.177s] -- Up-to-date symlink: /CrazySim/crazyswarm2_ws/install/crazyflie_interfaces/share/crazyflie_interfaces/environment/library_path.sh
[1.177s] -- Up-to-date symlink: /CrazySim/crazyswarm2_ws/install/crazyflie_interfaces/share/crazyflie_interfaces/environment/library_path.dsv
[1.177s] -- Up-to-date symlink: /CrazySim/crazyswarm2_ws/install/crazyflie_interfaces/include/crazyflie_interfaces/crazyflie_interfaces/msg/detail/attitude_setpoint__rosidl_typesupport_fastrtps_c.h
[1.178s] -- Up-to-date symlink: /CrazySim/crazyswarm2_ws/install/crazyflie_interfaces/include/crazyflie_interfaces/crazyflie_interfaces/msg/detail/connection_statistics__rosidl_typesupport_fastrtps_c.h
[1.178s] -- Up-to-date symlink: /CrazySim/crazyswarm2_ws/install/crazyflie_interfaces/include/crazyflie_interfaces/crazyflie_interfaces/msg/detail/connection_statistics_array__rosidl_typesupport_fastrtps_c.h
[1.178s] -- Up-to-date symlink: /CrazySim/crazyswarm2_ws/install/crazyflie_interfaces/include/crazyflie_interfaces/crazyflie_interfaces/msg/detail/full_state__rosidl_typesupport_fastrtps_c.h
[1.178s] -- Up-to-date symlink: /CrazySim/crazyswarm2_ws/install/crazyflie_interfaces/include/crazyflie_interfaces/crazyflie_interfaces/msg/detail/hover__rosidl_typesupport_fastrtps_c.h
[1.178s] -- Up-to-date symlink: /CrazySim/crazyswarm2_ws/install/crazyflie_interfaces/include/crazyflie_interfaces/crazyflie_interfaces/msg/detail/log_block__rosidl_typesupport_fastrtps_c.h
[1.178s] -- Up-to-date symlink: /CrazySim/crazyswarm2_ws/install/crazyflie_interfaces/include/crazyflie_interfaces/crazyflie_interfaces/msg/detail/log_data_generic__rosidl_typesupport_fastrtps_c.h
[1.179s] -- Up-to-date symlink: /CrazySim/crazyswarm2_ws/install/crazyflie_interfaces/include/crazyflie_interfaces/crazyflie_interfaces/msg/detail/position__rosidl_typesupport_fastrtps_c.h
[1.179s] -- Up-to-date symlink: /CrazySim/crazyswarm2_ws/install/crazyflie_interfaces/include/crazyflie_interfaces/crazyflie_interfaces/msg/detail/status__rosidl_typesupport_fastrtps_c.h
[1.179s] -- Up-to-date symlink: /CrazySim/crazyswarm2_ws/install/crazyflie_interfaces/include/crazyflie_interfaces/crazyflie_interfaces/msg/detail/trajectory_polynomial_piece__rosidl_typesupport_fastrtps_c.h
[1.179s] -- Up-to-date symlink: /CrazySim/crazyswarm2_ws/install/crazyflie_interfaces/include/crazyflie_interfaces/crazyflie_interfaces/msg/detail/velocity_world__rosidl_typesupport_fastrtps_c.h
[1.179s] -- Up-to-date symlink: /CrazySim/crazyswarm2_ws/install/crazyflie_interfaces/include/crazyflie_interfaces/crazyflie_interfaces/msg/rosidl_typesupport_fastrtps_c__visibility_control.h
[1.179s] -- Up-to-date symlink: /CrazySim/crazyswarm2_ws/install/crazyflie_interfaces/include/crazyflie_interfaces/crazyflie_interfaces/srv/detail/add_logging__rosidl_typesupport_fastrtps_c.h
[1.179s] -- Up-to-date symlink: /CrazySim/crazyswarm2_ws/install/crazyflie_interfaces/include/crazyflie_interfaces/crazyflie_interfaces/srv/detail/arm__rosidl_typesupport_fastrtps_c.h
[1.180s] -- Up-to-date symlink: /CrazySim/crazyswarm2_ws/install/crazyflie_interfaces/include/crazyflie_interfaces/crazyflie_interfaces/srv/detail/go_to__rosidl_typesupport_fastrtps_c.h
[1.180s] -- Up-to-date symlink: /CrazySim/crazyswarm2_ws/install/crazyflie_interfaces/include/crazyflie_interfaces/crazyflie_interfaces/srv/detail/land__rosidl_typesupport_fastrtps_c.h
[1.180s] -- Up-to-date symlink: /CrazySim/crazyswarm2_ws/install/crazyflie_interfaces/include/crazyflie_interfaces/crazyflie_interfaces/srv/detail/notify_setpoints_stop__rosidl_typesupport_fastrtps_c.h
[1.180s] -- Up-to-date symlink: /CrazySim/crazyswarm2_ws/install/crazyflie_interfaces/include/crazyflie_interfaces/crazyflie_interfaces/srv/detail/remove_logging__rosidl_typesupport_fastrtps_c.h
[1.180s] -- Up-to-date symlink: /CrazySim/crazyswarm2_ws/install/crazyflie_interfaces/include/crazyflie_interfaces/crazyflie_interfaces/srv/detail/set_group_mask__rosidl_typesupport_fastrtps_c.h
[1.180s] -- Up-to-date symlink: /CrazySim/crazyswarm2_ws/install/crazyflie_interfaces/include/crazyflie_interfaces/crazyflie_interfaces/srv/detail/start_trajectory__rosidl_typesupport_fastrtps_c.h
[1.180s] -- Up-to-date symlink: /CrazySim/crazyswarm2_ws/install/crazyflie_interfaces/include/crazyflie_interfaces/crazyflie_interfaces/srv/detail/stop__rosidl_typesupport_fastrtps_c.h
[1.180s] -- Up-to-date symlink: /CrazySim/crazyswarm2_ws/install/crazyflie_interfaces/include/crazyflie_interfaces/crazyflie_interfaces/srv/detail/takeoff__rosidl_typesupport_fastrtps_c.h
[1.180s] -- Up-to-date symlink: /CrazySim/crazyswarm2_ws/install/crazyflie_interfaces/include/crazyflie_interfaces/crazyflie_interfaces/srv/detail/update_params__rosidl_typesupport_fastrtps_c.h
[1.180s] -- Up-to-date symlink: /CrazySim/crazyswarm2_ws/install/crazyflie_interfaces/include/crazyflie_interfaces/crazyflie_interfaces/srv/detail/upload_trajectory__rosidl_typesupport_fastrtps_c.h
[1.180s] -- Up-to-date symlink: /CrazySim/crazyswarm2_ws/install/crazyflie_interfaces/include/crazyflie_interfaces/crazyflie_interfaces/msg/attitude_setpoint.hpp
[1.180s] -- Up-to-date symlink: /CrazySim/crazyswarm2_ws/install/crazyflie_interfaces/include/crazyflie_interfaces/crazyflie_interfaces/msg/connection_statistics.hpp
[1.181s] -- Up-to-date symlink: /CrazySim/crazyswarm2_ws/install/crazyflie_interfaces/include/crazyflie_interfaces/crazyflie_interfaces/msg/connection_statistics_array.hpp
[1.181s] -- Up-to-date symlink: /CrazySim/crazyswarm2_ws/install/crazyflie_interfaces/include/crazyflie_interfaces/crazyflie_interfaces/msg/detail/attitude_setpoint__builder.hpp
[1.181s] -- Up-to-date symlink: /CrazySim/crazyswarm2_ws/install/crazyflie_interfaces/include/crazyflie_interfaces/crazyflie_interfaces/msg/detail/attitude_setpoint__struct.hpp
[1.181s] -- Up-to-date symlink: /CrazySim/crazyswarm2_ws/install/crazyflie_interfaces/include/crazyflie_interfaces/crazyflie_interfaces/msg/detail/attitude_setpoint__traits.hpp
[1.181s] -- Up-to-date symlink: /CrazySim/crazyswarm2_ws/install/crazyflie_interfaces/include/crazyflie_interfaces/crazyflie_interfaces/msg/detail/attitude_setpoint__type_support.hpp
[1.181s] -- Up-to-date symlink: /CrazySim/crazyswarm2_ws/install/crazyflie_interfaces/include/crazyflie_interfaces/crazyflie_interfaces/msg/detail/connection_statistics__builder.hpp
[1.181s] -- Up-to-date symlink: /CrazySim/crazyswarm2_ws/install/crazyflie_interfaces/include/crazyflie_interfaces/crazyflie_interfaces/msg/detail/connection_statistics__struct.hpp
[1.181s] -- Up-to-date symlink: /CrazySim/crazyswarm2_ws/install/crazyflie_interfaces/include/crazyflie_interfaces/crazyflie_interfaces/msg/detail/connection_statistics__traits.hpp
[1.181s] -- Up-to-date symlink: /CrazySim/crazyswarm2_ws/install/crazyflie_interfaces/include/crazyflie_interfaces/crazyflie_interfaces/msg/detail/connection_statistics__type_support.hpp
[1.181s] -- Up-to-date symlink: /CrazySim/crazyswarm2_ws/install/crazyflie_interfaces/include/crazyflie_interfaces/crazyflie_interfaces/msg/detail/connection_statistics_array__builder.hpp
[1.182s] -- Up-to-date symlink: /CrazySim/crazyswarm2_ws/install/crazyflie_interfaces/include/crazyflie_interfaces/crazyflie_interfaces/msg/detail/connection_statistics_array__struct.hpp
[1.183s] -- Up-to-date symlink: /CrazySim/crazyswarm2_ws/install/crazyflie_interfaces/include/crazyflie_interfaces/crazyflie_interfaces/msg/detail/connection_statistics_array__traits.hpp
[1.183s] -- Up-to-date symlink: /CrazySim/crazyswarm2_ws/install/crazyflie_interfaces/include/crazyflie_interfaces/crazyflie_interfaces/msg/detail/connection_statistics_array__type_support.hpp
[1.183s] -- Up-to-date symlink: /CrazySim/crazyswarm2_ws/install/crazyflie_interfaces/include/crazyflie_interfaces/crazyflie_interfaces/msg/detail/full_state__builder.hpp
[1.183s] -- Up-to-date symlink: /CrazySim/crazyswarm2_ws/install/crazyflie_interfaces/include/crazyflie_interfaces/crazyflie_interfaces/msg/detail/full_state__struct.hpp
[1.184s] -- Up-to-date symlink: /CrazySim/crazyswarm2_ws/install/crazyflie_interfaces/include/crazyflie_interfaces/crazyflie_interfaces/msg/detail/full_state__traits.hpp
[1.185s] -- Up-to-date symlink: /CrazySim/crazyswarm2_ws/install/crazyflie_interfaces/include/crazyflie_interfaces/crazyflie_interfaces/msg/detail/full_state__type_support.hpp
[1.185s] -- Up-to-date symlink: /CrazySim/crazyswarm2_ws/install/crazyflie_interfaces/include/crazyflie_interfaces/crazyflie_interfaces/msg/detail/hover__builder.hpp
[1.186s] -- Up-to-date symlink: /CrazySim/crazyswarm2_ws/install/crazyflie_interfaces/include/crazyflie_interfaces/crazyflie_interfaces/msg/detail/hover__struct.hpp
[1.186s] -- Up-to-date symlink: /CrazySim/crazyswarm2_ws/install/crazyflie_interfaces/include/crazyflie_interfaces/crazyflie_interfaces/msg/detail/hover__traits.hpp
[1.186s] -- Up-to-date symlink: /CrazySim/crazyswarm2_ws/install/crazyflie_interfaces/include/crazyflie_interfaces/crazyflie_interfaces/msg/detail/hover__type_support.hpp
[1.186s] -- Up-to-date symlink: /CrazySim/crazyswarm2_ws/install/crazyflie_interfaces/include/crazyflie_interfaces/crazyflie_interfaces/msg/detail/log_block__builder.hpp
[1.187s] -- Up-to-date symlink: /CrazySim/crazyswarm2_ws/install/crazyflie_interfaces/include/crazyflie_interfaces/crazyflie_interfaces/msg/detail/log_block__struct.hpp
[1.187s] -- Up-to-date symlink: /CrazySim/crazyswarm2_ws/install/crazyflie_interfaces/include/crazyflie_interfaces/crazyflie_interfaces/msg/detail/log_block__traits.hpp
[1.187s] -- Up-to-date symlink: /CrazySim/crazyswarm2_ws/install/crazyflie_interfaces/include/crazyflie_interfaces/crazyflie_interfaces/msg/detail/log_block__type_support.hpp
[1.187s] -- Up-to-date symlink: /CrazySim/crazyswarm2_ws/install/crazyflie_interfaces/include/crazyflie_interfaces/crazyflie_interfaces/msg/detail/log_data_generic__builder.hpp
[1.187s] -- Up-to-date symlink: /CrazySim/crazyswarm2_ws/install/crazyflie_interfaces/include/crazyflie_interfaces/crazyflie_interfaces/msg/detail/log_data_generic__struct.hpp
[1.188s] -- Up-to-date symlink: /CrazySim/crazyswarm2_ws/install/crazyflie_interfaces/include/crazyflie_interfaces/crazyflie_interfaces/msg/detail/log_data_generic__traits.hpp
[1.189s] -- Up-to-date symlink: /CrazySim/crazyswarm2_ws/install/crazyflie_interfaces/include/crazyflie_interfaces/crazyflie_interfaces/msg/detail/log_data_generic__type_support.hpp
[1.190s] -- Up-to-date symlink: /CrazySim/crazyswarm2_ws/install/crazyflie_interfaces/include/crazyflie_interfaces/crazyflie_interfaces/msg/detail/position__builder.hpp
[1.191s] -- Up-to-date symlink: /CrazySim/crazyswarm2_ws/install/crazyflie_interfaces/include/crazyflie_interfaces/crazyflie_interfaces/msg/detail/position__struct.hpp
[1.192s] -- Up-to-date symlink: /CrazySim/crazyswarm2_ws/install/crazyflie_interfaces/include/crazyflie_interfaces/crazyflie_interfaces/msg/detail/position__traits.hpp
[1.192s] -- Up-to-date symlink: /CrazySim/crazyswarm2_ws/install/crazyflie_interfaces/include/crazyflie_interfaces/crazyflie_interfaces/msg/detail/position__type_support.hpp
[1.192s] -- Up-to-date symlink: /CrazySim/crazyswarm2_ws/install/crazyflie_interfaces/include/crazyflie_interfaces/crazyflie_interfaces/msg/detail/status__builder.hpp
[1.192s] -- Up-to-date symlink: /CrazySim/crazyswarm2_ws/install/crazyflie_interfaces/include/crazyflie_interfaces/crazyflie_interfaces/msg/detail/status__struct.hpp
[1.192s] -- Up-to-date symlink: /CrazySim/crazyswarm2_ws/install/crazyflie_interfaces/include/crazyflie_interfaces/crazyflie_interfaces/msg/detail/status__traits.hpp
[1.193s] -- Up-to-date symlink: /CrazySim/crazyswarm2_ws/install/crazyflie_interfaces/include/crazyflie_interfaces/crazyflie_interfaces/msg/detail/status__type_support.hpp
[1.194s] -- Up-to-date symlink: /CrazySim/crazyswarm2_ws/install/crazyflie_interfaces/include/crazyflie_interfaces/crazyflie_interfaces/msg/detail/trajectory_polynomial_piece__builder.hpp
[1.195s] -- Up-to-date symlink: /CrazySim/crazyswarm2_ws/install/crazyflie_interfaces/include/crazyflie_interfaces/crazyflie_interfaces/msg/detail/trajectory_polynomial_piece__struct.hpp
[1.195s] -- Up-to-date symlink: /CrazySim/crazyswarm2_ws/install/crazyflie_interfaces/include/crazyflie_interfaces/crazyflie_interfaces/msg/detail/trajectory_polynomial_piece__traits.hpp
[1.196s] -- Up-to-date symlink: /CrazySim/crazyswarm2_ws/install/crazyflie_interfaces/include/crazyflie_interfaces/crazyflie_interfaces/msg/detail/trajectory_polynomial_piece__type_support.hpp
[1.197s] -- Up-to-date symlink: /CrazySim/crazyswarm2_ws/install/crazyflie_interfaces/include/crazyflie_interfaces/crazyflie_interfaces/msg/detail/velocity_world__builder.hpp
[1.197s] -- Up-to-date symlink: /CrazySim/crazyswarm2_ws/install/crazyflie_interfaces/include/crazyflie_interfaces/crazyflie_interfaces/msg/detail/velocity_world__struct.hpp
[1.198s] -- Up-to-date symlink: /CrazySim/crazyswarm2_ws/install/crazyflie_interfaces/include/crazyflie_interfaces/crazyflie_interfaces/msg/detail/velocity_world__traits.hpp
[1.198s] -- Up-to-date symlink: /CrazySim/crazyswarm2_ws/install/crazyflie_interfaces/include/crazyflie_interfaces/crazyflie_interfaces/msg/detail/velocity_world__type_support.hpp
[1.199s] -- Up-to-date symlink: /CrazySim/crazyswarm2_ws/install/crazyflie_interfaces/include/crazyflie_interfaces/crazyflie_interfaces/msg/full_state.hpp
[1.199s] -- Up-to-date symlink: /CrazySim/crazyswarm2_ws/install/crazyflie_interfaces/include/crazyflie_interfaces/crazyflie_interfaces/msg/hover.hpp
[1.200s] -- Up-to-date symlink: /CrazySim/crazyswarm2_ws/install/crazyflie_interfaces/include/crazyflie_interfaces/crazyflie_interfaces/msg/log_block.hpp
[1.201s] -- Up-to-date symlink: /CrazySim/crazyswarm2_ws/install/crazyflie_interfaces/include/crazyflie_interfaces/crazyflie_interfaces/msg/log_data_generic.hpp
[1.202s] -- Up-to-date symlink: /CrazySim/crazyswarm2_ws/install/crazyflie_interfaces/include/crazyflie_interfaces/crazyflie_interfaces/msg/position.hpp
[1.202s] -- Up-to-date symlink: /CrazySim/crazyswarm2_ws/install/crazyflie_interfaces/include/crazyflie_interfaces/crazyflie_interfaces/msg/rosidl_generator_cpp__visibility_control.hpp
[1.202s] -- Up-to-date symlink: /CrazySim/crazyswarm2_ws/install/crazyflie_interfaces/include/crazyflie_interfaces/crazyflie_interfaces/msg/status.hpp
[1.202s] -- Up-to-date symlink: /CrazySim/crazyswarm2_ws/install/crazyflie_interfaces/include/crazyflie_interfaces/crazyflie_interfaces/msg/trajectory_polynomial_piece.hpp
[1.202s] -- Up-to-date symlink: /CrazySim/crazyswarm2_ws/install/crazyflie_interfaces/include/crazyflie_interfaces/crazyflie_interfaces/msg/velocity_world.hpp
[1.202s] -- Up-to-date symlink: /CrazySim/crazyswarm2_ws/install/crazyflie_interfaces/include/crazyflie_interfaces/crazyflie_interfaces/srv/add_logging.hpp
[1.202s] -- Up-to-date symlink: /CrazySim/crazyswarm2_ws/install/crazyflie_interfaces/include/crazyflie_interfaces/crazyflie_interfaces/srv/arm.hpp
[1.203s] -- Up-to-date symlink: /CrazySim/crazyswarm2_ws/install/crazyflie_interfaces/include/crazyflie_interfaces/crazyflie_interfaces/srv/detail/add_logging__builder.hpp
[1.203s] -- Up-to-date symlink: /CrazySim/crazyswarm2_ws/install/crazyflie_interfaces/include/crazyflie_interfaces/crazyflie_interfaces/srv/detail/add_logging__struct.hpp
[1.203s] -- Up-to-date symlink: /CrazySim/crazyswarm2_ws/install/crazyflie_interfaces/include/crazyflie_interfaces/crazyflie_interfaces/srv/detail/add_logging__traits.hpp
[1.203s] -- Up-to-date symlink: /CrazySim/crazyswarm2_ws/install/crazyflie_interfaces/include/crazyflie_interfaces/crazyflie_interfaces/srv/detail/add_logging__type_support.hpp
[1.203s] -- Up-to-date symlink: /CrazySim/crazyswarm2_ws/install/crazyflie_interfaces/include/crazyflie_interfaces/crazyflie_interfaces/srv/detail/arm__builder.hpp
[1.203s] -- Up-to-date symlink: /CrazySim/crazyswarm2_ws/install/crazyflie_interfaces/include/crazyflie_interfaces/crazyflie_interfaces/srv/detail/arm__struct.hpp
[1.203s] -- Up-to-date symlink: /CrazySim/crazyswarm2_ws/install/crazyflie_interfaces/include/crazyflie_interfaces/crazyflie_interfaces/srv/detail/arm__traits.hpp
[1.203s] -- Up-to-date symlink: /CrazySim/crazyswarm2_ws/install/crazyflie_interfaces/include/crazyflie_interfaces/crazyflie_interfaces/srv/detail/arm__type_support.hpp
[1.204s] -- Up-to-date symlink: /CrazySim/crazyswarm2_ws/install/crazyflie_interfaces/include/crazyflie_interfaces/crazyflie_interfaces/srv/detail/go_to__builder.hpp
[1.204s] -- Up-to-date symlink: /CrazySim/crazyswarm2_ws/install/crazyflie_interfaces/include/crazyflie_interfaces/crazyflie_interfaces/srv/detail/go_to__struct.hpp
[1.204s] -- Up-to-date symlink: /CrazySim/crazyswarm2_ws/install/crazyflie_interfaces/include/crazyflie_interfaces/crazyflie_interfaces/srv/detail/go_to__traits.hpp
[1.204s] -- Up-to-date symlink: /CrazySim/crazyswarm2_ws/install/crazyflie_interfaces/include/crazyflie_interfaces/crazyflie_interfaces/srv/detail/go_to__type_support.hpp
[1.204s] -- Up-to-date symlink: /CrazySim/crazyswarm2_ws/install/crazyflie_interfaces/include/crazyflie_interfaces/crazyflie_interfaces/srv/detail/land__builder.hpp
[1.204s] -- Up-to-date symlink: /CrazySim/crazyswarm2_ws/install/crazyflie_interfaces/include/crazyflie_interfaces/crazyflie_interfaces/srv/detail/land__struct.hpp
[1.204s] -- Up-to-date symlink: /CrazySim/crazyswarm2_ws/install/crazyflie_interfaces/include/crazyflie_interfaces/crazyflie_interfaces/srv/detail/land__traits.hpp
[1.205s] -- Up-to-date symlink: /CrazySim/crazyswarm2_ws/install/crazyflie_interfaces/include/crazyflie_interfaces/crazyflie_interfaces/srv/detail/land__type_support.hpp
[1.205s] -- Up-to-date symlink: /CrazySim/crazyswarm2_ws/install/crazyflie_interfaces/include/crazyflie_interfaces/crazyflie_interfaces/srv/detail/notify_setpoints_stop__builder.hpp
[1.205s] -- Up-to-date symlink: /CrazySim/crazyswarm2_ws/install/crazyflie_interfaces/include/crazyflie_interfaces/crazyflie_interfaces/srv/detail/notify_setpoints_stop__struct.hpp
[1.205s] -- Up-to-date symlink: /CrazySim/crazyswarm2_ws/install/crazyflie_interfaces/include/crazyflie_interfaces/crazyflie_interfaces/srv/detail/notify_setpoints_stop__traits.hpp
[1.205s] -- Up-to-date symlink: /CrazySim/crazyswarm2_ws/install/crazyflie_interfaces/include/crazyflie_interfaces/crazyflie_interfaces/srv/detail/notify_setpoints_stop__type_support.hpp
[1.205s] -- Up-to-date symlink: /CrazySim/crazyswarm2_ws/install/crazyflie_interfaces/include/crazyflie_interfaces/crazyflie_interfaces/srv/detail/remove_logging__builder.hpp
[1.205s] -- Up-to-date symlink: /CrazySim/crazyswarm2_ws/install/crazyflie_interfaces/include/crazyflie_interfaces/crazyflie_interfaces/srv/detail/remove_logging__struct.hpp
[1.205s] -- Up-to-date symlink: /CrazySim/crazyswarm2_ws/install/crazyflie_interfaces/include/crazyflie_interfaces/crazyflie_interfaces/srv/detail/remove_logging__traits.hpp
[1.206s] -- Up-to-date symlink: /CrazySim/crazyswarm2_ws/install/crazyflie_interfaces/include/crazyflie_interfaces/crazyflie_interfaces/srv/detail/remove_logging__type_support.hpp
[1.206s] -- Up-to-date symlink: /CrazySim/crazyswarm2_ws/install/crazyflie_interfaces/include/crazyflie_interfaces/crazyflie_interfaces/srv/detail/set_group_mask__builder.hpp
[1.206s] -- Up-to-date symlink: /CrazySim/crazyswarm2_ws/install/crazyflie_interfaces/include/crazyflie_interfaces/crazyflie_interfaces/srv/detail/set_group_mask__struct.hpp
[1.206s] -- Up-to-date symlink: /CrazySim/crazyswarm2_ws/install/crazyflie_interfaces/include/crazyflie_interfaces/crazyflie_interfaces/srv/detail/set_group_mask__traits.hpp
[1.206s] -- Up-to-date symlink: /CrazySim/crazyswarm2_ws/install/crazyflie_interfaces/include/crazyflie_interfaces/crazyflie_interfaces/srv/detail/set_group_mask__type_support.hpp
[1.206s] -- Up-to-date symlink: /CrazySim/crazyswarm2_ws/install/crazyflie_interfaces/include/crazyflie_interfaces/crazyflie_interfaces/srv/detail/start_trajectory__builder.hpp
[1.206s] -- Up-to-date symlink: /CrazySim/crazyswarm2_ws/install/crazyflie_interfaces/include/crazyflie_interfaces/crazyflie_interfaces/srv/detail/start_trajectory__struct.hpp
[1.207s] -- Up-to-date symlink: /CrazySim/crazyswarm2_ws/install/crazyflie_interfaces/include/crazyflie_interfaces/crazyflie_interfaces/srv/detail/start_trajectory__traits.hpp
[1.207s] -- Up-to-date symlink: /CrazySim/crazyswarm2_ws/install/crazyflie_interfaces/include/crazyflie_interfaces/crazyflie_interfaces/srv/detail/start_trajectory__type_support.hpp
[1.207s] -- Up-to-date symlink: /CrazySim/crazyswarm2_ws/install/crazyflie_interfaces/include/crazyflie_interfaces/crazyflie_interfaces/srv/detail/stop__builder.hpp
[1.207s] -- Up-to-date symlink: /CrazySim/crazyswarm2_ws/install/crazyflie_interfaces/include/crazyflie_interfaces/crazyflie_interfaces/srv/detail/stop__struct.hpp
[1.207s] -- Up-to-date symlink: /CrazySim/crazyswarm2_ws/install/crazyflie_interfaces/include/crazyflie_interfaces/crazyflie_interfaces/srv/detail/stop__traits.hpp
[1.207s] -- Up-to-date symlink: /CrazySim/crazyswarm2_ws/install/crazyflie_interfaces/include/crazyflie_interfaces/crazyflie_interfaces/srv/detail/stop__type_support.hpp
[1.207s] -- Up-to-date symlink: /CrazySim/crazyswarm2_ws/install/crazyflie_interfaces/include/crazyflie_interfaces/crazyflie_interfaces/srv/detail/takeoff__builder.hpp
[1.208s] -- Up-to-date symlink: /CrazySim/crazyswarm2_ws/install/crazyflie_interfaces/include/crazyflie_interfaces/crazyflie_interfaces/srv/detail/takeoff__struct.hpp
[1.208s] -- Up-to-date symlink: /CrazySim/crazyswarm2_ws/install/crazyflie_interfaces/include/crazyflie_interfaces/crazyflie_interfaces/srv/detail/takeoff__traits.hpp
[1.208s] -- Up-to-date symlink: /CrazySim/crazyswarm2_ws/install/crazyflie_interfaces/include/crazyflie_interfaces/crazyflie_interfaces/srv/detail/takeoff__type_support.hpp
[1.208s] -- Up-to-date symlink: /CrazySim/crazyswarm2_ws/install/crazyflie_interfaces/include/crazyflie_interfaces/crazyflie_interfaces/srv/detail/update_params__builder.hpp
[1.208s] -- Up-to-date symlink: /CrazySim/crazyswarm2_ws/install/crazyflie_interfaces/include/crazyflie_interfaces/crazyflie_interfaces/srv/detail/update_params__struct.hpp
[1.208s] -- Up-to-date symlink: /CrazySim/crazyswarm2_ws/install/crazyflie_interfaces/include/crazyflie_interfaces/crazyflie_interfaces/srv/detail/update_params__traits.hpp
[1.208s] -- Up-to-date symlink: /CrazySim/crazyswarm2_ws/install/crazyflie_interfaces/include/crazyflie_interfaces/crazyflie_interfaces/srv/detail/update_params__type_support.hpp
[1.208s] -- Up-to-date symlink: /CrazySim/crazyswarm2_ws/install/crazyflie_interfaces/include/crazyflie_interfaces/crazyflie_interfaces/srv/detail/upload_trajectory__builder.hpp
[1.209s] -- Up-to-date symlink: /CrazySim/crazyswarm2_ws/install/crazyflie_interfaces/include/crazyflie_interfaces/crazyflie_interfaces/srv/detail/upload_trajectory__struct.hpp
[1.209s] -- Up-to-date symlink: /CrazySim/crazyswarm2_ws/install/crazyflie_interfaces/include/crazyflie_interfaces/crazyflie_interfaces/srv/detail/upload_trajectory__traits.hpp
[1.209s] -- Up-to-date symlink: /CrazySim/crazyswarm2_ws/install/crazyflie_interfaces/include/crazyflie_interfaces/crazyflie_interfaces/srv/detail/upload_trajectory__type_support.hpp
[1.209s] -- Up-to-date symlink: /CrazySim/crazyswarm2_ws/install/crazyflie_interfaces/include/crazyflie_interfaces/crazyflie_interfaces/srv/go_to.hpp
[1.209s] -- Up-to-date symlink: /CrazySim/crazyswarm2_ws/install/crazyflie_interfaces/include/crazyflie_interfaces/crazyflie_interfaces/srv/land.hpp
[1.209s] -- Up-to-date symlink: /CrazySim/crazyswarm2_ws/install/crazyflie_interfaces/include/crazyflie_interfaces/crazyflie_interfaces/srv/notify_setpoints_stop.hpp
[1.209s] -- Up-to-date symlink: /CrazySim/crazyswarm2_ws/install/crazyflie_interfaces/include/crazyflie_interfaces/crazyflie_interfaces/srv/remove_logging.hpp
[1.209s] -- Up-to-date symlink: /CrazySim/crazyswarm2_ws/install/crazyflie_interfaces/include/crazyflie_interfaces/crazyflie_interfaces/srv/set_group_mask.hpp
[1.210s] -- Up-to-date symlink: /CrazySim/crazyswarm2_ws/install/crazyflie_interfaces/include/crazyflie_interfaces/crazyflie_interfaces/srv/start_trajectory.hpp
[1.210s] -- Up-to-date symlink: /CrazySim/crazyswarm2_ws/install/crazyflie_interfaces/include/crazyflie_interfaces/crazyflie_interfaces/srv/stop.hpp
[1.210s] -- Up-to-date symlink: /CrazySim/crazyswarm2_ws/install/crazyflie_interfaces/include/crazyflie_interfaces/crazyflie_interfaces/srv/takeoff.hpp
[1.210s] -- Up-to-date symlink: /CrazySim/crazyswarm2_ws/install/crazyflie_interfaces/include/crazyflie_interfaces/crazyflie_interfaces/srv/update_params.hpp
[1.210s] -- Up-to-date symlink: /CrazySim/crazyswarm2_ws/install/crazyflie_interfaces/include/crazyflie_interfaces/crazyflie_interfaces/srv/upload_trajectory.hpp
[1.211s] -- Up-to-date symlink: /CrazySim/crazyswarm2_ws/install/crazyflie_interfaces/include/crazyflie_interfaces/crazyflie_interfaces/msg/detail/attitude_setpoint__rosidl_typesupport_fastrtps_cpp.hpp
[1.211s] -- Up-to-date symlink: /CrazySim/crazyswarm2_ws/install/crazyflie_interfaces/include/crazyflie_interfaces/crazyflie_interfaces/msg/detail/connection_statistics__rosidl_typesupport_fastrtps_cpp.hpp
[1.211s] -- Up-to-date symlink: /CrazySim/crazyswarm2_ws/install/crazyflie_interfaces/include/crazyflie_interfaces/crazyflie_interfaces/msg/detail/connection_statistics_array__rosidl_typesupport_fastrtps_cpp.hpp
[1.211s] -- Up-to-date symlink: /CrazySim/crazyswarm2_ws/install/crazyflie_interfaces/include/crazyflie_interfaces/crazyflie_interfaces/msg/detail/full_state__rosidl_typesupport_fastrtps_cpp.hpp
[1.212s] -- Up-to-date symlink: /CrazySim/crazyswarm2_ws/install/crazyflie_interfaces/include/crazyflie_interfaces/crazyflie_interfaces/msg/detail/hover__rosidl_typesupport_fastrtps_cpp.hpp
[1.212s] -- Up-to-date symlink: /CrazySim/crazyswarm2_ws/install/crazyflie_interfaces/include/crazyflie_interfaces/crazyflie_interfaces/msg/detail/log_block__rosidl_typesupport_fastrtps_cpp.hpp
[1.212s] -- Up-to-date symlink: /CrazySim/crazyswarm2_ws/install/crazyflie_interfaces/include/crazyflie_interfaces/crazyflie_interfaces/msg/detail/log_data_generic__rosidl_typesupport_fastrtps_cpp.hpp
[1.212s] -- Up-to-date symlink: /CrazySim/crazyswarm2_ws/install/crazyflie_interfaces/include/crazyflie_interfaces/crazyflie_interfaces/msg/detail/position__rosidl_typesupport_fastrtps_cpp.hpp
[1.212s] -- Up-to-date symlink: /CrazySim/crazyswarm2_ws/install/crazyflie_interfaces/include/crazyflie_interfaces/crazyflie_interfaces/msg/detail/status__rosidl_typesupport_fastrtps_cpp.hpp
[1.213s] -- Up-to-date symlink: /CrazySim/crazyswarm2_ws/install/crazyflie_interfaces/include/crazyflie_interfaces/crazyflie_interfaces/msg/detail/trajectory_polynomial_piece__rosidl_typesupport_fastrtps_cpp.hpp
[1.213s] -- Up-to-date symlink: /CrazySim/crazyswarm2_ws/install/crazyflie_interfaces/include/crazyflie_interfaces/crazyflie_interfaces/msg/detail/velocity_world__rosidl_typesupport_fastrtps_cpp.hpp
[1.213s] -- Up-to-date symlink: /CrazySim/crazyswarm2_ws/install/crazyflie_interfaces/include/crazyflie_interfaces/crazyflie_interfaces/msg/rosidl_typesupport_fastrtps_cpp__visibility_control.h
[1.213s] -- Up-to-date symlink: /CrazySim/crazyswarm2_ws/install/crazyflie_interfaces/include/crazyflie_interfaces/crazyflie_interfaces/srv/detail/add_logging__rosidl_typesupport_fastrtps_cpp.hpp
[1.213s] -- Up-to-date symlink: /CrazySim/crazyswarm2_ws/install/crazyflie_interfaces/include/crazyflie_interfaces/crazyflie_interfaces/srv/detail/arm__rosidl_typesupport_fastrtps_cpp.hpp
[1.213s] -- Up-to-date symlink: /CrazySim/crazyswarm2_ws/install/crazyflie_interfaces/include/crazyflie_interfaces/crazyflie_interfaces/srv/detail/go_to__rosidl_typesupport_fastrtps_cpp.hpp
[1.213s] -- Up-to-date symlink: /CrazySim/crazyswarm2_ws/install/crazyflie_interfaces/include/crazyflie_interfaces/crazyflie_interfaces/srv/detail/land__rosidl_typesupport_fastrtps_cpp.hpp
[1.214s] -- Up-to-date symlink: /CrazySim/crazyswarm2_ws/install/crazyflie_interfaces/include/crazyflie_interfaces/crazyflie_interfaces/srv/detail/notify_setpoints_stop__rosidl_typesupport_fastrtps_cpp.hpp
[1.214s] -- Up-to-date symlink: /CrazySim/crazyswarm2_ws/install/crazyflie_interfaces/include/crazyflie_interfaces/crazyflie_interfaces/srv/detail/remove_logging__rosidl_typesupport_fastrtps_cpp.hpp
[1.214s] -- Up-to-date symlink: /CrazySim/crazyswarm2_ws/install/crazyflie_interfaces/include/crazyflie_interfaces/crazyflie_interfaces/srv/detail/set_group_mask__rosidl_typesupport_fastrtps_cpp.hpp
[1.214s] -- Up-to-date symlink: /CrazySim/crazyswarm2_ws/install/crazyflie_interfaces/include/crazyflie_interfaces/crazyflie_interfaces/srv/detail/start_trajectory__rosidl_typesupport_fastrtps_cpp.hpp
[1.214s] -- Up-to-date symlink: /CrazySim/crazyswarm2_ws/install/crazyflie_interfaces/include/crazyflie_interfaces/crazyflie_interfaces/srv/detail/stop__rosidl_typesupport_fastrtps_cpp.hpp
[1.215s] -- Up-to-date symlink: /CrazySim/crazyswarm2_ws/install/crazyflie_interfaces/include/crazyflie_interfaces/crazyflie_interfaces/srv/detail/takeoff__rosidl_typesupport_fastrtps_cpp.hpp
[1.215s] -- Up-to-date symlink: /CrazySim/crazyswarm2_ws/install/crazyflie_interfaces/include/crazyflie_interfaces/crazyflie_interfaces/srv/detail/update_params__rosidl_typesupport_fastrtps_cpp.hpp
[1.215s] -- Up-to-date symlink: /CrazySim/crazyswarm2_ws/install/crazyflie_interfaces/include/crazyflie_interfaces/crazyflie_interfaces/srv/detail/upload_trajectory__rosidl_typesupport_fastrtps_cpp.hpp
[1.215s] -- Up-to-date symlink: /CrazySim/crazyswarm2_ws/install/crazyflie_interfaces/include/crazyflie_interfaces/crazyflie_interfaces/msg/detail/attitude_setpoint__rosidl_typesupport_introspection_c.h
[1.215s] -- Up-to-date symlink: /CrazySim/crazyswarm2_ws/install/crazyflie_interfaces/include/crazyflie_interfaces/crazyflie_interfaces/msg/detail/connection_statistics__rosidl_typesupport_introspection_c.h
[1.215s] -- Up-to-date symlink: /CrazySim/crazyswarm2_ws/install/crazyflie_interfaces/include/crazyflie_interfaces/crazyflie_interfaces/msg/detail/connection_statistics_array__rosidl_typesupport_introspection_c.h
[1.216s] -- Up-to-date symlink: /CrazySim/crazyswarm2_ws/install/crazyflie_interfaces/include/crazyflie_interfaces/crazyflie_interfaces/msg/detail/full_state__rosidl_typesupport_introspection_c.h
[1.216s] -- Up-to-date symlink: /CrazySim/crazyswarm2_ws/install/crazyflie_interfaces/include/crazyflie_interfaces/crazyflie_interfaces/msg/detail/hover__rosidl_typesupport_introspection_c.h
[1.216s] -- Up-to-date symlink: /CrazySim/crazyswarm2_ws/install/crazyflie_interfaces/include/crazyflie_interfaces/crazyflie_interfaces/msg/detail/log_block__rosidl_typesupport_introspection_c.h
[1.216s] -- Up-to-date symlink: /CrazySim/crazyswarm2_ws/install/crazyflie_interfaces/include/crazyflie_interfaces/crazyflie_interfaces/msg/detail/log_data_generic__rosidl_typesupport_introspection_c.h
[1.216s] -- Up-to-date symlink: /CrazySim/crazyswarm2_ws/install/crazyflie_interfaces/include/crazyflie_interfaces/crazyflie_interfaces/msg/detail/position__rosidl_typesupport_introspection_c.h
[1.216s] -- Up-to-date symlink: /CrazySim/crazyswarm2_ws/install/crazyflie_interfaces/include/crazyflie_interfaces/crazyflie_interfaces/msg/detail/status__rosidl_typesupport_introspection_c.h
[1.217s] -- Up-to-date symlink: /CrazySim/crazyswarm2_ws/install/crazyflie_interfaces/include/crazyflie_interfaces/crazyflie_interfaces/msg/detail/trajectory_polynomial_piece__rosidl_typesupport_introspection_c.h
[1.217s] -- Up-to-date symlink: /CrazySim/crazyswarm2_ws/install/crazyflie_interfaces/include/crazyflie_interfaces/crazyflie_interfaces/msg/detail/velocity_world__rosidl_typesupport_introspection_c.h
[1.217s] -- Up-to-date symlink: /CrazySim/crazyswarm2_ws/install/crazyflie_interfaces/include/crazyflie_interfaces/crazyflie_interfaces/msg/rosidl_typesupport_introspection_c__visibility_control.h
[1.217s] -- Up-to-date symlink: /CrazySim/crazyswarm2_ws/install/crazyflie_interfaces/include/crazyflie_interfaces/crazyflie_interfaces/srv/detail/add_logging__rosidl_typesupport_introspection_c.h
[1.217s] -- Up-to-date symlink: /CrazySim/crazyswarm2_ws/install/crazyflie_interfaces/include/crazyflie_interfaces/crazyflie_interfaces/srv/detail/arm__rosidl_typesupport_introspection_c.h
[1.217s] -- Up-to-date symlink: /CrazySim/crazyswarm2_ws/install/crazyflie_interfaces/include/crazyflie_interfaces/crazyflie_interfaces/srv/detail/go_to__rosidl_typesupport_introspection_c.h
[1.218s] -- Up-to-date symlink: /CrazySim/crazyswarm2_ws/install/crazyflie_interfaces/include/crazyflie_interfaces/crazyflie_interfaces/srv/detail/land__rosidl_typesupport_introspection_c.h
[1.218s] -- Up-to-date symlink: /CrazySim/crazyswarm2_ws/install/crazyflie_interfaces/include/crazyflie_interfaces/crazyflie_interfaces/srv/detail/notify_setpoints_stop__rosidl_typesupport_introspection_c.h
[1.218s] -- Up-to-date symlink: /CrazySim/crazyswarm2_ws/install/crazyflie_interfaces/include/crazyflie_interfaces/crazyflie_interfaces/srv/detail/remove_logging__rosidl_typesupport_introspection_c.h
[1.218s] -- Up-to-date symlink: /CrazySim/crazyswarm2_ws/install/crazyflie_interfaces/include/crazyflie_interfaces/crazyflie_interfaces/srv/detail/set_group_mask__rosidl_typesupport_introspection_c.h
[1.218s] -- Up-to-date symlink: /CrazySim/crazyswarm2_ws/install/crazyflie_interfaces/include/crazyflie_interfaces/crazyflie_interfaces/srv/detail/start_trajectory__rosidl_typesupport_introspection_c.h
[1.218s] -- Up-to-date symlink: /CrazySim/crazyswarm2_ws/install/crazyflie_interfaces/include/crazyflie_interfaces/crazyflie_interfaces/srv/detail/stop__rosidl_typesupport_introspection_c.h
[1.218s] -- Up-to-date symlink: /CrazySim/crazyswarm2_ws/install/crazyflie_interfaces/include/crazyflie_interfaces/crazyflie_interfaces/srv/detail/takeoff__rosidl_typesupport_introspection_c.h
[1.218s] -- Up-to-date symlink: /CrazySim/crazyswarm2_ws/install/crazyflie_interfaces/include/crazyflie_interfaces/crazyflie_interfaces/srv/detail/update_params__rosidl_typesupport_introspection_c.h
[1.219s] -- Up-to-date symlink: /CrazySim/crazyswarm2_ws/install/crazyflie_interfaces/include/crazyflie_interfaces/crazyflie_interfaces/srv/detail/upload_trajectory__rosidl_typesupport_introspection_c.h
[1.219s] -- Up-to-date symlink: /CrazySim/crazyswarm2_ws/install/crazyflie_interfaces/include/crazyflie_interfaces/crazyflie_interfaces/msg/detail/attitude_setpoint__rosidl_typesupport_introspection_cpp.hpp
[1.219s] -- Up-to-date symlink: /CrazySim/crazyswarm2_ws/install/crazyflie_interfaces/include/crazyflie_interfaces/crazyflie_interfaces/msg/detail/connection_statistics__rosidl_typesupport_introspection_cpp.hpp
[1.219s] -- Up-to-date symlink: /CrazySim/crazyswarm2_ws/install/crazyflie_interfaces/include/crazyflie_interfaces/crazyflie_interfaces/msg/detail/connection_statistics_array__rosidl_typesupport_introspection_cpp.hpp
[1.219s] -- Up-to-date symlink: /CrazySim/crazyswarm2_ws/install/crazyflie_interfaces/include/crazyflie_interfaces/crazyflie_interfaces/msg/detail/full_state__rosidl_typesupport_introspection_cpp.hpp
[1.219s] -- Up-to-date symlink: /CrazySim/crazyswarm2_ws/install/crazyflie_interfaces/include/crazyflie_interfaces/crazyflie_interfaces/msg/detail/hover__rosidl_typesupport_introspection_cpp.hpp
[1.219s] -- Up-to-date symlink: /CrazySim/crazyswarm2_ws/install/crazyflie_interfaces/include/crazyflie_interfaces/crazyflie_interfaces/msg/detail/log_block__rosidl_typesupport_introspection_cpp.hpp
[1.220s] -- Up-to-date symlink: /CrazySim/crazyswarm2_ws/install/crazyflie_interfaces/include/crazyflie_interfaces/crazyflie_interfaces/msg/detail/log_data_generic__rosidl_typesupport_introspection_cpp.hpp
[1.220s] -- Up-to-date symlink: /CrazySim/crazyswarm2_ws/install/crazyflie_interfaces/include/crazyflie_interfaces/crazyflie_interfaces/msg/detail/position__rosidl_typesupport_introspection_cpp.hpp
[1.220s] -- Up-to-date symlink: /CrazySim/crazyswarm2_ws/install/crazyflie_interfaces/include/crazyflie_interfaces/crazyflie_interfaces/msg/detail/status__rosidl_typesupport_introspection_cpp.hpp
[1.220s] -- Up-to-date symlink: /CrazySim/crazyswarm2_ws/install/crazyflie_interfaces/include/crazyflie_interfaces/crazyflie_interfaces/msg/detail/trajectory_polynomial_piece__rosidl_typesupport_introspection_cpp.hpp
[1.220s] -- Up-to-date symlink: /CrazySim/crazyswarm2_ws/install/crazyflie_interfaces/include/crazyflie_interfaces/crazyflie_interfaces/msg/detail/velocity_world__rosidl_typesupport_introspection_cpp.hpp
[1.220s] -- Up-to-date symlink: /CrazySim/crazyswarm2_ws/install/crazyflie_interfaces/include/crazyflie_interfaces/crazyflie_interfaces/srv/detail/add_logging__rosidl_typesupport_introspection_cpp.hpp
[1.220s] -- Up-to-date symlink: /CrazySim/crazyswarm2_ws/install/crazyflie_interfaces/include/crazyflie_interfaces/crazyflie_interfaces/srv/detail/arm__rosidl_typesupport_introspection_cpp.hpp
[1.220s] -- Up-to-date symlink: /CrazySim/crazyswarm2_ws/install/crazyflie_interfaces/include/crazyflie_interfaces/crazyflie_interfaces/srv/detail/go_to__rosidl_typesupport_introspection_cpp.hpp
[1.221s] -- Up-to-date symlink: /CrazySim/crazyswarm2_ws/install/crazyflie_interfaces/include/crazyflie_interfaces/crazyflie_interfaces/srv/detail/land__rosidl_typesupport_introspection_cpp.hpp
[1.221s] -- Up-to-date symlink: /CrazySim/crazyswarm2_ws/install/crazyflie_interfaces/include/crazyflie_interfaces/crazyflie_interfaces/srv/detail/notify_setpoints_stop__rosidl_typesupport_introspection_cpp.hpp
[1.221s] -- Up-to-date symlink: /CrazySim/crazyswarm2_ws/install/crazyflie_interfaces/include/crazyflie_interfaces/crazyflie_interfaces/srv/detail/remove_logging__rosidl_typesupport_introspection_cpp.hpp
[1.221s] -- Up-to-date symlink: /CrazySim/crazyswarm2_ws/install/crazyflie_interfaces/include/crazyflie_interfaces/crazyflie_interfaces/srv/detail/set_group_mask__rosidl_typesupport_introspection_cpp.hpp
[1.221s] -- Up-to-date symlink: /CrazySim/crazyswarm2_ws/install/crazyflie_interfaces/include/crazyflie_interfaces/crazyflie_interfaces/srv/detail/start_trajectory__rosidl_typesupport_introspection_cpp.hpp
[1.221s] -- Up-to-date symlink: /CrazySim/crazyswarm2_ws/install/crazyflie_interfaces/include/crazyflie_interfaces/crazyflie_interfaces/srv/detail/stop__rosidl_typesupport_introspection_cpp.hpp
[1.222s] -- Up-to-date symlink: /CrazySim/crazyswarm2_ws/install/crazyflie_interfaces/include/crazyflie_interfaces/crazyflie_interfaces/srv/detail/takeoff__rosidl_typesupport_introspection_cpp.hpp
[1.222s] -- Up-to-date symlink: /CrazySim/crazyswarm2_ws/install/crazyflie_interfaces/include/crazyflie_interfaces/crazyflie_interfaces/srv/detail/update_params__rosidl_typesupport_introspection_cpp.hpp
[1.222s] -- Up-to-date symlink: /CrazySim/crazyswarm2_ws/install/crazyflie_interfaces/include/crazyflie_interfaces/crazyflie_interfaces/srv/detail/upload_trajectory__rosidl_typesupport_introspection_cpp.hpp
[1.222s] -- Up-to-date symlink: /CrazySim/crazyswarm2_ws/install/crazyflie_interfaces/share/crazyflie_interfaces/environment/pythonpath.sh
[1.222s] -- Up-to-date symlink: /CrazySim/crazyswarm2_ws/install/crazyflie_interfaces/share/crazyflie_interfaces/environment/pythonpath.dsv
[1.222s] -- Up-to-date symlink: /CrazySim/crazyswarm2_ws/install/crazyflie_interfaces/local/lib/python3.10/dist-packages/crazyflie_interfaces-1.0.3-py3.10.egg-info/PKG-INFO
[1.222s] -- Up-to-date symlink: /CrazySim/crazyswarm2_ws/install/crazyflie_interfaces/local/lib/python3.10/dist-packages/crazyflie_interfaces-1.0.3-py3.10.egg-info/SOURCES.txt
[1.222s] -- Up-to-date symlink: /CrazySim/crazyswarm2_ws/install/crazyflie_interfaces/local/lib/python3.10/dist-packages/crazyflie_interfaces-1.0.3-py3.10.egg-info/dependency_links.txt
[1.223s] -- Up-to-date symlink: /CrazySim/crazyswarm2_ws/install/crazyflie_interfaces/local/lib/python3.10/dist-packages/crazyflie_interfaces-1.0.3-py3.10.egg-info/top_level.txt
[1.223s] -- Up-to-date symlink: /CrazySim/crazyswarm2_ws/install/crazyflie_interfaces/local/lib/python3.10/dist-packages/crazyflie_interfaces/__init__.py
[1.223s] -- Up-to-date symlink: /CrazySim/crazyswarm2_ws/install/crazyflie_interfaces/local/lib/python3.10/dist-packages/crazyflie_interfaces/_crazyflie_interfaces_s.ep.rosidl_typesupport_c.c
[1.223s] -- Up-to-date symlink: /CrazySim/crazyswarm2_ws/install/crazyflie_interfaces/local/lib/python3.10/dist-packages/crazyflie_interfaces/_crazyflie_interfaces_s.ep.rosidl_typesupport_fastrtps_c.c
[1.223s] -- Up-to-date symlink: /CrazySim/crazyswarm2_ws/install/crazyflie_interfaces/local/lib/python3.10/dist-packages/crazyflie_interfaces/_crazyflie_interfaces_s.ep.rosidl_typesupport_introspection_c.c
[1.223s] -- Up-to-date symlink: /CrazySim/crazyswarm2_ws/install/crazyflie_interfaces/local/lib/python3.10/dist-packages/crazyflie_interfaces/crazyflie_interfaces_s__rosidl_typesupport_c.cpython-310-x86_64-linux-gnu.so
[1.223s] -- Up-to-date symlink: /CrazySim/crazyswarm2_ws/install/crazyflie_interfaces/local/lib/python3.10/dist-packages/crazyflie_interfaces/crazyflie_interfaces_s__rosidl_typesupport_fastrtps_c.cpython-310-x86_64-linux-gnu.so
[1.223s] -- Up-to-date symlink: /CrazySim/crazyswarm2_ws/install/crazyflie_interfaces/local/lib/python3.10/dist-packages/crazyflie_interfaces/crazyflie_interfaces_s__rosidl_typesupport_introspection_c.cpython-310-x86_64-linux-gnu.so
[1.224s] -- Up-to-date symlink: /CrazySim/crazyswarm2_ws/install/crazyflie_interfaces/local/lib/python3.10/dist-packages/crazyflie_interfaces/libcrazyflie_interfaces__rosidl_generator_py.so
[1.224s] -- Up-to-date symlink: /CrazySim/crazyswarm2_ws/install/crazyflie_interfaces/local/lib/python3.10/dist-packages/crazyflie_interfaces/msg/__init__.py
[1.224s] -- Up-to-date symlink: /CrazySim/crazyswarm2_ws/install/crazyflie_interfaces/local/lib/python3.10/dist-packages/crazyflie_interfaces/msg/_attitude_setpoint.py
[1.224s] -- Up-to-date symlink: /CrazySim/crazyswarm2_ws/install/crazyflie_interfaces/local/lib/python3.10/dist-packages/crazyflie_interfaces/msg/_attitude_setpoint_s.c
[1.224s] -- Up-to-date symlink: /CrazySim/crazyswarm2_ws/install/crazyflie_interfaces/local/lib/python3.10/dist-packages/crazyflie_interfaces/msg/_connection_statistics.py
[1.224s] -- Up-to-date symlink: /CrazySim/crazyswarm2_ws/install/crazyflie_interfaces/local/lib/python3.10/dist-packages/crazyflie_interfaces/msg/_connection_statistics_array.py
[1.224s] -- Up-to-date symlink: /CrazySim/crazyswarm2_ws/install/crazyflie_interfaces/local/lib/python3.10/dist-packages/crazyflie_interfaces/msg/_connection_statistics_array_s.c
[1.225s] -- Up-to-date symlink: /CrazySim/crazyswarm2_ws/install/crazyflie_interfaces/local/lib/python3.10/dist-packages/crazyflie_interfaces/msg/_connection_statistics_s.c
[1.225s] -- Up-to-date symlink: /CrazySim/crazyswarm2_ws/install/crazyflie_interfaces/local/lib/python3.10/dist-packages/crazyflie_interfaces/msg/_full_state.py
[1.225s] -- Up-to-date symlink: /CrazySim/crazyswarm2_ws/install/crazyflie_interfaces/local/lib/python3.10/dist-packages/crazyflie_interfaces/msg/_full_state_s.c
[1.225s] -- Up-to-date symlink: /CrazySim/crazyswarm2_ws/install/crazyflie_interfaces/local/lib/python3.10/dist-packages/crazyflie_interfaces/msg/_hover.py
[1.225s] -- Up-to-date symlink: /CrazySim/crazyswarm2_ws/install/crazyflie_interfaces/local/lib/python3.10/dist-packages/crazyflie_interfaces/msg/_hover_s.c
[1.225s] -- Up-to-date symlink: /CrazySim/crazyswarm2_ws/install/crazyflie_interfaces/local/lib/python3.10/dist-packages/crazyflie_interfaces/msg/_log_block.py
[1.225s] -- Up-to-date symlink: /CrazySim/crazyswarm2_ws/install/crazyflie_interfaces/local/lib/python3.10/dist-packages/crazyflie_interfaces/msg/_log_block_s.c
[1.225s] -- Up-to-date symlink: /CrazySim/crazyswarm2_ws/install/crazyflie_interfaces/local/lib/python3.10/dist-packages/crazyflie_interfaces/msg/_log_data_generic.py
[1.226s] -- Up-to-date symlink: /CrazySim/crazyswarm2_ws/install/crazyflie_interfaces/local/lib/python3.10/dist-packages/crazyflie_interfaces/msg/_log_data_generic_s.c
[1.226s] -- Up-to-date symlink: /CrazySim/crazyswarm2_ws/install/crazyflie_interfaces/local/lib/python3.10/dist-packages/crazyflie_interfaces/msg/_position.py
[1.226s] -- Up-to-date symlink: /CrazySim/crazyswarm2_ws/install/crazyflie_interfaces/local/lib/python3.10/dist-packages/crazyflie_interfaces/msg/_position_s.c
[1.226s] -- Up-to-date symlink: /CrazySim/crazyswarm2_ws/install/crazyflie_interfaces/local/lib/python3.10/dist-packages/crazyflie_interfaces/msg/_status.py
[1.226s] -- Up-to-date symlink: /CrazySim/crazyswarm2_ws/install/crazyflie_interfaces/local/lib/python3.10/dist-packages/crazyflie_interfaces/msg/_status_s.c
[1.226s] -- Up-to-date symlink: /CrazySim/crazyswarm2_ws/install/crazyflie_interfaces/local/lib/python3.10/dist-packages/crazyflie_interfaces/msg/_trajectory_polynomial_piece.py
[1.226s] -- Up-to-date symlink: /CrazySim/crazyswarm2_ws/install/crazyflie_interfaces/local/lib/python3.10/dist-packages/crazyflie_interfaces/msg/_trajectory_polynomial_piece_s.c
[1.226s] -- Up-to-date symlink: /CrazySim/crazyswarm2_ws/install/crazyflie_interfaces/local/lib/python3.10/dist-packages/crazyflie_interfaces/msg/_velocity_world.py
[1.227s] -- Up-to-date symlink: /CrazySim/crazyswarm2_ws/install/crazyflie_interfaces/local/lib/python3.10/dist-packages/crazyflie_interfaces/msg/_velocity_world_s.c
[1.227s] -- Up-to-date symlink: /CrazySim/crazyswarm2_ws/install/crazyflie_interfaces/local/lib/python3.10/dist-packages/crazyflie_interfaces/srv/__init__.py
[1.227s] -- Up-to-date symlink: /CrazySim/crazyswarm2_ws/install/crazyflie_interfaces/local/lib/python3.10/dist-packages/crazyflie_interfaces/srv/_add_logging.py
[1.227s] -- Up-to-date symlink: /CrazySim/crazyswarm2_ws/install/crazyflie_interfaces/local/lib/python3.10/dist-packages/crazyflie_interfaces/srv/_add_logging_s.c
[1.227s] -- Up-to-date symlink: /CrazySim/crazyswarm2_ws/install/crazyflie_interfaces/local/lib/python3.10/dist-packages/crazyflie_interfaces/srv/_arm.py
[1.227s] -- Up-to-date symlink: /CrazySim/crazyswarm2_ws/install/crazyflie_interfaces/local/lib/python3.10/dist-packages/crazyflie_interfaces/srv/_arm_s.c
[1.227s] -- Up-to-date symlink: /CrazySim/crazyswarm2_ws/install/crazyflie_interfaces/local/lib/python3.10/dist-packages/crazyflie_interfaces/srv/_go_to.py
[1.227s] -- Up-to-date symlink: /CrazySim/crazyswarm2_ws/install/crazyflie_interfaces/local/lib/python3.10/dist-packages/crazyflie_interfaces/srv/_go_to_s.c
[1.228s] -- Up-to-date symlink: /CrazySim/crazyswarm2_ws/install/crazyflie_interfaces/local/lib/python3.10/dist-packages/crazyflie_interfaces/srv/_land.py
[1.228s] -- Up-to-date symlink: /CrazySim/crazyswarm2_ws/install/crazyflie_interfaces/local/lib/python3.10/dist-packages/crazyflie_interfaces/srv/_land_s.c
[1.228s] -- Up-to-date symlink: /CrazySim/crazyswarm2_ws/install/crazyflie_interfaces/local/lib/python3.10/dist-packages/crazyflie_interfaces/srv/_notify_setpoints_stop.py
[1.228s] -- Up-to-date symlink: /CrazySim/crazyswarm2_ws/install/crazyflie_interfaces/local/lib/python3.10/dist-packages/crazyflie_interfaces/srv/_notify_setpoints_stop_s.c
[1.228s] -- Up-to-date symlink: /CrazySim/crazyswarm2_ws/install/crazyflie_interfaces/local/lib/python3.10/dist-packages/crazyflie_interfaces/srv/_remove_logging.py
[1.228s] -- Up-to-date symlink: /CrazySim/crazyswarm2_ws/install/crazyflie_interfaces/local/lib/python3.10/dist-packages/crazyflie_interfaces/srv/_remove_logging_s.c
[1.228s] -- Up-to-date symlink: /CrazySim/crazyswarm2_ws/install/crazyflie_interfaces/local/lib/python3.10/dist-packages/crazyflie_interfaces/srv/_set_group_mask.py
[1.229s] -- Up-to-date symlink: /CrazySim/crazyswarm2_ws/install/crazyflie_interfaces/local/lib/python3.10/dist-packages/crazyflie_interfaces/srv/_set_group_mask_s.c
[1.229s] -- Up-to-date symlink: /CrazySim/crazyswarm2_ws/install/crazyflie_interfaces/local/lib/python3.10/dist-packages/crazyflie_interfaces/srv/_start_trajectory.py
[1.229s] -- Up-to-date symlink: /CrazySim/crazyswarm2_ws/install/crazyflie_interfaces/local/lib/python3.10/dist-packages/crazyflie_interfaces/srv/_start_trajectory_s.c
[1.229s] -- Up-to-date symlink: /CrazySim/crazyswarm2_ws/install/crazyflie_interfaces/local/lib/python3.10/dist-packages/crazyflie_interfaces/srv/_stop.py
[1.229s] -- Up-to-date symlink: /CrazySim/crazyswarm2_ws/install/crazyflie_interfaces/local/lib/python3.10/dist-packages/crazyflie_interfaces/srv/_stop_s.c
[1.229s] -- Up-to-date symlink: /CrazySim/crazyswarm2_ws/install/crazyflie_interfaces/local/lib/python3.10/dist-packages/crazyflie_interfaces/srv/_takeoff.py
[1.230s] -- Up-to-date symlink: /CrazySim/crazyswarm2_ws/install/crazyflie_interfaces/local/lib/python3.10/dist-packages/crazyflie_interfaces/srv/_takeoff_s.c
[1.230s] -- Up-to-date symlink: /CrazySim/crazyswarm2_ws/install/crazyflie_interfaces/local/lib/python3.10/dist-packages/crazyflie_interfaces/srv/_update_params.py
[1.230s] -- Up-to-date symlink: /CrazySim/crazyswarm2_ws/install/crazyflie_interfaces/local/lib/python3.10/dist-packages/crazyflie_interfaces/srv/_update_params_s.c
[1.230s] -- Up-to-date symlink: /CrazySim/crazyswarm2_ws/install/crazyflie_interfaces/local/lib/python3.10/dist-packages/crazyflie_interfaces/srv/_upload_trajectory.py
[1.230s] -- Up-to-date symlink: /CrazySim/crazyswarm2_ws/install/crazyflie_interfaces/local/lib/python3.10/dist-packages/crazyflie_interfaces/srv/_upload_trajectory_s.c
[1.230s] -- Up-to-date symlink: /CrazySim/crazyswarm2_ws/install/crazyflie_interfaces/local/lib/python3.10/dist-packages/crazyflie_interfaces/crazyflie_interfaces_s__rosidl_typesupport_fastrtps_c.cpython-310-x86_64-linux-gnu.so
[1.230s] -- Up-to-date symlink: /CrazySim/crazyswarm2_ws/install/crazyflie_interfaces/local/lib/python3.10/dist-packages/crazyflie_interfaces/crazyflie_interfaces_s__rosidl_typesupport_introspection_c.cpython-310-x86_64-linux-gnu.so
[1.231s] -- Up-to-date symlink: /CrazySim/crazyswarm2_ws/install/crazyflie_interfaces/local/lib/python3.10/dist-packages/crazyflie_interfaces/crazyflie_interfaces_s__rosidl_typesupport_c.cpython-310-x86_64-linux-gnu.so
[1.231s] -- Up-to-date symlink: /CrazySim/crazyswarm2_ws/install/crazyflie_interfaces/share/ament_index/resource_index/rust_packages/crazyflie_interfaces
[1.231s] -- Up-to-date symlink: /CrazySim/crazyswarm2_ws/install/crazyflie_interfaces/share/crazyflie_interfaces/rust/Cargo.toml
[1.231s] -- Up-to-date symlink: /CrazySim/crazyswarm2_ws/install/crazyflie_interfaces/share/crazyflie_interfaces/rust/build.rs
[1.231s] -- Up-to-date symlink: /CrazySim/crazyswarm2_ws/install/crazyflie_interfaces/share/crazyflie_interfaces/rust/src/lib.rs
[1.231s] -- Up-to-date symlink: /CrazySim/crazyswarm2_ws/install/crazyflie_interfaces/share/crazyflie_interfaces/rust/src/msg.rs
[1.231s] -- Up-to-date symlink: /CrazySim/crazyswarm2_ws/install/crazyflie_interfaces/share/crazyflie_interfaces/rust/src/msg/rmw.rs
[1.231s] -- Up-to-date symlink: /CrazySim/crazyswarm2_ws/install/crazyflie_interfaces/share/crazyflie_interfaces/rust/src/srv.rs
[1.232s] -- Up-to-date symlink: /CrazySim/crazyswarm2_ws/install/crazyflie_interfaces/share/crazyflie_interfaces/rust/src/srv/rmw.rs
[1.232s] -- Up-to-date symlink: /CrazySim/crazyswarm2_ws/install/crazyflie_interfaces/share/crazyflie_interfaces/msg/AttitudeSetpoint.idl
[1.232s] -- Up-to-date symlink: /CrazySim/crazyswarm2_ws/install/crazyflie_interfaces/share/crazyflie_interfaces/msg/ConnectionStatistics.idl
[1.232s] -- Up-to-date symlink: /CrazySim/crazyswarm2_ws/install/crazyflie_interfaces/share/crazyflie_interfaces/msg/ConnectionStatisticsArray.idl
[1.232s] -- Up-to-date symlink: /CrazySim/crazyswarm2_ws/install/crazyflie_interfaces/share/crazyflie_interfaces/msg/FullState.idl
[1.232s] -- Up-to-date symlink: /CrazySim/crazyswarm2_ws/install/crazyflie_interfaces/share/crazyflie_interfaces/msg/LogDataGeneric.idl
[1.232s] -- Up-to-date symlink: /CrazySim/crazyswarm2_ws/install/crazyflie_interfaces/share/crazyflie_interfaces/msg/Hover.idl
[1.233s] -- Up-to-date symlink: /CrazySim/crazyswarm2_ws/install/crazyflie_interfaces/share/crazyflie_interfaces/msg/LogBlock.idl
[1.233s] -- Up-to-date symlink: /CrazySim/crazyswarm2_ws/install/crazyflie_interfaces/share/crazyflie_interfaces/msg/Position.idl
[1.233s] -- Up-to-date symlink: /CrazySim/crazyswarm2_ws/install/crazyflie_interfaces/share/crazyflie_interfaces/msg/Status.idl
[1.233s] -- Up-to-date symlink: /CrazySim/crazyswarm2_ws/install/crazyflie_interfaces/share/crazyflie_interfaces/msg/TrajectoryPolynomialPiece.idl
[1.233s] -- Up-to-date symlink: /CrazySim/crazyswarm2_ws/install/crazyflie_interfaces/share/crazyflie_interfaces/msg/VelocityWorld.idl
[1.233s] -- Up-to-date symlink: /CrazySim/crazyswarm2_ws/install/crazyflie_interfaces/share/crazyflie_interfaces/srv/GoTo.idl
[1.233s] -- Up-to-date symlink: /CrazySim/crazyswarm2_ws/install/crazyflie_interfaces/share/crazyflie_interfaces/srv/Land.idl
[1.234s] -- Up-to-date symlink: /CrazySim/crazyswarm2_ws/install/crazyflie_interfaces/share/crazyflie_interfaces/srv/NotifySetpointsStop.idl
[1.234s] -- Up-to-date symlink: /CrazySim/crazyswarm2_ws/install/crazyflie_interfaces/share/crazyflie_interfaces/srv/SetGroupMask.idl
[1.234s] -- Up-to-date symlink: /CrazySim/crazyswarm2_ws/install/crazyflie_interfaces/share/crazyflie_interfaces/srv/StartTrajectory.idl
[1.234s] -- Up-to-date symlink: /CrazySim/crazyswarm2_ws/install/crazyflie_interfaces/share/crazyflie_interfaces/srv/Stop.idl
[1.234s] -- Up-to-date symlink: /CrazySim/crazyswarm2_ws/install/crazyflie_interfaces/share/crazyflie_interfaces/srv/Takeoff.idl
[1.234s] -- Up-to-date symlink: /CrazySim/crazyswarm2_ws/install/crazyflie_interfaces/share/crazyflie_interfaces/srv/UpdateParams.idl
[1.234s] -- Up-to-date symlink: /CrazySim/crazyswarm2_ws/install/crazyflie_interfaces/share/crazyflie_interfaces/srv/UploadTrajectory.idl
[1.235s] -- Up-to-date symlink: /CrazySim/crazyswarm2_ws/install/crazyflie_interfaces/share/crazyflie_interfaces/srv/RemoveLogging.idl
[1.235s] -- Up-to-date symlink: /CrazySim/crazyswarm2_ws/install/crazyflie_interfaces/share/crazyflie_interfaces/srv/AddLogging.idl
[1.235s] -- Up-to-date symlink: /CrazySim/crazyswarm2_ws/install/crazyflie_interfaces/share/crazyflie_interfaces/srv/Arm.idl
[1.235s] -- Up-to-date symlink: /CrazySim/crazyswarm2_ws/install/crazyflie_interfaces/share/crazyflie_interfaces/msg/AttitudeSetpoint.msg
[1.235s] -- Up-to-date symlink: /CrazySim/crazyswarm2_ws/install/crazyflie_interfaces/share/crazyflie_interfaces/msg/ConnectionStatistics.msg
[1.235s] -- Up-to-date symlink: /CrazySim/crazyswarm2_ws/install/crazyflie_interfaces/share/crazyflie_interfaces/msg/ConnectionStatisticsArray.msg
[1.235s] -- Up-to-date symlink: /CrazySim/crazyswarm2_ws/install/crazyflie_interfaces/share/crazyflie_interfaces/msg/FullState.msg
[1.236s] -- Up-to-date symlink: /CrazySim/crazyswarm2_ws/install/crazyflie_interfaces/share/crazyflie_interfaces/msg/LogDataGeneric.msg
[1.236s] -- Up-to-date symlink: /CrazySim/crazyswarm2_ws/install/crazyflie_interfaces/share/crazyflie_interfaces/msg/Hover.msg
[1.236s] -- Up-to-date symlink: /CrazySim/crazyswarm2_ws/install/crazyflie_interfaces/share/crazyflie_interfaces/msg/LogBlock.msg
[1.236s] -- Up-to-date symlink: /CrazySim/crazyswarm2_ws/install/crazyflie_interfaces/share/crazyflie_interfaces/msg/Position.msg
[1.236s] -- Up-to-date symlink: /CrazySim/crazyswarm2_ws/install/crazyflie_interfaces/share/crazyflie_interfaces/msg/Status.msg
[1.236s] -- Up-to-date symlink: /CrazySim/crazyswarm2_ws/install/crazyflie_interfaces/share/crazyflie_interfaces/msg/TrajectoryPolynomialPiece.msg
[1.236s] -- Up-to-date symlink: /CrazySim/crazyswarm2_ws/install/crazyflie_interfaces/share/crazyflie_interfaces/msg/VelocityWorld.msg
[1.237s] -- Up-to-date symlink: /CrazySim/crazyswarm2_ws/install/crazyflie_interfaces/share/crazyflie_interfaces/srv/GoTo.srv
[1.237s] -- Up-to-date symlink: /CrazySim/crazyswarm2_ws/install/crazyflie_interfaces/share/crazyflie_interfaces/srv/GoTo_Request.msg
[1.237s] -- Up-to-date symlink: /CrazySim/crazyswarm2_ws/install/crazyflie_interfaces/share/crazyflie_interfaces/srv/GoTo_Response.msg
[1.237s] -- Up-to-date symlink: /CrazySim/crazyswarm2_ws/install/crazyflie_interfaces/share/crazyflie_interfaces/srv/Land.srv
[1.237s] -- Up-to-date symlink: /CrazySim/crazyswarm2_ws/install/crazyflie_interfaces/share/crazyflie_interfaces/srv/Land_Request.msg
[1.237s] -- Up-to-date symlink: /CrazySim/crazyswarm2_ws/install/crazyflie_interfaces/share/crazyflie_interfaces/srv/Land_Response.msg
[1.237s] -- Up-to-date symlink: /CrazySim/crazyswarm2_ws/install/crazyflie_interfaces/share/crazyflie_interfaces/srv/NotifySetpointsStop.srv
[1.238s] -- Up-to-date symlink: /CrazySim/crazyswarm2_ws/install/crazyflie_interfaces/share/crazyflie_interfaces/srv/NotifySetpointsStop_Request.msg
[1.238s] -- Up-to-date symlink: /CrazySim/crazyswarm2_ws/install/crazyflie_interfaces/share/crazyflie_interfaces/srv/NotifySetpointsStop_Response.msg
[1.238s] -- Up-to-date symlink: /CrazySim/crazyswarm2_ws/install/crazyflie_interfaces/share/crazyflie_interfaces/srv/SetGroupMask.srv
[1.238s] -- Up-to-date symlink: /CrazySim/crazyswarm2_ws/install/crazyflie_interfaces/share/crazyflie_interfaces/srv/SetGroupMask_Request.msg
[1.238s] -- Up-to-date symlink: /CrazySim/crazyswarm2_ws/install/crazyflie_interfaces/share/crazyflie_interfaces/srv/SetGroupMask_Response.msg
[1.238s] -- Up-to-date symlink: /CrazySim/crazyswarm2_ws/install/crazyflie_interfaces/share/crazyflie_interfaces/srv/StartTrajectory.srv
[1.238s] -- Up-to-date symlink: /CrazySim/crazyswarm2_ws/install/crazyflie_interfaces/share/crazyflie_interfaces/srv/StartTrajectory_Request.msg
[1.239s] -- Up-to-date symlink: /CrazySim/crazyswarm2_ws/install/crazyflie_interfaces/share/crazyflie_interfaces/srv/StartTrajectory_Response.msg
[1.239s] -- Up-to-date symlink: /CrazySim/crazyswarm2_ws/install/crazyflie_interfaces/share/crazyflie_interfaces/srv/Stop.srv
[1.239s] -- Up-to-date symlink: /CrazySim/crazyswarm2_ws/install/crazyflie_interfaces/share/crazyflie_interfaces/srv/Stop_Request.msg
[1.239s] -- Up-to-date symlink: /CrazySim/crazyswarm2_ws/install/crazyflie_interfaces/share/crazyflie_interfaces/srv/Stop_Response.msg
[1.239s] -- Up-to-date symlink: /CrazySim/crazyswarm2_ws/install/crazyflie_interfaces/share/crazyflie_interfaces/srv/Takeoff.srv
[1.239s] -- Up-to-date symlink: /CrazySim/crazyswarm2_ws/install/crazyflie_interfaces/share/crazyflie_interfaces/srv/Takeoff_Request.msg
[1.239s] -- Up-to-date symlink: /CrazySim/crazyswarm2_ws/install/crazyflie_interfaces/share/crazyflie_interfaces/srv/Takeoff_Response.msg
[1.240s] -- Up-to-date symlink: /CrazySim/crazyswarm2_ws/install/crazyflie_interfaces/share/crazyflie_interfaces/srv/UpdateParams.srv
[1.240s] -- Up-to-date symlink: /CrazySim/crazyswarm2_ws/install/crazyflie_interfaces/share/crazyflie_interfaces/srv/UpdateParams_Request.msg
[1.240s] -- Up-to-date symlink: /CrazySim/crazyswarm2_ws/install/crazyflie_interfaces/share/crazyflie_interfaces/srv/UpdateParams_Response.msg
[1.240s] -- Up-to-date symlink: /CrazySim/crazyswarm2_ws/install/crazyflie_interfaces/share/crazyflie_interfaces/srv/UploadTrajectory.srv
[1.240s] -- Up-to-date symlink: /CrazySim/crazyswarm2_ws/install/crazyflie_interfaces/share/crazyflie_interfaces/srv/UploadTrajectory_Request.msg
[1.240s] -- Up-to-date symlink: /CrazySim/crazyswarm2_ws/install/crazyflie_interfaces/share/crazyflie_interfaces/srv/UploadTrajectory_Response.msg
[1.240s] -- Up-to-date symlink: /CrazySim/crazyswarm2_ws/install/crazyflie_interfaces/share/crazyflie_interfaces/srv/RemoveLogging.srv
[1.240s] -- Up-to-date symlink: /CrazySim/crazyswarm2_ws/install/crazyflie_interfaces/share/crazyflie_interfaces/srv/RemoveLogging_Request.msg
[1.241s] -- Up-to-date symlink: /CrazySim/crazyswarm2_ws/install/crazyflie_interfaces/share/crazyflie_interfaces/srv/RemoveLogging_Response.msg
[1.241s] -- Up-to-date symlink: /CrazySim/crazyswarm2_ws/install/crazyflie_interfaces/share/crazyflie_interfaces/srv/AddLogging.srv
[1.241s] -- Up-to-date symlink: /CrazySim/crazyswarm2_ws/install/crazyflie_interfaces/share/crazyflie_interfaces/srv/AddLogging_Request.msg
[1.241s] -- Up-to-date symlink: /CrazySim/crazyswarm2_ws/install/crazyflie_interfaces/share/crazyflie_interfaces/srv/AddLogging_Response.msg
[1.241s] -- Up-to-date symlink: /CrazySim/crazyswarm2_ws/install/crazyflie_interfaces/share/crazyflie_interfaces/srv/Arm.srv
[1.241s] -- Up-to-date symlink: /CrazySim/crazyswarm2_ws/install/crazyflie_interfaces/share/crazyflie_interfaces/srv/Arm_Request.msg
[1.242s] -- Up-to-date symlink: /CrazySim/crazyswarm2_ws/install/crazyflie_interfaces/share/crazyflie_interfaces/srv/Arm_Response.msg
[1.242s] -- Up-to-date symlink: /CrazySim/crazyswarm2_ws/install/crazyflie_interfaces/share/ament_index/resource_index/package_run_dependencies/crazyflie_interfaces
[1.242s] -- Up-to-date symlink: /CrazySim/crazyswarm2_ws/install/crazyflie_interfaces/share/ament_index/resource_index/parent_prefix_path/crazyflie_interfaces
[1.242s] -- Up-to-date symlink: /CrazySim/crazyswarm2_ws/install/crazyflie_interfaces/share/crazyflie_interfaces/environment/ament_prefix_path.sh
[1.242s] -- Up-to-date symlink: /CrazySim/crazyswarm2_ws/install/crazyflie_interfaces/share/crazyflie_interfaces/environment/ament_prefix_path.dsv
[1.242s] -- Up-to-date symlink: /CrazySim/crazyswarm2_ws/install/crazyflie_interfaces/share/crazyflie_interfaces/environment/path.sh
[1.243s] -- Up-to-date symlink: /CrazySim/crazyswarm2_ws/install/crazyflie_interfaces/share/crazyflie_interfaces/environment/path.dsv
[1.243s] -- Up-to-date symlink: /CrazySim/crazyswarm2_ws/install/crazyflie_interfaces/share/crazyflie_interfaces/local_setup.bash
[1.243s] -- Up-to-date symlink: /CrazySim/crazyswarm2_ws/install/crazyflie_interfaces/share/crazyflie_interfaces/local_setup.sh
[1.243s] -- Up-to-date symlink: /CrazySim/crazyswarm2_ws/install/crazyflie_interfaces/share/crazyflie_interfaces/local_setup.zsh
[1.243s] -- Up-to-date symlink: /CrazySim/crazyswarm2_ws/install/crazyflie_interfaces/share/crazyflie_interfaces/local_setup.dsv
[1.243s] -- Symlinking: /CrazySim/crazyswarm2_ws/install/crazyflie_interfaces/share/crazyflie_interfaces/package.dsv
[1.243s] -- Up-to-date symlink: /CrazySim/crazyswarm2_ws/install/crazyflie_interfaces/share/ament_index/resource_index/packages/crazyflie_interfaces
[1.244s] -- Up-to-date symlink: /CrazySim/crazyswarm2_ws/install/crazyflie_interfaces/share/crazyflie_interfaces/cmake/rosidl_cmake-extras.cmake
[1.244s] -- Up-to-date symlink: /CrazySim/crazyswarm2_ws/install/crazyflie_interfaces/share/crazyflie_interfaces/cmake/ament_cmake_export_dependencies-extras.cmake
[1.244s] -- Up-to-date symlink: /CrazySim/crazyswarm2_ws/install/crazyflie_interfaces/share/crazyflie_interfaces/cmake/ament_cmake_export_include_directories-extras.cmake
[1.244s] -- Up-to-date symlink: /CrazySim/crazyswarm2_ws/install/crazyflie_interfaces/share/crazyflie_interfaces/cmake/ament_cmake_export_libraries-extras.cmake
[1.244s] -- Up-to-date symlink: /CrazySim/crazyswarm2_ws/install/crazyflie_interfaces/share/crazyflie_interfaces/cmake/ament_cmake_export_targets-extras.cmake
[1.244s] -- Up-to-date symlink: /CrazySim/crazyswarm2_ws/install/crazyflie_interfaces/share/crazyflie_interfaces/cmake/rosidl_cmake_export_typesupport_targets-extras.cmake
[1.244s] -- Up-to-date symlink: /CrazySim/crazyswarm2_ws/install/crazyflie_interfaces/share/crazyflie_interfaces/cmake/rosidl_cmake_export_typesupport_libraries-extras.cmake
[1.245s] -- Up-to-date symlink: /CrazySim/crazyswarm2_ws/install/crazyflie_interfaces/share/crazyflie_interfaces/cmake/crazyflie_interfacesConfig.cmake
[1.245s] -- Up-to-date symlink: /CrazySim/crazyswarm2_ws/install/crazyflie_interfaces/share/crazyflie_interfaces/cmake/crazyflie_interfacesConfig-version.cmake
[1.245s] -- Up-to-date symlink: /CrazySim/crazyswarm2_ws/install/crazyflie_interfaces/share/crazyflie_interfaces/package.xml
[1.245s] -- Up-to-date: /CrazySim/crazyswarm2_ws/install/crazyflie_interfaces/lib/libcrazyflie_interfaces__rosidl_generator_c.so
[1.245s] -- Up-to-date: /CrazySim/crazyswarm2_ws/install/crazyflie_interfaces/lib/libcrazyflie_interfaces__rosidl_typesupport_fastrtps_c.so
[1.245s] -- Up-to-date: /CrazySim/crazyswarm2_ws/install/crazyflie_interfaces/lib/libcrazyflie_interfaces__rosidl_typesupport_fastrtps_cpp.so
[1.245s] -- Up-to-date: /CrazySim/crazyswarm2_ws/install/crazyflie_interfaces/lib/libcrazyflie_interfaces__rosidl_typesupport_introspection_c.so
[1.245s] -- Up-to-date: /CrazySim/crazyswarm2_ws/install/crazyflie_interfaces/lib/libcrazyflie_interfaces__rosidl_typesupport_c.so
[1.246s] -- Up-to-date: /CrazySim/crazyswarm2_ws/install/crazyflie_interfaces/lib/libcrazyflie_interfaces__rosidl_typesupport_introspection_cpp.so
[1.246s] -- Up-to-date: /CrazySim/crazyswarm2_ws/install/crazyflie_interfaces/lib/libcrazyflie_interfaces__rosidl_typesupport_cpp.so
[1.263s] Listing '/CrazySim/crazyswarm2_ws/install/crazyflie_interfaces/local/lib/python3.10/dist-packages/crazyflie_interfaces'...
[1.264s] Listing '/CrazySim/crazyswarm2_ws/install/crazyflie_interfaces/local/lib/python3.10/dist-packages/crazyflie_interfaces/msg'...
[1.264s] Listing '/CrazySim/crazyswarm2_ws/install/crazyflie_interfaces/local/lib/python3.10/dist-packages/crazyflie_interfaces/srv'...
[1.270s] -- Installing: /CrazySim/crazyswarm2_ws/install/crazyflie_interfaces/lib/libcrazyflie_interfaces__rosidl_generator_py.so
[1.270s] -- Set runtime path of "/CrazySim/crazyswarm2_ws/install/crazyflie_interfaces/lib/libcrazyflie_interfaces__rosidl_generator_py.so" to ""
[1.271s] -- Up-to-date: /CrazySim/crazyswarm2_ws/install/crazyflie_interfaces/share/crazyflie_interfaces/cmake/export_crazyflie_interfaces__rosidl_generator_cExport.cmake
[1.271s] -- Up-to-date: /CrazySim/crazyswarm2_ws/install/crazyflie_interfaces/share/crazyflie_interfaces/cmake/export_crazyflie_interfaces__rosidl_generator_cExport-release.cmake
[1.271s] -- Up-to-date: /CrazySim/crazyswarm2_ws/install/crazyflie_interfaces/share/crazyflie_interfaces/cmake/export_crazyflie_interfaces__rosidl_typesupport_fastrtps_cExport.cmake
[1.271s] -- Up-to-date: /CrazySim/crazyswarm2_ws/install/crazyflie_interfaces/share/crazyflie_interfaces/cmake/export_crazyflie_interfaces__rosidl_typesupport_fastrtps_cExport-release.cmake
[1.272s] -- Up-to-date: /CrazySim/crazyswarm2_ws/install/crazyflie_interfaces/share/crazyflie_interfaces/cmake/export_crazyflie_interfaces__rosidl_generator_cppExport.cmake
[1.272s] -- Up-to-date: /CrazySim/crazyswarm2_ws/install/crazyflie_interfaces/share/crazyflie_interfaces/cmake/export_crazyflie_interfaces__rosidl_typesupport_fastrtps_cppExport.cmake
[1.272s] -- Up-to-date: /CrazySim/crazyswarm2_ws/install/crazyflie_interfaces/share/crazyflie_interfaces/cmake/export_crazyflie_interfaces__rosidl_typesupport_fastrtps_cppExport-release.cmake
[1.272s] -- Up-to-date: /CrazySim/crazyswarm2_ws/install/crazyflie_interfaces/share/crazyflie_interfaces/cmake/crazyflie_interfaces__rosidl_typesupport_introspection_cExport.cmake
[1.272s] -- Up-to-date: /CrazySim/crazyswarm2_ws/install/crazyflie_interfaces/share/crazyflie_interfaces/cmake/crazyflie_interfaces__rosidl_typesupport_introspection_cExport-release.cmake
[1.272s] -- Up-to-date: /CrazySim/crazyswarm2_ws/install/crazyflie_interfaces/share/crazyflie_interfaces/cmake/crazyflie_interfaces__rosidl_typesupport_cExport.cmake
[1.272s] -- Up-to-date: /CrazySim/crazyswarm2_ws/install/crazyflie_interfaces/share/crazyflie_interfaces/cmake/crazyflie_interfaces__rosidl_typesupport_cExport-release.cmake
[1.273s] -- Up-to-date: /CrazySim/crazyswarm2_ws/install/crazyflie_interfaces/share/crazyflie_interfaces/cmake/crazyflie_interfaces__rosidl_typesupport_introspection_cppExport.cmake
[1.274s] -- Up-to-date: /CrazySim/crazyswarm2_ws/install/crazyflie_interfaces/share/crazyflie_interfaces/cmake/crazyflie_interfaces__rosidl_typesupport_introspection_cppExport-release.cmake
[1.274s] -- Up-to-date: /CrazySim/crazyswarm2_ws/install/crazyflie_interfaces/share/crazyflie_interfaces/cmake/crazyflie_interfaces__rosidl_typesupport_cppExport.cmake
[1.274s] -- Up-to-date: /CrazySim/crazyswarm2_ws/install/crazyflie_interfaces/share/crazyflie_interfaces/cmake/crazyflie_interfaces__rosidl_typesupport_cppExport-release.cmake
[1.275s] -- Up-to-date: /CrazySim/crazyswarm2_ws/install/crazyflie_interfaces/share/crazyflie_interfaces/cmake/export_crazyflie_interfaces__rosidl_generator_pyExport.cmake
[1.275s] -- Up-to-date: /CrazySim/crazyswarm2_ws/install/crazyflie_interfaces/share/crazyflie_interfaces/cmake/export_crazyflie_interfaces__rosidl_generator_pyExport-release.cmake
[1.275s] Invoked command in '/CrazySim/crazyswarm2_ws/build/crazyflie_interfaces' returned '0': CMAKE_PREFIX_PATH=/opt/ros/humble /usr/bin/cmake --install /CrazySim/crazyswarm2_ws/build/crazyflie_interfaces
