-- The C compiler identification is GNU 11.4.0
-- The CXX compiler identification is GNU 11.4.0
-- Detecting C compiler ABI info
-- Detecting C compiler ABI info - done
-- Check for working C compiler: /usr/bin/cc - skipped
-- Detecting C compile features
-- Detecting C compile features - done
-- Detecting CXX compiler ABI info
-- Detecting CXX compiler ABI info - done
-- Check for working CXX compiler: /usr/bin/c++ - skipped
-- Detecting CXX compile features
-- Detecting CXX compile features - done
-- Found ament_cmake: 1.3.14 (/opt/ros/humble/share/ament_cmake/cmake)
-- Found Python3: /usr/bin/python3 (found version "3.10.12") found components: Interpreter 
-- Override CMake install command with custom implementation using symlinks instead of copying resources
-- Found ament_cmake_pytest: 1.3.14 (/opt/ros/humble/share/ament_cmake_pytest/cmake)
CMake Warning at /opt/ros/humble/share/ament_cmake_pytest/cmake/ament_add_pytest_test.cmake:79 (message):
  The Python module 'pytest' was not found, pytests cannot be run.  On Linux,
  install the 'python3-pytest' package.  On other platforms, install 'pytest'
  using pip.
Call Stack (most recent call first):
  CMakeLists.txt:27 (ament_add_pytest_test)


CMake Warning at /opt/ros/humble/share/ament_cmake_pytest/cmake/ament_add_pytest_test.cmake:79 (message):
  The Python module 'pytest' was not found, pytests cannot be run.  On Linux,
  install the 'python3-pytest' package.  On other platforms, install 'pytest'
  using pip.
Call Stack (most recent call first):
  CMakeLists.txt:27 (ament_add_pytest_test)


-- Configuring done
-- Generating done
-- Build files have been written to: /CrazySim/crazyswarm2_ws/build/crazyflie_examples
Built target ament_cmake_python_symlink_crazyflie_examples
Built target ament_cmake_python_symlink_crazyflie_examples_setup
running install_scripts
/usr/lib/python3/dist-packages/setuptools/command/install.py:34: SetuptoolsDeprecationWarning: setup.py install is deprecated. Use build and pip and other standards-based tools.
  warnings.warn(
running egg_info
creating crazyflie_examples.egg-info
writing crazyflie_examples.egg-info/PKG-INFO
writing dependency_links to crazyflie_examples.egg-info/dependency_links.txt
writing entry points to crazyflie_examples.egg-info/entry_points.txt
writing top-level names to crazyflie_examples.egg-info/top_level.txt
writing manifest file 'crazyflie_examples.egg-info/SOURCES.txt'
reading manifest file 'crazyflie_examples.egg-info/SOURCES.txt'
writing manifest file 'crazyflie_examples.egg-info/SOURCES.txt'
Installing arming script to scripts
Installing cmd_full_state script to scripts
Installing figure8 script to scripts
Installing goto_unicast script to scripts
Installing group_mask script to scripts
Installing hello_world script to scripts
Installing infinite_flight script to scripts
Installing multi_trajectory script to scripts
Installing nice_hover script to scripts
Installing set_param script to scripts
Installing swap script to scripts
running egg_info
writing crazyflie_examples.egg-info/PKG-INFO
writing dependency_links to crazyflie_examples.egg-info/dependency_links.txt
writing entry points to crazyflie_examples.egg-info/entry_points.txt
writing top-level names to crazyflie_examples.egg-info/top_level.txt
reading manifest file 'crazyflie_examples.egg-info/SOURCES.txt'
writing manifest file 'crazyflie_examples.egg-info/SOURCES.txt'
Built target ament_cmake_python_build_crazyflie_examples_scripts
Built target ament_cmake_python_build_crazyflie_examples_egg
-- Install configuration: "Release"
-- Execute custom install script
-- Symlinking: /CrazySim/crazyswarm2_ws/install/crazyflie_examples/share/crazyflie_examples/environment/pythonpath.sh
-- Symlinking: /CrazySim/crazyswarm2_ws/install/crazyflie_examples/share/crazyflie_examples/environment/pythonpath.dsv
-- Symlinking: /CrazySim/crazyswarm2_ws/install/crazyflie_examples/local/lib/python3.10/dist-packages/crazyflie_examples-1.0.3-py3.10.egg-info/PKG-INFO
-- Symlinking: /CrazySim/crazyswarm2_ws/install/crazyflie_examples/local/lib/python3.10/dist-packages/crazyflie_examples-1.0.3-py3.10.egg-info/SOURCES.txt
-- Symlinking: /CrazySim/crazyswarm2_ws/install/crazyflie_examples/local/lib/python3.10/dist-packages/crazyflie_examples-1.0.3-py3.10.egg-info/dependency_links.txt
-- Symlinking: /CrazySim/crazyswarm2_ws/install/crazyflie_examples/local/lib/python3.10/dist-packages/crazyflie_examples-1.0.3-py3.10.egg-info/entry_points.txt
-- Symlinking: /CrazySim/crazyswarm2_ws/install/crazyflie_examples/local/lib/python3.10/dist-packages/crazyflie_examples-1.0.3-py3.10.egg-info/top_level.txt
-- Symlinking: /CrazySim/crazyswarm2_ws/install/crazyflie_examples/lib/crazyflie_examples//arming
-- Symlinking: /CrazySim/crazyswarm2_ws/install/crazyflie_examples/lib/crazyflie_examples//cmd_full_state
-- Symlinking: /CrazySim/crazyswarm2_ws/install/crazyflie_examples/lib/crazyflie_examples//figure8
-- Symlinking: /CrazySim/crazyswarm2_ws/install/crazyflie_examples/lib/crazyflie_examples//goto_unicast
-- Symlinking: /CrazySim/crazyswarm2_ws/install/crazyflie_examples/lib/crazyflie_examples//group_mask
-- Symlinking: /CrazySim/crazyswarm2_ws/install/crazyflie_examples/lib/crazyflie_examples//hello_world
-- Symlinking: /CrazySim/crazyswarm2_ws/install/crazyflie_examples/lib/crazyflie_examples//infinite_flight
-- Symlinking: /CrazySim/crazyswarm2_ws/install/crazyflie_examples/lib/crazyflie_examples//multi_trajectory
-- Symlinking: /CrazySim/crazyswarm2_ws/install/crazyflie_examples/lib/crazyflie_examples//nice_hover
-- Symlinking: /CrazySim/crazyswarm2_ws/install/crazyflie_examples/lib/crazyflie_examples//set_param
-- Symlinking: /CrazySim/crazyswarm2_ws/install/crazyflie_examples/lib/crazyflie_examples//swap
-- Symlinking: /CrazySim/crazyswarm2_ws/install/crazyflie_examples/local/lib/python3.10/dist-packages/crazyflie_examples/__init__.py
-- Symlinking: /CrazySim/crazyswarm2_ws/install/crazyflie_examples/local/lib/python3.10/dist-packages/crazyflie_examples/arming.py
-- Symlinking: /CrazySim/crazyswarm2_ws/install/crazyflie_examples/local/lib/python3.10/dist-packages/crazyflie_examples/cmd_full_state.py
-- Symlinking: /CrazySim/crazyswarm2_ws/install/crazyflie_examples/local/lib/python3.10/dist-packages/crazyflie_examples/data/figure8.csv
-- Symlinking: /CrazySim/crazyswarm2_ws/install/crazyflie_examples/local/lib/python3.10/dist-packages/crazyflie_examples/data/multi_trajectory/traj0.csv
-- Symlinking: /CrazySim/crazyswarm2_ws/install/crazyflie_examples/local/lib/python3.10/dist-packages/crazyflie_examples/data/multi_trajectory/traj1.csv
-- Symlinking: /CrazySim/crazyswarm2_ws/install/crazyflie_examples/local/lib/python3.10/dist-packages/crazyflie_examples/figure8.py
-- Symlinking: /CrazySim/crazyswarm2_ws/install/crazyflie_examples/local/lib/python3.10/dist-packages/crazyflie_examples/goto_unicast.py
-- Symlinking: /CrazySim/crazyswarm2_ws/install/crazyflie_examples/local/lib/python3.10/dist-packages/crazyflie_examples/group_mask.py
-- Symlinking: /CrazySim/crazyswarm2_ws/install/crazyflie_examples/local/lib/python3.10/dist-packages/crazyflie_examples/hello_world.py
-- Symlinking: /CrazySim/crazyswarm2_ws/install/crazyflie_examples/local/lib/python3.10/dist-packages/crazyflie_examples/infinite_flight.py
-- Symlinking: /CrazySim/crazyswarm2_ws/install/crazyflie_examples/local/lib/python3.10/dist-packages/crazyflie_examples/multi_trajectory.py
-- Symlinking: /CrazySim/crazyswarm2_ws/install/crazyflie_examples/local/lib/python3.10/dist-packages/crazyflie_examples/nice_hover.py
-- Symlinking: /CrazySim/crazyswarm2_ws/install/crazyflie_examples/local/lib/python3.10/dist-packages/crazyflie_examples/set_param.py
-- Symlinking: /CrazySim/crazyswarm2_ws/install/crazyflie_examples/local/lib/python3.10/dist-packages/crazyflie_examples/swap.py
-- Symlinking: /CrazySim/crazyswarm2_ws/install/crazyflie_examples/share/crazyflie_examples//config/nav2_params.yaml
-- Symlinking: /CrazySim/crazyswarm2_ws/install/crazyflie_examples/share/crazyflie_examples//config/nav2_view.rviz
-- Symlinking: /CrazySim/crazyswarm2_ws/install/crazyflie_examples/share/crazyflie_examples//config/slam_params.yaml
-- Symlinking: /CrazySim/crazyswarm2_ws/install/crazyflie_examples/share/crazyflie_examples//data/map.data
-- Symlinking: /CrazySim/crazyswarm2_ws/install/crazyflie_examples/share/crazyflie_examples//data/map.pgm
-- Symlinking: /CrazySim/crazyswarm2_ws/install/crazyflie_examples/share/crazyflie_examples//data/map.posegraph
-- Symlinking: /CrazySim/crazyswarm2_ws/install/crazyflie_examples/share/crazyflie_examples//data/map.yaml
-- Symlinking: /CrazySim/crazyswarm2_ws/install/crazyflie_examples/share/crazyflie_examples//launch/keyboard_velmux_launch.py
-- Symlinking: /CrazySim/crazyswarm2_ws/install/crazyflie_examples/share/crazyflie_examples//launch/launch.py
-- Symlinking: /CrazySim/crazyswarm2_ws/install/crazyflie_examples/share/crazyflie_examples//launch/multiranger_mapping_launch.py
-- Symlinking: /CrazySim/crazyswarm2_ws/install/crazyflie_examples/share/crazyflie_examples//launch/multiranger_nav2_launch.py
-- Symlinking: /CrazySim/crazyswarm2_ws/install/crazyflie_examples/share/crazyflie_examples//launch/multiranger_simple_mapper_launch.py
-- Symlinking: /CrazySim/crazyswarm2_ws/install/crazyflie_examples/share/ament_index/resource_index/package_run_dependencies/crazyflie_examples
-- Symlinking: /CrazySim/crazyswarm2_ws/install/crazyflie_examples/share/ament_index/resource_index/parent_prefix_path/crazyflie_examples
-- Symlinking: /CrazySim/crazyswarm2_ws/install/crazyflie_examples/share/crazyflie_examples/environment/ament_prefix_path.sh
-- Symlinking: /CrazySim/crazyswarm2_ws/install/crazyflie_examples/share/crazyflie_examples/environment/ament_prefix_path.dsv
-- Symlinking: /CrazySim/crazyswarm2_ws/install/crazyflie_examples/share/crazyflie_examples/environment/path.sh
-- Symlinking: /CrazySim/crazyswarm2_ws/install/crazyflie_examples/share/crazyflie_examples/environment/path.dsv
-- Symlinking: /CrazySim/crazyswarm2_ws/install/crazyflie_examples/share/crazyflie_examples/local_setup.bash
-- Symlinking: /CrazySim/crazyswarm2_ws/install/crazyflie_examples/share/crazyflie_examples/local_setup.sh
-- Symlinking: /CrazySim/crazyswarm2_ws/install/crazyflie_examples/share/crazyflie_examples/local_setup.zsh
-- Symlinking: /CrazySim/crazyswarm2_ws/install/crazyflie_examples/share/crazyflie_examples/local_setup.dsv
-- Symlinking: /CrazySim/crazyswarm2_ws/install/crazyflie_examples/share/crazyflie_examples/package.dsv
-- Symlinking: /CrazySim/crazyswarm2_ws/install/crazyflie_examples/share/ament_index/resource_index/packages/crazyflie_examples
-- Symlinking: /CrazySim/crazyswarm2_ws/install/crazyflie_examples/share/crazyflie_examples/cmake/crazyflie_examplesConfig.cmake
-- Symlinking: /CrazySim/crazyswarm2_ws/install/crazyflie_examples/share/crazyflie_examples/cmake/crazyflie_examplesConfig-version.cmake
-- Symlinking: /CrazySim/crazyswarm2_ws/install/crazyflie_examples/share/crazyflie_examples/package.xml
Listing '/CrazySim/crazyswarm2_ws/install/crazyflie_examples/local/lib/python3.10/dist-packages/crazyflie_examples'...
Compiling '/CrazySim/crazyswarm2_ws/install/crazyflie_examples/local/lib/python3.10/dist-packages/crazyflie_examples/__init__.py'...
Compiling '/CrazySim/crazyswarm2_ws/install/crazyflie_examples/local/lib/python3.10/dist-packages/crazyflie_examples/arming.py'...
Compiling '/CrazySim/crazyswarm2_ws/install/crazyflie_examples/local/lib/python3.10/dist-packages/crazyflie_examples/cmd_full_state.py'...
Listing '/CrazySim/crazyswarm2_ws/install/crazyflie_examples/local/lib/python3.10/dist-packages/crazyflie_examples/data'...
Listing '/CrazySim/crazyswarm2_ws/install/crazyflie_examples/local/lib/python3.10/dist-packages/crazyflie_examples/data/multi_trajectory'...
Compiling '/CrazySim/crazyswarm2_ws/install/crazyflie_examples/local/lib/python3.10/dist-packages/crazyflie_examples/figure8.py'...
Compiling '/CrazySim/crazyswarm2_ws/install/crazyflie_examples/local/lib/python3.10/dist-packages/crazyflie_examples/goto_unicast.py'...
Compiling '/CrazySim/crazyswarm2_ws/install/crazyflie_examples/local/lib/python3.10/dist-packages/crazyflie_examples/group_mask.py'...
Compiling '/CrazySim/crazyswarm2_ws/install/crazyflie_examples/local/lib/python3.10/dist-packages/crazyflie_examples/hello_world.py'...
Compiling '/CrazySim/crazyswarm2_ws/install/crazyflie_examples/local/lib/python3.10/dist-packages/crazyflie_examples/infinite_flight.py'...
Compiling '/CrazySim/crazyswarm2_ws/install/crazyflie_examples/local/lib/python3.10/dist-packages/crazyflie_examples/multi_trajectory.py'...
Compiling '/CrazySim/crazyswarm2_ws/install/crazyflie_examples/local/lib/python3.10/dist-packages/crazyflie_examples/nice_hover.py'...
Compiling '/CrazySim/crazyswarm2_ws/install/crazyflie_examples/local/lib/python3.10/dist-packages/crazyflie_examples/set_param.py'...
Compiling '/CrazySim/crazyswarm2_ws/install/crazyflie_examples/local/lib/python3.10/dist-packages/crazyflie_examples/swap.py'...
