-- The C compiler identification is GNU 11.4.0
-- The CXX compiler identification is GNU 11.4.0
-- Detecting C compiler ABI info
-- Detecting C compiler ABI info - done
-- Check for working C compiler: /usr/bin/cc - skipped
-- Detecting C compile features
-- Detecting C compile features - done
-- Detecting CXX compiler ABI info
-- Detecting CXX compiler ABI info - done
-- Check for working CXX compiler: /usr/bin/c++ - skipped
-- Detecting CXX compile features
-- Detecting CXX compile features - done
-- Found ament_cmake: 1.3.14 (/opt/ros/humble/share/ament_cmake/cmake)
-- Found Python3: /usr/bin/python3 (found version "3.10.12") found components: Interpreter 
-- Override CMake install command with custom implementation using symlinks instead of copying resources
-- Found rclcpp: 16.0.19 (/opt/ros/humble/share/rclcpp/cmake)
-- Found rosidl_generator_c: 3.1.8 (/opt/ros/humble/share/rosidl_generator_c/cmake)
-- Found rosidl_adapter: 3.1.8 (/opt/ros/humble/share/rosidl_adapter/cmake)
-- Found rosidl_generator_cpp: 3.1.8 (/opt/ros/humble/share/rosidl_generator_cpp/cmake)
-- Using all available rosidl_typesupport_c: rosidl_typesupport_fastrtps_c;rosidl_typesupport_introspection_c
-- Using all available rosidl_typesupport_cpp: rosidl_typesupport_fastrtps_cpp;rosidl_typesupport_introspection_cpp
-- Found rmw_implementation_cmake: 6.1.2 (/opt/ros/humble/share/rmw_implementation_cmake/cmake)
-- Found rmw_fastrtps_cpp: 6.2.10 (/opt/ros/humble/share/rmw_fastrtps_cpp/cmake)
-- Found OpenSSL: /usr/lib/x86_64-linux-gnu/libcrypto.so (found version "3.0.2")  
-- Found FastRTPS: /opt/ros/humble/include  
-- Using RMW implementation 'rmw_fastrtps_cpp' as default
-- Looking for pthread.h
-- Looking for pthread.h - found
-- Performing Test CMAKE_HAVE_LIBC_PTHREAD
-- Performing Test CMAKE_HAVE_LIBC_PTHREAD - Success
-- Found Threads: TRUE  
-- Found tf2_ros: 0.25.20 (/opt/ros/humble/share/tf2_ros/cmake)
-- Found rclpy: 3.3.21 (/opt/ros/humble/share/rclpy/cmake)
-- Found std_srvs: 4.9.1 (/opt/ros/humble/share/std_srvs/cmake)
-- Found nav_msgs: 4.9.1 (/opt/ros/humble/share/nav_msgs/cmake)
-- Found sensor_msgs: 4.9.1 (/opt/ros/humble/share/sensor_msgs/cmake)
-- Found crazyflie_interfaces: 1.0.3 (/CrazySim/crazyswarm2_ws/install/crazyflie_interfaces/share/crazyflie_interfaces/cmake)
-- Found motion_capture_tracking_interfaces: 1.0.6 (/CrazySim/crazyswarm2_ws/install/motion_capture_tracking_interfaces/share/motion_capture_tracking_interfaces/cmake)
-- Found ros_environment: 3.2.2 (/opt/ros/humble/share/ros_environment/cmake)
-- Found Boost: /usr/lib/x86_64-linux-gnu/cmake/Boost-1.74.0/BoostConfig.cmake (found version "1.74.0") found components: program_options 
-- Found libusb: /usr/lib/x86_64-linux-gnu/libusb-1.0.so  
-- Configuring done
-- Generating done
-- Build files have been written to: /CrazySim/crazyswarm2_ws/build/crazyflie
[  2%] Building CXX object CMakeFiles/teleop.dir/src/teleop.cpp.o
[  4%] Building CXX object deps/crazyflie_tools/crazyflie_cpp/crazyflie-link-cpp/CMakeFiles/crazyflieLinkCpp.dir/src/USBManager.cpp.o
[  7%] Building CXX object deps/crazyflie_tools/crazyflie_cpp/crazyflie-link-cpp/CMakeFiles/crazyflieLinkCpp.dir/src/Crazyradio.cpp.o
[  9%] Building CXX object deps/crazyflie_tools/crazyflie_cpp/crazyflie-link-cpp/CMakeFiles/crazyflieLinkCpp.dir/src/CrazyflieUSB.cpp.o
[ 12%] Building CXX object deps/crazyflie_tools/crazyflie_cpp/crazyflie-link-cpp/CMakeFiles/crazyflieLinkCpp.dir/src/CrazyradioThread.cpp.o
[ 14%] Building CXX object deps/crazyflie_tools/crazyflie_cpp/crazyflie-link-cpp/CMakeFiles/crazyflieLinkCpp.dir/src/CrazyflieUDPThread.cpp.o
[ 17%] Building CXX object deps/crazyflie_tools/crazyflie_cpp/crazyflie-link-cpp/CMakeFiles/crazyflieLinkCpp.dir/src/USBDevice.cpp.o
[ 19%] Building CXX object deps/crazyflie_tools/crazyflie_cpp/crazyflie-link-cpp/CMakeFiles/crazyflieLinkCpp.dir/src/Connection.cpp.o
[ 21%] Building CXX object deps/crazyflie_tools/crazyflie_cpp/crazyflie-link-cpp/CMakeFiles/crazyflieLinkCpp.dir/src/CrazyflieUSBThread.cpp.o
[ 24%] Building CXX object deps/crazyflie_tools/crazyflie_cpp/crazyflie-link-cpp/CMakeFiles/crazyflieLinkCpp.dir/src/Version.cpp.o
[ 26%] Linking CXX static library libcrazyflieLinkCpp.a
[ 26%] Built target crazyflieLinkCpp
[ 29%] Building CXX object deps/crazyflie_tools/crazyflie_cpp/CMakeFiles/crazyflie_cpp.dir/src/crtp.cpp.o
[ 31%] Building CXX object deps/crazyflie_tools/crazyflie_cpp/CMakeFiles/crazyflie_cpp.dir/src/Crazyflie.cpp.o
[ 34%] Linking CXX static library libcrazyflie_cpp.a
[ 34%] Built target crazyflie_cpp
[ 36%] Building CXX object deps/crazyflie_tools/CMakeFiles/reboot.dir/src/reboot.cpp.o
[ 39%] Building CXX object deps/crazyflie_tools/CMakeFiles/scan.dir/src/scan.cpp.o
[ 41%] Building CXX object deps/crazyflie_tools/CMakeFiles/console.dir/src/console.cpp.o
[ 43%] Building CXX object CMakeFiles/crazyflie_server.dir/src/crazyflie_server.cpp.o
[ 46%] Building CXX object deps/crazyflie_tools/CMakeFiles/version.dir/src/version.cpp.o
[ 48%] Building CXX object deps/crazyflie_tools/CMakeFiles/listMemories.dir/src/listMemories.cpp.o
[ 51%] Building CXX object deps/crazyflie_tools/CMakeFiles/listLogVariables.dir/src/listLogVariables.cpp.o
[ 53%] Building CXX object deps/crazyflie_tools/CMakeFiles/comCheck.dir/src/comCheck.cpp.o
[ 56%] Building CXX object deps/crazyflie_tools/CMakeFiles/battery.dir/src/battery.cpp.o
[ 58%] Building CXX object deps/crazyflie_tools/CMakeFiles/log.dir/src/log.cpp.o
[ 63%] Building CXX object deps/crazyflie_tools/CMakeFiles/downloadUSDLogfile.dir/src/downloadUSDLogfile.cpp.o
[ 63%] Building CXX object deps/crazyflie_tools/CMakeFiles/listParams.dir/src/listParams.cpp.o
[ 65%] Building CXX object deps/crazyflie_tools/CMakeFiles/setParam.dir/src/setParam.cpp.o
[ 68%] Linking CXX executable scan
[ 68%] Built target scan
[ 70%] Linking CXX executable version
[ 73%] Linking CXX executable listMemories
[ 73%] Built target version
[ 73%] Built target listMemories
[ 75%] Linking CXX executable console
[ 78%] Linking CXX executable battery
[ 78%] Built target console
[ 80%] Linking CXX executable listParams
[ 80%] Built target battery
[ 82%] Linking CXX executable listLogVariables
[ 85%] Linking CXX executable downloadUSDLogfile
[ 85%] Built target listParams
[ 85%] Built target listLogVariables
[ 85%] Built target downloadUSDLogfile
[ 87%] Linking CXX executable reboot
[ 87%] Built target reboot
[ 90%] Linking CXX executable comCheck
[ 90%] Built target comCheck
[ 92%] Linking CXX executable log
[ 92%] Built target log
[ 95%] Linking CXX executable setParam
[ 95%] Built target setParam
[ 97%] Linking CXX executable teleop
[ 97%] Built target teleop
[100%] Linking CXX executable crazyflie_server
[100%] Built target crazyflie_server
-- Install configuration: "Release"
-- Execute custom install script
-- Symlinking: /CrazySim/crazyswarm2_ws/install/crazyflie/lib/crazyflie/comCheck
-- Symlinking: /CrazySim/crazyswarm2_ws/install/crazyflie/lib/crazyflie/scan
-- Symlinking: /CrazySim/crazyswarm2_ws/install/crazyflie/lib/crazyflie/listParams
-- Symlinking: /CrazySim/crazyswarm2_ws/install/crazyflie/lib/crazyflie/listLogVariables
-- Symlinking: /CrazySim/crazyswarm2_ws/install/crazyflie/lib/crazyflie/listMemories
-- Symlinking: /CrazySim/crazyswarm2_ws/install/crazyflie/lib/crazyflie/reboot
-- Symlinking: /CrazySim/crazyswarm2_ws/install/crazyflie/lib/crazyflie/battery
-- Symlinking: /CrazySim/crazyswarm2_ws/install/crazyflie/lib/crazyflie/version
-- Symlinking: /CrazySim/crazyswarm2_ws/install/crazyflie/lib/crazyflie/console
-- Symlinking: /CrazySim/crazyswarm2_ws/install/crazyflie/lib/crazyflie/log
-- Symlinking: /CrazySim/crazyswarm2_ws/install/crazyflie/lib/crazyflie/setParam
-- Symlinking: /CrazySim/crazyswarm2_ws/install/crazyflie/lib/crazyflie/downloadUSDLogfile
-- Symlinking: /CrazySim/crazyswarm2_ws/install/crazyflie/lib/crazyflie/teleop
-- Symlinking: /CrazySim/crazyswarm2_ws/install/crazyflie/lib/crazyflie/crazyflie_server
-- Symlinking: /CrazySim/crazyswarm2_ws/install/crazyflie/lib/crazyflie/crazyflie_server.py
-- Symlinking: /CrazySim/crazyswarm2_ws/install/crazyflie/lib/crazyflie/chooser.py
-- Symlinking: /CrazySim/crazyswarm2_ws/install/crazyflie/lib/crazyflie/vel_mux.py
-- Symlinking: /CrazySim/crazyswarm2_ws/install/crazyflie/lib/crazyflie/cfmult.py
-- Symlinking: /CrazySim/crazyswarm2_ws/install/crazyflie/lib/crazyflie/simple_mapper_multiranger.py
-- Symlinking: /CrazySim/crazyswarm2_ws/install/crazyflie/lib/crazyflie/aideck_streamer.py
-- Symlinking: /CrazySim/crazyswarm2_ws/install/crazyflie/lib/crazyflie/gui.py
-- Symlinking: /CrazySim/crazyswarm2_ws/install/crazyflie/lib/crazyflie/flash.py
-- Symlinking: /CrazySim/crazyswarm2_ws/install/crazyflie/share/crazyflie//launch/launch.py
-- Symlinking: /CrazySim/crazyswarm2_ws/install/crazyflie/share/crazyflie//launch/launch_teleop2.py
-- Symlinking: /CrazySim/crazyswarm2_ws/install/crazyflie/share/crazyflie//launch/teleop_launch.py
-- Symlinking: /CrazySim/crazyswarm2_ws/install/crazyflie/share/crazyflie//config/aideck_streamer.yaml
-- Symlinking: /CrazySim/crazyswarm2_ws/install/crazyflie/share/crazyflie//config/config.rviz
-- Symlinking: /CrazySim/crazyswarm2_ws/install/crazyflie/share/crazyflie//config/crazyflies.yaml
-- Symlinking: /CrazySim/crazyswarm2_ws/install/crazyflie/share/crazyflie//config/motion_capture.yaml
-- Symlinking: /CrazySim/crazyswarm2_ws/install/crazyflie/share/crazyflie//config/server.yaml
-- Symlinking: /CrazySim/crazyswarm2_ws/install/crazyflie/share/crazyflie//config/teleop.yaml
-- Symlinking: /CrazySim/crazyswarm2_ws/install/crazyflie/share/crazyflie//urdf/cf2_assembly.stl
-- Symlinking: /CrazySim/crazyswarm2_ws/install/crazyflie/share/crazyflie//urdf/cf2_assembly_with_props.dae
-- Symlinking: /CrazySim/crazyswarm2_ws/install/crazyflie/share/crazyflie//urdf/crazyflie_description.urdf
-- Symlinking: /CrazySim/crazyswarm2_ws/install/crazyflie/share/ament_index/resource_index/package_run_dependencies/crazyflie
-- Symlinking: /CrazySim/crazyswarm2_ws/install/crazyflie/share/ament_index/resource_index/parent_prefix_path/crazyflie
-- Symlinking: /CrazySim/crazyswarm2_ws/install/crazyflie/share/crazyflie/environment/ament_prefix_path.sh
-- Symlinking: /CrazySim/crazyswarm2_ws/install/crazyflie/share/crazyflie/environment/ament_prefix_path.dsv
-- Symlinking: /CrazySim/crazyswarm2_ws/install/crazyflie/share/crazyflie/environment/path.sh
-- Symlinking: /CrazySim/crazyswarm2_ws/install/crazyflie/share/crazyflie/environment/path.dsv
-- Symlinking: /CrazySim/crazyswarm2_ws/install/crazyflie/share/crazyflie/local_setup.bash
-- Symlinking: /CrazySim/crazyswarm2_ws/install/crazyflie/share/crazyflie/local_setup.sh
-- Symlinking: /CrazySim/crazyswarm2_ws/install/crazyflie/share/crazyflie/local_setup.zsh
-- Symlinking: /CrazySim/crazyswarm2_ws/install/crazyflie/share/crazyflie/local_setup.dsv
-- Symlinking: /CrazySim/crazyswarm2_ws/install/crazyflie/share/crazyflie/package.dsv
-- Symlinking: /CrazySim/crazyswarm2_ws/install/crazyflie/share/ament_index/resource_index/packages/crazyflie
-- Symlinking: /CrazySim/crazyswarm2_ws/install/crazyflie/share/crazyflie/cmake/crazyflieConfig.cmake
-- Symlinking: /CrazySim/crazyswarm2_ws/install/crazyflie/share/crazyflie/cmake/crazyflieConfig-version.cmake
-- Symlinking: /CrazySim/crazyswarm2_ws/install/crazyflie/share/crazyflie/package.xml
