CMake Warning (dev) at deps/librigidbodytracker/CMakeLists.txt:7 (find_package):
  Policy CMP0074 is not set: find_package uses <PackageName>_ROOT variables.
  Run "cmake --help-policy CMP0074" for policy details.  Use the cmake_policy
  command to set the policy and suppress this warning.

  CMake variable PCL_ROOT is set to:

    /usr

  For compatibility, CMake is ignoring the variable.
This warning is for project developers.  Use -Wno-dev to suppress it.

** WARNING ** io features related to pcap will be disabled
CMake Warning (dev) at deps/libmotioncapture/CMakeLists.txt:5 (option):
  Policy CMP0077 is not set: option() honors normal variables.  Run "cmake
  --help-policy CMP0077" for policy details.  Use the cmake_policy command to
  set the policy and suppress this warning.

  For compatibility with older versions of CMake, option is clearing the
  normal variable 'LIBMOTIONCAPTURE_BUILD_PYTHON_BINDINGS'.
This warning is for project developers.  Use -Wno-dev to suppress it.

CMake Warning (dev) at deps/libmotioncapture/CMakeLists.txt:6 (option):
  Policy CMP0077 is not set: option() honors normal variables.  Run "cmake
  --help-policy CMP0077" for policy details.  Use the cmake_policy command to
  set the policy and suppress this warning.

  For compatibility with older versions of CMake, option is clearing the
  normal variable 'LIBMOTIONCAPTURE_ENABLE_QUALISYS'.
This warning is for project developers.  Use -Wno-dev to suppress it.

CMake Warning (dev) at deps/libmotioncapture/CMakeLists.txt:7 (option):
  Policy CMP0077 is not set: option() honors normal variables.  Run "cmake
  --help-policy CMP0077" for policy details.  Use the cmake_policy command to
  set the policy and suppress this warning.

  For compatibility with older versions of CMake, option is clearing the
  normal variable 'LIBMOTIONCAPTURE_ENABLE_OPTITRACK'.
This warning is for project developers.  Use -Wno-dev to suppress it.

CMake Warning (dev) at deps/libmotioncapture/CMakeLists.txt:8 (option):
  Policy CMP0077 is not set: option() honors normal variables.  Run "cmake
  --help-policy CMP0077" for policy details.  Use the cmake_policy command to
  set the policy and suppress this warning.

  For compatibility with older versions of CMake, option is clearing the
  normal variable 'LIBMOTIONCAPTURE_ENABLE_OPTITRACK_CLOSED_SOURCE'.
This warning is for project developers.  Use -Wno-dev to suppress it.

CMake Warning (dev) at deps/libmotioncapture/CMakeLists.txt:9 (option):
  Policy CMP0077 is not set: option() honors normal variables.  Run "cmake
  --help-policy CMP0077" for policy details.  Use the cmake_policy command to
  set the policy and suppress this warning.

  For compatibility with older versions of CMake, option is clearing the
  normal variable 'LIBMOTIONCAPTURE_ENABLE_VICON'.
This warning is for project developers.  Use -Wno-dev to suppress it.

CMake Warning (dev) at deps/libmotioncapture/CMakeLists.txt:10 (option):
  Policy CMP0077 is not set: option() honors normal variables.  Run "cmake
  --help-policy CMP0077" for policy details.  Use the cmake_policy command to
  set the policy and suppress this warning.

  For compatibility with older versions of CMake, option is clearing the
  normal variable 'LIBMOTIONCAPTURE_ENABLE_NOKOV'.
This warning is for project developers.  Use -Wno-dev to suppress it.

CMake Warning (dev) at deps/libmotioncapture/CMakeLists.txt:11 (option):
  Policy CMP0077 is not set: option() honors normal variables.  Run "cmake
  --help-policy CMP0077" for policy details.  Use the cmake_policy command to
  set the policy and suppress this warning.

  For compatibility with older versions of CMake, option is clearing the
  normal variable 'LIBMOTIONCAPTURE_ENABLE_VRPN'.
This warning is for project developers.  Use -Wno-dev to suppress it.

CMake Warning (dev) at deps/libmotioncapture/CMakeLists.txt:12 (option):
  Policy CMP0077 is not set: option() honors normal variables.  Run "cmake
  --help-policy CMP0077" for policy details.  Use the cmake_policy command to
  set the policy and suppress this warning.

  For compatibility with older versions of CMake, option is clearing the
  normal variable 'LIBMOTIONCAPTURE_ENABLE_FZMOTION'.
This warning is for project developers.  Use -Wno-dev to suppress it.

CMake Warning (dev) at deps/libmotioncapture/CMakeLists.txt:13 (option):
  Policy CMP0077 is not set: option() honors normal variables.  Run "cmake
  --help-policy CMP0077" for policy details.  Use the cmake_policy command to
  set the policy and suppress this warning.

  For compatibility with older versions of CMake, option is clearing the
  normal variable 'LIBMOTIONCAPTURE_ENABLE_MOTIONANALYSIS'.
This warning is for project developers.  Use -Wno-dev to suppress it.

CMake Warning (dev) at deps/libmotioncapture/CMakeLists.txt:14 (option):
  Policy CMP0077 is not set: option() honors normal variables.  Run "cmake
  --help-policy CMP0077" for policy details.  Use the cmake_policy command to
  set the policy and suppress this warning.

  For compatibility with older versions of CMake, option is clearing the
  normal variable 'LIBMOTIONCAPTURE_BUILD_EXAMPLE'.
This warning is for project developers.  Use -Wno-dev to suppress it.

including vicon
including optitrack
Including optitrack_closed_source
including qualisys
including vrpn
CMake Deprecation Warning at deps/libmotioncapture/deps/vrpn/CMakeLists.txt:1 (cmake_minimum_required):
  Compatibility with CMake < 2.8.12 will be removed from a future version of
  CMake.

  Update the VERSION argument <min> value or use a ...<max> suffix to tell
  CMake that the project does not need compatibility with older versions.


CMake Deprecation Warning at deps/libmotioncapture/deps/vrpn/quat/CMakeLists.txt:1 (cmake_minimum_required):
  Compatibility with CMake < 2.8.12 will be removed from a future version of
  CMake.

  Update the VERSION argument <min> value or use a ...<max> suffix to tell
  CMake that the project does not need compatibility with older versions.


CMake Deprecation Warning at deps/libmotioncapture/deps/vrpn/cmake/FindOpenHaptics.cmake:56 (cmake_minimum_required):
  Compatibility with CMake < 2.8.12 will be removed from a future version of
  CMake.

  Update the VERSION argument <min> value or use a ...<max> suffix to tell
  CMake that the project does not need compatibility with older versions.
Call Stack (most recent call first):
  deps/libmotioncapture/deps/vrpn/CMakeLists.txt:468 (find_package)


CMake Warning (dev) at /usr/share/cmake-3.22/Modules/FindPackageHandleStandardArgs.cmake:438 (message):
  The package name passed to `find_package_handle_standard_args` (I2CDEV)
  does not match the name of the calling package (libi2c-dev).  This can lead
  to problems in calling code that expects `find_package` result variables
  (e.g., `_FOUND`) to follow a certain pattern.
Call Stack (most recent call first):
  deps/libmotioncapture/deps/vrpn/cmake/Findlibi2c-dev.cmake:43 (find_package_handle_standard_args)
  deps/libmotioncapture/deps/vrpn/CMakeLists.txt:518 (find_package)
This warning is for project developers.  Use -Wno-dev to suppress it.

CMake Deprecation Warning at deps/libmotioncapture/deps/vrpn/client_src/CMakeLists.txt:1 (cmake_minimum_required):
  Compatibility with CMake < 2.8.12 will be removed from a future version of
  CMake.

  Update the VERSION argument <min> value or use a ...<max> suffix to tell
  CMake that the project does not need compatibility with older versions.


including fzmotion
In file included from /CrazySim/crazyswarm2_ws/src/motion_capture_tracking/motion_capture_tracking/deps/libmotioncapture/deps/qualisys_cpp_sdk/Markup.cpp:18:
/CrazySim/crazyswarm2_ws/src/motion_capture_tracking/motion_capture_tracking/deps/libmotioncapture/deps/qualisys_cpp_sdk/Markup.h: In copy constructor ‘CMarkup::ElemPos::ElemPos(const CMarkup::ElemPos&)’:
/CrazySim/crazyswarm2_ws/src/motion_capture_tracking/motion_capture_tracking/deps/libmotioncapture/deps/qualisys_cpp_sdk/Markup.h:89:55: warning: implicitly-declared ‘constexpr CMarkup::ElemPos& CMarkup::ElemPos::operator=(const CMarkup::ElemPos&)’ is deprecated [-Wdeprecated-copy]
   89 |                 ElemPos(const ElemPos& pos) { *this = pos; };
      |                                                       ^~~
/CrazySim/crazyswarm2_ws/src/motion_capture_tracking/motion_capture_tracking/deps/libmotioncapture/deps/qualisys_cpp_sdk/Markup.h:89:17: note: because ‘CMarkup::ElemPos’ has user-provided ‘CMarkup::ElemPos::ElemPos(const CMarkup::ElemPos&)’
   89 |                 ElemPos(const ElemPos& pos) { *this = pos; };
      |                 ^~~~~~~
/CrazySim/crazyswarm2_ws/src/motion_capture_tracking/motion_capture_tracking/deps/libmotioncapture/deps/qualisys_cpp_sdk/RTPacket.cpp: In member function ‘float CRTPacket::SetByteOrder(float*)’:
/CrazySim/crazyswarm2_ws/src/motion_capture_tracking/motion_capture_tracking/deps/libmotioncapture/deps/qualisys_cpp_sdk/RTPacket.cpp:1837:18: warning: dereferencing type-punned pointer will break strict-aliasing rules [-Wstrict-aliasing]
 1837 |         return *((float*)&nTmp);
      |                 ~^~~~~~~~~~~~~~
/CrazySim/crazyswarm2_ws/src/motion_capture_tracking/motion_capture_tracking/deps/libmotioncapture/deps/qualisys_cpp_sdk/RTPacket.cpp: In member function ‘double CRTPacket::SetByteOrder(double*)’:
/CrazySim/crazyswarm2_ws/src/motion_capture_tracking/motion_capture_tracking/deps/libmotioncapture/deps/qualisys_cpp_sdk/RTPacket.cpp:1849:18: warning: dereferencing type-punned pointer will break strict-aliasing rules [-Wstrict-aliasing]
 1849 |         return *((double*)&nTmp);
      |                 ~^~~~~~~~~~~~~~~
In file included from /CrazySim/crazyswarm2_ws/src/motion_capture_tracking/motion_capture_tracking/deps/libmotioncapture/deps/qualisys_cpp_sdk/RTProtocol.cpp:17:
/CrazySim/crazyswarm2_ws/src/motion_capture_tracking/motion_capture_tracking/deps/libmotioncapture/deps/qualisys_cpp_sdk/Markup.h: In copy constructor ‘CMarkup::ElemPos::ElemPos(const CMarkup::ElemPos&)’:
/CrazySim/crazyswarm2_ws/src/motion_capture_tracking/motion_capture_tracking/deps/libmotioncapture/deps/qualisys_cpp_sdk/Markup.h:89:55: warning: implicitly-declared ‘constexpr CMarkup::ElemPos& CMarkup::ElemPos::operator=(const CMarkup::ElemPos&)’ is deprecated [-Wdeprecated-copy]
   89 |                 ElemPos(const ElemPos& pos) { *this = pos; };
      |                                                       ^~~
/CrazySim/crazyswarm2_ws/src/motion_capture_tracking/motion_capture_tracking/deps/libmotioncapture/deps/qualisys_cpp_sdk/Markup.h:89:17: note: because ‘CMarkup::ElemPos’ has user-provided ‘CMarkup::ElemPos::ElemPos(const CMarkup::ElemPos&)’
   89 |                 ElemPos(const ElemPos& pos) { *this = pos; };
      |                 ^~~~~~~
/CrazySim/crazyswarm2_ws/src/motion_capture_tracking/motion_capture_tracking/deps/libmotioncapture/deps/vrpn/vrpn_EndpointContainer.C: In member function ‘void vrpn::EndpointContainer::compact_()’:
/CrazySim/crazyswarm2_ws/src/motion_capture_tracking/motion_capture_tracking/deps/libmotioncapture/deps/vrpn/vrpn_EndpointContainer.C:91:19: warning: unused variable ‘before’ [-Wunused-variable]
   91 |         size_type before = get_full_container_size();
      |                   ^~~~~~
In file included from /usr/include/string.h:535,
                 from /CrazySim/crazyswarm2_ws/src/motion_capture_tracking/motion_capture_tracking/deps/libmotioncapture/deps/vrpn/vrpn_Connection.C:12:
In function ‘char* strncpy(char*, const char*, size_t)’,
    inlined from ‘void vrpn_strcpy(char (&)[charCount], const char*) [with long unsigned int charCount = 150]’ at /CrazySim/crazyswarm2_ws/src/motion_capture_tracking/motion_capture_tracking/deps/libmotioncapture/deps/vrpn/vrpn_Shared.h:516:10,
    inlined from ‘static int vrpn_Connection_IP::handle_UDP_message(void*, vrpn_HANDLERPARAM)’ at /CrazySim/crazyswarm2_ws/src/motion_capture_tracking/motion_capture_tracking/deps/libmotioncapture/deps/vrpn/vrpn_Connection.C:5696:16:
/usr/include/x86_64-linux-gnu/bits/string_fortified.h:95:34: warning: ‘char* __builtin_strncpy(char*, const char*, long unsigned int)’ output may be truncated copying 149 bytes from a string of length 999 [-Wstringop-truncation]
   95 |   return __builtin___strncpy_chk (__dest, __src, __len,
      |          ~~~~~~~~~~~~~~~~~~~~~~~~^~~~~~~~~~~~~~~~~~~~~~
   96 |                                   __glibc_objsize (__dest));
      |                                   ~~~~~~~~~~~~~~~~~~~~~~~~~
/CrazySim/crazyswarm2_ws/src/motion_capture_tracking/motion_capture_tracking/deps/libmotioncapture/deps/qualisys_cpp_sdk/RTProtocol.cpp: In member function ‘bool CRTProtocol::GetCapture(const char*, bool)’:
/CrazySim/crazyswarm2_ws/src/motion_capture_tracking/motion_capture_tracking/deps/libmotioncapture/deps/qualisys_cpp_sdk/RTProtocol.cpp:651:66: warning: ‘%s’ directive writing up to 1023 bytes into a region of size 1004 [-Wformat-overflow=]
  651 |                         sprintf(maErrorStr, "No packet received. %s.", maErrorStr);
      |                                                                  ^~
In file included from /usr/include/stdio.h:894,
                 from /usr/include/c++/11/cstdio:42,
                 from /usr/include/c++/11/ext/string_conversions.h:43,
                 from /usr/include/c++/11/bits/basic_string.h:6608,
                 from /usr/include/c++/11/string:55,
                 from /usr/include/c++/11/bits/locale_classes.h:40,
                 from /usr/include/c++/11/bits/ios_base.h:41,
                 from /usr/include/c++/11/ios:42,
                 from /usr/include/c++/11/istream:38,
                 from /usr/include/c++/11/sstream:38,
                 from /CrazySim/crazyswarm2_ws/src/motion_capture_tracking/motion_capture_tracking/deps/libmotioncapture/deps/qualisys_cpp_sdk/RTProtocol.cpp:8:
/usr/include/x86_64-linux-gnu/bits/stdio2.h:38:34: note: ‘__builtin___sprintf_chk’ output between 22 and 1045 bytes into a destination of size 1024
   38 |   return __builtin___sprintf_chk (__s, __USE_FORTIFY_LEVEL - 1,
      |          ~~~~~~~~~~~~~~~~~~~~~~~~^~~~~~~~~~~~~~~~~~~~~~~~~~~~~~
   39 |                                   __glibc_objsize (__s), __fmt,
      |                                   ~~~~~~~~~~~~~~~~~~~~~~~~~~~~~
   40 |                                   __va_arg_pack ());
      |                                   ~~~~~~~~~~~~~~~~~
/CrazySim/crazyswarm2_ws/src/motion_capture_tracking/motion_capture_tracking/deps/libmotioncapture/deps/qualisys_cpp_sdk/RTProtocol.cpp: In member function ‘bool CRTProtocol::SetQTMEvent(const char*)’:
/CrazySim/crazyswarm2_ws/src/motion_capture_tracking/motion_capture_tracking/deps/libmotioncapture/deps/qualisys_cpp_sdk/RTProtocol.cpp:704:28: warning: ‘%s’ directive writing up to 92 bytes into a region of size between 88 and 94 [-Wformat-overflow=]
  704 |         sprintf(tTemp, "%s %s", (mnMajorVersion > 1 || mnMinorVersion > 7) ? "SetQTMEvent" : "Event", pLabel);
      |                            ^~
In file included from /usr/include/stdio.h:894,
                 from /usr/include/c++/11/cstdio:42,
                 from /usr/include/c++/11/ext/string_conversions.h:43,
                 from /usr/include/c++/11/bits/basic_string.h:6608,
                 from /usr/include/c++/11/string:55,
                 from /usr/include/c++/11/bits/locale_classes.h:40,
                 from /usr/include/c++/11/bits/ios_base.h:41,
                 from /usr/include/c++/11/ios:42,
                 from /usr/include/c++/11/istream:38,
                 from /usr/include/c++/11/sstream:38,
                 from /CrazySim/crazyswarm2_ws/src/motion_capture_tracking/motion_capture_tracking/deps/libmotioncapture/deps/qualisys_cpp_sdk/RTProtocol.cpp:8:
/usr/include/x86_64-linux-gnu/bits/stdio2.h:38:34: note: ‘__builtin___sprintf_chk’ output between 7 and 105 bytes into a destination of size 100
   38 |   return __builtin___sprintf_chk (__s, __USE_FORTIFY_LEVEL - 1,
      |          ~~~~~~~~~~~~~~~~~~~~~~~~^~~~~~~~~~~~~~~~~~~~~~~~~~~~~~
   39 |                                   __glibc_objsize (__s), __fmt,
      |                                   ~~~~~~~~~~~~~~~~~~~~~~~~~~~~~
   40 |                                   __va_arg_pack ());
      |                                   ~~~~~~~~~~~~~~~~~
/CrazySim/crazyswarm2_ws/src/motion_capture_tracking/motion_capture_tracking/deps/libmotioncapture/deps/qualisys_cpp_sdk/RTProtocol.cpp: In member function ‘bool CRTProtocol::SaveCapture(const char*, bool, char*, int)’:
/CrazySim/crazyswarm2_ws/src/motion_capture_tracking/motion_capture_tracking/deps/libmotioncapture/deps/qualisys_cpp_sdk/RTProtocol.cpp:995:32: warning: ‘%s’ directive writing up to 10 bytes into a region of size between 1 and 95 [-Wformat-overflow=]
  995 |         sprintf(tTemp, "Save %s%s", pFileName, bOverwrite ? " Overwrite" : "");
      |                                ^~
In file included from /usr/include/stdio.h:894,
                 from /usr/include/c++/11/cstdio:42,
                 from /usr/include/c++/11/ext/string_conversions.h:43,
                 from /usr/include/c++/11/bits/basic_string.h:6608,
                 from /usr/include/c++/11/string:55,
                 from /usr/include/c++/11/bits/locale_classes.h:40,
                 from /usr/include/c++/11/bits/ios_base.h:41,
                 from /usr/include/c++/11/ios:42,
                 from /usr/include/c++/11/istream:38,
                 from /usr/include/c++/11/sstream:38,
                 from /CrazySim/crazyswarm2_ws/src/motion_capture_tracking/motion_capture_tracking/deps/libmotioncapture/deps/qualisys_cpp_sdk/RTProtocol.cpp:8:
/usr/include/x86_64-linux-gnu/bits/stdio2.h:38:34: note: ‘__builtin___sprintf_chk’ output between 6 and 110 bytes into a destination of size 100
   38 |   return __builtin___sprintf_chk (__s, __USE_FORTIFY_LEVEL - 1,
      |          ~~~~~~~~~~~~~~~~~~~~~~~~^~~~~~~~~~~~~~~~~~~~~~~~~~~~~~
   39 |                                   __glibc_objsize (__s), __fmt,
      |                                   ~~~~~~~~~~~~~~~~~~~~~~~~~~~~~
   40 |                                   __va_arg_pack ());
      |                                   ~~~~~~~~~~~~~~~~~
/CrazySim/crazyswarm2_ws/src/motion_capture_tracking/motion_capture_tracking/deps/libmotioncapture/deps/qualisys_cpp_sdk/RTProtocol.cpp: In member function ‘bool CRTProtocol::LoadProject(const char*)’:
/CrazySim/crazyswarm2_ws/src/motion_capture_tracking/motion_capture_tracking/deps/libmotioncapture/deps/qualisys_cpp_sdk/RTProtocol.cpp:1040:37: warning: ‘%s’ directive writing up to 94 bytes into a region of size 88 [-Wformat-overflow=]
 1040 |         sprintf(tTemp, "LoadProject %s", pFileName);
      |                                     ^~
In file included from /usr/include/stdio.h:894,
                 from /usr/include/c++/11/cstdio:42,
                 from /usr/include/c++/11/ext/string_conversions.h:43,
                 from /usr/include/c++/11/bits/basic_string.h:6608,
                 from /usr/include/c++/11/string:55,
                 from /usr/include/c++/11/bits/locale_classes.h:40,
                 from /usr/include/c++/11/bits/ios_base.h:41,
                 from /usr/include/c++/11/ios:42,
                 from /usr/include/c++/11/istream:38,
                 from /usr/include/c++/11/sstream:38,
                 from /CrazySim/crazyswarm2_ws/src/motion_capture_tracking/motion_capture_tracking/deps/libmotioncapture/deps/qualisys_cpp_sdk/RTProtocol.cpp:8:
/usr/include/x86_64-linux-gnu/bits/stdio2.h:38:34: note: ‘__builtin___sprintf_chk’ output between 13 and 107 bytes into a destination of size 100
   38 |   return __builtin___sprintf_chk (__s, __USE_FORTIFY_LEVEL - 1,
      |          ~~~~~~~~~~~~~~~~~~~~~~~~^~~~~~~~~~~~~~~~~~~~~~~~~~~~~~
   39 |                                   __glibc_objsize (__s), __fmt,
      |                                   ~~~~~~~~~~~~~~~~~~~~~~~~~~~~~
   40 |                                   __va_arg_pack ());
      |                                   ~~~~~~~~~~~~~~~~~
In file included from /CrazySim/crazyswarm2_ws/src/motion_capture_tracking/motion_capture_tracking/deps/librigidbodytracker/src/rigid_body_tracker.cpp:14:
/CrazySim/crazyswarm2_ws/src/motion_capture_tracking/motion_capture_tracking/deps/librigidbodytracker/src/cbs_group_constraint.hpp: In function ‘void createConstraintsFromConflict(const std::map<std::__cxx11::basic_string<char>, std::set<std::__cxx11::basic_string<char> > >&, const string&, std::set<std::set<Constraint> >&)’:
/CrazySim/crazyswarm2_ws/src/motion_capture_tracking/motion_capture_tracking/deps/librigidbodytracker/src/cbs_group_constraint.hpp:148:7: warning: unused variable ‘count’ [-Wunused-variable]
  148 |   int count = 0;
      |       ^~~~~
In file included from /CrazySim/crazyswarm2_ws/src/motion_capture_tracking/motion_capture_tracking/deps/librigidbodytracker/src/rigid_body_tracker.cpp:1:
/CrazySim/crazyswarm2_ws/src/motion_capture_tracking/motion_capture_tracking/deps/librigidbodytracker/include/librigidbodytracker/rigid_body_tracker.h: In constructor ‘librigidbodytracker::RigidBodyTracker::RigidBodyTracker(const std::vector<librigidbodytracker::DynamicsConfiguration>&, const std::vector<std::shared_ptr<pcl::PointCloud<pcl::PointXYZ> > >&, const std::vector<librigidbodytracker::RigidBody>&)’:
/CrazySim/crazyswarm2_ws/src/motion_capture_tracking/motion_capture_tracking/deps/librigidbodytracker/include/librigidbodytracker/rigid_body_tracker.h:126:18: warning: ‘librigidbodytracker::RigidBodyTracker::m_trackingMode’ will be initialized after [-Wreorder]
  126 |     TrackingMode m_trackingMode;
      |                  ^~~~~~~~~~~~~~
/CrazySim/crazyswarm2_ws/src/motion_capture_tracking/motion_capture_tracking/deps/librigidbodytracker/include/librigidbodytracker/rigid_body_tracker.h:123:10: warning:   ‘bool librigidbodytracker::RigidBodyTracker::m_initialized’ [-Wreorder]
  123 |     bool m_initialized;
      |          ^~~~~~~~~~~~~
/CrazySim/crazyswarm2_ws/src/motion_capture_tracking/motion_capture_tracking/deps/librigidbodytracker/src/rigid_body_tracker.cpp:77:1: warning:   when initialized here [-Wreorder]
   77 | RigidBodyTracker::RigidBodyTracker(
      | ^~~~~~~~~~~~~~~~
/CrazySim/crazyswarm2_ws/src/motion_capture_tracking/motion_capture_tracking/deps/librigidbodytracker/src/rigid_body_tracker.cpp: In member function ‘bool librigidbodytracker::RigidBodyTracker::initializePose(pcl::PointCloud<pcl::PointXYZ>::ConstPtr)’:
/CrazySim/crazyswarm2_ws/src/motion_capture_tracking/motion_capture_tracking/deps/librigidbodytracker/src/rigid_body_tracker.cpp:167:21: warning: comparison of integer expressions of different signedness: ‘int’ and ‘const size_t’ {aka ‘const long unsigned int’} [-Wsign-compare]
  167 |   for (int i = 0; i < numRigidBodies; ++i) {
      |                   ~~^~~~~~~~~~~~~~~~
/CrazySim/crazyswarm2_ws/src/motion_capture_tracking/motion_capture_tracking/deps/librigidbodytracker/src/rigid_body_tracker.cpp:169:27: warning: comparison of integer expressions of different signedness: ‘int’ and ‘const size_t’ {aka ‘const long unsigned int’} [-Wsign-compare]
  169 |     for (int j = i + 1; j < numRigidBodies; ++j) {
      |                         ~~^~~~~~~~~~~~~~~~
/CrazySim/crazyswarm2_ws/src/motion_capture_tracking/motion_capture_tracking/deps/librigidbodytracker/src/rigid_body_tracker.cpp:180:25: warning: comparison of integer expressions of different signedness: ‘int’ and ‘const size_t’ {aka ‘const long unsigned int’} [-Wsign-compare]
  180 |   for (int iRb = 0; iRb < numRigidBodies; ++iRb) {
      |                     ~~~~^~~~~~~~~~~~~~~~
/CrazySim/crazyswarm2_ws/src/motion_capture_tracking/motion_capture_tracking/deps/librigidbodytracker/src/rigid_body_tracker.cpp:195:16: warning: comparison of integer expressions of different signedness: ‘int’ and ‘const size_t’ {aka ‘const long unsigned int’} [-Wsign-compare]
  195 |     if (nFound < rbNpts) {
      |         ~~~~~~~^~~~~~~~
/CrazySim/crazyswarm2_ws/src/motion_capture_tracking/motion_capture_tracking/deps/librigidbodytracker/src/rigid_body_tracker.cpp:208:23: warning: comparison of integer expressions of different signedness: ‘int’ and ‘const size_t’ {aka ‘const long unsigned int’} [-Wsign-compare]
  208 |     for (int i = 0; i < rbNpts; ++i) {
      |                     ~~^~~~~~~~
/CrazySim/crazyswarm2_ws/src/motion_capture_tracking/motion_capture_tracking/deps/librigidbodytracker/src/rigid_body_tracker.cpp: In member function ‘bool librigidbodytracker::RigidBodyTracker::initializePosition(std::chrono::_V2::system_clock::time_point, pcl::PointCloud<pcl::PointXYZ>::ConstPtr)’:
/CrazySim/crazyswarm2_ws/src/motion_capture_tracking/motion_capture_tracking/deps/librigidbodytracker/src/rigid_body_tracker.cpp:426:8: warning: unused variable ‘totalCost’ [-Wunused-variable]
  426 |   long totalCost = assignment.solve(solution);
      |        ^~~~~~~~~
/CrazySim/crazyswarm2_ws/src/motion_capture_tracking/motion_capture_tracking/deps/librigidbodytracker/src/rigid_body_tracker.cpp: In member function ‘void librigidbodytracker::RigidBodyTracker::updatePosition(std::chrono::_V2::system_clock::time_point, pcl::PointCloud<pcl::PointXYZ>::ConstPtr)’:
/CrazySim/crazyswarm2_ws/src/motion_capture_tracking/motion_capture_tracking/deps/librigidbodytracker/src/rigid_body_tracker.cpp:481:25: warning: comparison of integer expressions of different signedness: ‘int’ and ‘const size_t’ {aka ‘const long unsigned int’} [-Wsign-compare]
  481 |   for (int iRb = 0; iRb < numRigidBodies; ++iRb) {
      |                     ~~~~^~~~~~~~~~~~~~~~
/CrazySim/crazyswarm2_ws/src/motion_capture_tracking/motion_capture_tracking/deps/librigidbodytracker/src/rigid_body_tracker.cpp:537:8: warning: unused variable ‘totalCost’ [-Wunused-variable]
  537 |   long totalCost = assignment.solve(solution);
      |        ^~~~~~~~~
/CrazySim/crazyswarm2_ws/src/motion_capture_tracking/motion_capture_tracking/deps/librigidbodytracker/src/rigid_body_tracker.cpp: In member function ‘bool librigidbodytracker::RigidBodyTracker::initializeHybrid(std::chrono::_V2::system_clock::time_point, pcl::PointCloud<pcl::PointXYZ>::ConstPtr)’:
/CrazySim/crazyswarm2_ws/src/motion_capture_tracking/motion_capture_tracking/deps/librigidbodytracker/src/rigid_body_tracker.cpp:582:21: warning: comparison of integer expressions of different signedness: ‘int’ and ‘const size_t’ {aka ‘const long unsigned int’} [-Wsign-compare]
  582 |   for (int i = 0; i < numRigidBodies; ++i) {
      |                   ~~^~~~~~~~~~~~~~~~
/CrazySim/crazyswarm2_ws/src/motion_capture_tracking/motion_capture_tracking/deps/librigidbodytracker/src/rigid_body_tracker.cpp:584:27: warning: comparison of integer expressions of different signedness: ‘int’ and ‘const size_t’ {aka ‘const long unsigned int’} [-Wsign-compare]
  584 |     for (int j = i + 1; j < numRigidBodies; ++j) {
      |                         ~~^~~~~~~~~~~~~~~~
/CrazySim/crazyswarm2_ws/src/motion_capture_tracking/motion_capture_tracking/deps/librigidbodytracker/src/rigid_body_tracker.cpp:595:25: warning: comparison of integer expressions of different signedness: ‘int’ and ‘const size_t’ {aka ‘const long unsigned int’} [-Wsign-compare]
  595 |   for (int iRb = 0; iRb < numRigidBodies; ++iRb) {
      |                     ~~~~^~~~~~~~~~~~~~~~
/CrazySim/crazyswarm2_ws/src/motion_capture_tracking/motion_capture_tracking/deps/librigidbodytracker/src/rigid_body_tracker.cpp:610:16: warning: comparison of integer expressions of different signedness: ‘int’ and ‘const size_t’ {aka ‘const long unsigned int’} [-Wsign-compare]
  610 |     if (nFound < rbNpts) {
      |         ~~~~~~~^~~~~~~~
/CrazySim/crazyswarm2_ws/src/motion_capture_tracking/motion_capture_tracking/deps/librigidbodytracker/src/rigid_body_tracker.cpp:623:13: warning: unused variable ‘dist’ [-Wunused-variable]
  623 |       float dist = (pi - marker).norm();
      |             ^~~~
/CrazySim/crazyswarm2_ws/src/motion_capture_tracking/motion_capture_tracking/deps/librigidbodytracker/src/rigid_body_tracker.cpp:644:23: warning: comparison of integer expressions of different signedness: ‘int’ and ‘const size_t’ {aka ‘const long unsigned int’} [-Wsign-compare]
  644 |     for (int i = 0; i < rbNpts; ++i) {
      |                     ~~^~~~~~~~
/CrazySim/crazyswarm2_ws/src/motion_capture_tracking/motion_capture_tracking/deps/librigidbodytracker/src/rigid_body_tracker.cpp: In member function ‘void librigidbodytracker::RigidBodyTracker::updateHybrid(std::chrono::_V2::system_clock::time_point, pcl::PointCloud<pcl::PointXYZ>::ConstPtr)’:
/CrazySim/crazyswarm2_ws/src/motion_capture_tracking/motion_capture_tracking/deps/librigidbodytracker/src/rigid_body_tracker.cpp:756:25: warning: comparison of integer expressions of different signedness: ‘int’ and ‘const size_t’ {aka ‘const long unsigned int’} [-Wsign-compare]
  756 |   for (int iRb = 0; iRb < numRigidBodies; ++iRb) {
      |                     ~~~~^~~~~~~~~~~~~~~~
/CrazySim/crazyswarm2_ws/src/motion_capture_tracking/motion_capture_tracking/deps/librigidbodytracker/src/rigid_body_tracker.cpp:830:26: warning: comparison of integer expressions of different signedness: ‘size_t’ {aka ‘long unsigned int’} and ‘int’ [-Wsign-compare]
  830 |     for (size_t i = 0; i < k; ++i)  {
      |                        ~~^~~
/CrazySim/crazyswarm2_ws/src/motion_capture_tracking/motion_capture_tracking/deps/librigidbodytracker/src/rigid_body_tracker.cpp:1038:27: warning: comparison of integer expressions of different signedness: ‘int’ and ‘const size_t’ {aka ‘const long unsigned int’} [-Wsign-compare]
 1038 |     for (int iRb = 0; iRb < numRigidBodies; ++iRb) {
      |                       ~~~~^~~~~~~~~~~~~~~~
/CrazySim/crazyswarm2_ws/src/motion_capture_tracking/motion_capture_tracking/deps/librigidbodytracker/src/rigid_body_tracker.cpp:943:8: warning: variable ‘outputToFile’ set but not used [-Wunused-but-set-variable]
  943 |   bool outputToFile = false;
      |        ^~~~~~~~~~~~
/CrazySim/crazyswarm2_ws/src/motion_capture_tracking/motion_capture_tracking/deps/librigidbodytracker/src/rigid_body_tracker.cpp:948:7: warning: unused variable ‘m_lowLevelExpanded’ [-Wunused-variable]
  948 |   int m_lowLevelExpanded = 0;
      |       ^~~~~~~~~~~~~~~~~~
/CrazySim/crazyswarm2_ws/src/motion_capture_tracking/motion_capture_tracking/deps/librigidbodytracker/src/rigid_body_tracker.cpp:949:7: warning: unused variable ‘duplicate’ [-Wunused-variable]
  949 |   int duplicate = 0;
      |       ^~~~~~~~~
/CrazySim/crazyswarm2_ws/src/motion_capture_tracking/motion_capture_tracking/deps/libmotioncapture/src/optitrack_closed_source.cpp: In member function ‘void libmotioncapture::MotionCaptureOptitrackClosedSourceImpl::FrameReceivedCallback(sFrameOfMocapData*)’:
/CrazySim/crazyswarm2_ws/src/motion_capture_tracking/motion_capture_tracking/deps/libmotioncapture/src/optitrack_closed_source.cpp:27:28: warning: comparison of integer expressions of different signedness: ‘size_t’ {aka ‘long unsigned int’} and ‘int32_t’ {aka ‘int’} [-Wsign-compare]
   27 |       for (size_t i = 0; i < data->nRigidBodies; ++i) {
      |                          ~~^~~~~~~~~~~~~~~~~~~~
/CrazySim/crazyswarm2_ws/src/motion_capture_tracking/motion_capture_tracking/deps/libmotioncapture/src/optitrack_closed_source.cpp:48:28: warning: comparison of integer expressions of different signedness: ‘size_t’ {aka ‘long unsigned int’} and ‘int32_t’ {aka ‘int’} [-Wsign-compare]
   48 |       for (size_t r = 0; r < data->nOtherMarkers; ++r)
      |                          ~~^~~~~~~~~~~~~~~~~~~~~
/CrazySim/crazyswarm2_ws/src/motion_capture_tracking/motion_capture_tracking/deps/libmotioncapture/src/optitrack_closed_source.cpp: In member function ‘const string& libmotioncapture::MotionCaptureOptitrackClosedSource::version() const’:
/CrazySim/crazyswarm2_ws/src/motion_capture_tracking/motion_capture_tracking/deps/libmotioncapture/src/optitrack_closed_source.cpp:184:3: warning: no return statement in function returning non-void [-Wreturn-type]
  184 |   }
      |   ^
In file included from /usr/include/boost/smart_ptr/detail/sp_thread_sleep.hpp:22,
                 from /usr/include/boost/smart_ptr/detail/yield_k.hpp:23,
                 from /usr/include/boost/smart_ptr/detail/spinlock_gcc_atomic.hpp:14,
                 from /usr/include/boost/smart_ptr/detail/spinlock.hpp:42,
                 from /usr/include/boost/smart_ptr/detail/spinlock_pool.hpp:25,
                 from /usr/include/boost/smart_ptr/shared_ptr.hpp:29,
                 from /usr/include/boost/shared_ptr.hpp:17,
                 from /usr/include/boost/date_time/time_clock.hpp:17,
                 from /usr/include/boost/date_time/posix_time/posix_time_types.hpp:10,
                 from /usr/include/boost/asio/time_traits.hpp:23,
                 from /usr/include/boost/asio/detail/timer_queue_ptime.hpp:22,
                 from /usr/include/boost/asio/detail/deadline_timer_service.hpp:29,
                 from /usr/include/boost/asio/basic_deadline_timer.hpp:25,
                 from /usr/include/boost/asio.hpp:25,
                 from /CrazySim/crazyswarm2_ws/src/motion_capture_tracking/motion_capture_tracking/deps/libmotioncapture/include/libmotioncapture/fzmotion.h:7,
                 from /CrazySim/crazyswarm2_ws/src/motion_capture_tracking/motion_capture_tracking/deps/libmotioncapture/src/motioncapture.cpp:25:
/usr/include/boost/bind.hpp:36:1: note: ‘#pragma message: The practice of declaring the Bind placeholders (_1, _2, ...) in the global namespace is deprecated. Please use <boost/bind/bind.hpp> + using namespace boost::placeholders, or define BOOST_BIND_GLOBAL_PLACEHOLDERS to retain the current behavior.’
   36 | BOOST_PRAGMA_MESSAGE(
      | ^~~~~~~~~~~~~~~~~~~~
In file included from /CrazySim/crazyswarm2_ws/src/motion_capture_tracking/motion_capture_tracking/deps/libmotioncapture/src/motioncapture.cpp:25:
/CrazySim/crazyswarm2_ws/src/motion_capture_tracking/motion_capture_tracking/deps/libmotioncapture/include/libmotioncapture/fzmotion.h:133:32: warning: ISO C++ prohibits anonymous structs [-Wpedantic]
  133 |                         struct { uint8 v1; uint8 v2; uint8 v3; uint8 v4; };
      |                                ^
/CrazySim/crazyswarm2_ws/src/motion_capture_tracking/motion_capture_tracking/deps/libmotioncapture/include/libmotioncapture/fzmotion.h:138:32: warning: ISO C++ prohibits anonymous structs [-Wpedantic]
  138 |                         struct { uint8 v1; uint8 v2; uint8 v3; uint8 v4; };
      |                                ^
/CrazySim/crazyswarm2_ws/src/motion_capture_tracking/motion_capture_tracking/deps/libmotioncapture/include/libmotioncapture/fzmotion.h:145:32: warning: ISO C++ prohibits anonymous structs [-Wpedantic]
  145 |                         struct { octet h1; octet h2; octet l1; octet l2; };
      |                                ^
In file included from /usr/include/boost/smart_ptr/detail/sp_thread_sleep.hpp:22,
                 from /usr/include/boost/smart_ptr/detail/yield_k.hpp:23,
                 from /usr/include/boost/smart_ptr/detail/spinlock_gcc_atomic.hpp:14,
                 from /usr/include/boost/smart_ptr/detail/spinlock.hpp:42,
                 from /usr/include/boost/smart_ptr/detail/spinlock_pool.hpp:25,
                 from /usr/include/boost/smart_ptr/shared_ptr.hpp:29,
                 from /usr/include/boost/shared_ptr.hpp:17,
                 from /usr/include/boost/date_time/time_clock.hpp:17,
                 from /usr/include/boost/date_time/posix_time/posix_time_types.hpp:10,
                 from /usr/include/boost/asio/time_traits.hpp:23,
                 from /usr/include/boost/asio/detail/timer_queue_ptime.hpp:22,
                 from /usr/include/boost/asio/detail/deadline_timer_service.hpp:29,
                 from /usr/include/boost/asio/basic_deadline_timer.hpp:25,
                 from /usr/include/boost/asio.hpp:25,
                 from /CrazySim/crazyswarm2_ws/src/motion_capture_tracking/motion_capture_tracking/deps/libmotioncapture/include/libmotioncapture/fzmotion.h:7,
                 from /CrazySim/crazyswarm2_ws/src/motion_capture_tracking/motion_capture_tracking/deps/libmotioncapture/src/fzmotion.cpp:1:
/usr/include/boost/bind.hpp:36:1: note: ‘#pragma message: The practice of declaring the Bind placeholders (_1, _2, ...) in the global namespace is deprecated. Please use <boost/bind/bind.hpp> + using namespace boost::placeholders, or define BOOST_BIND_GLOBAL_PLACEHOLDERS to retain the current behavior.’
   36 | BOOST_PRAGMA_MESSAGE(
      | ^~~~~~~~~~~~~~~~~~~~
In file included from /CrazySim/crazyswarm2_ws/src/motion_capture_tracking/motion_capture_tracking/deps/libmotioncapture/src/fzmotion.cpp:1:
/CrazySim/crazyswarm2_ws/src/motion_capture_tracking/motion_capture_tracking/deps/libmotioncapture/include/libmotioncapture/fzmotion.h:133:32: warning: ISO C++ prohibits anonymous structs [-Wpedantic]
  133 |                         struct { uint8 v1; uint8 v2; uint8 v3; uint8 v4; };
      |                                ^
/CrazySim/crazyswarm2_ws/src/motion_capture_tracking/motion_capture_tracking/deps/libmotioncapture/include/libmotioncapture/fzmotion.h:138:32: warning: ISO C++ prohibits anonymous structs [-Wpedantic]
  138 |                         struct { uint8 v1; uint8 v2; uint8 v3; uint8 v4; };
      |                                ^
/CrazySim/crazyswarm2_ws/src/motion_capture_tracking/motion_capture_tracking/deps/libmotioncapture/include/libmotioncapture/fzmotion.h:145:32: warning: ISO C++ prohibits anonymous structs [-Wpedantic]
  145 |                         struct { octet h1; octet h2; octet l1; octet l2; };
      |                                ^
/CrazySim/crazyswarm2_ws/src/motion_capture_tracking/motion_capture_tracking/deps/libmotioncapture/include/libmotioncapture/fzmotion.h: In constructor ‘libmotioncapture::MotionCaptureFZMotion::MotionCaptureFZMotion(const string&, int, const string&, int)’:
/CrazySim/crazyswarm2_ws/src/motion_capture_tracking/motion_capture_tracking/deps/libmotioncapture/include/libmotioncapture/fzmotion.h:165:29: warning: ‘libmotioncapture::MotionCaptureFZMotion::m_ConnectionSocket’ will be initialized after [-Wreorder]
  165 |                 udp::socket m_ConnectionSocket;
      |                             ^~~~~~~~~~~~~~~~~~
/CrazySim/crazyswarm2_ws/src/motion_capture_tracking/motion_capture_tracking/deps/libmotioncapture/include/libmotioncapture/fzmotion.h:164:29: warning:   ‘boost::asio::ip::udp::socket libmotioncapture::MotionCaptureFZMotion::m_TransmissionSocket’ [-Wreorder]
  164 |                 udp::socket m_TransmissionSocket;
      |                             ^~~~~~~~~~~~~~~~~~~~
/CrazySim/crazyswarm2_ws/src/motion_capture_tracking/motion_capture_tracking/deps/libmotioncapture/src/fzmotion.cpp:5:5: warning:   when initialized here [-Wreorder]
    5 |     MotionCaptureFZMotion::MotionCaptureFZMotion(
      |     ^~~~~~~~~~~~~~~~~~~~~
/CrazySim/crazyswarm2_ws/src/motion_capture_tracking/motion_capture_tracking/deps/libmotioncapture/src/fzmotion.cpp: In member function ‘void libmotioncapture::MotionCaptureFZMotion::receiveFrameData()’:
/CrazySim/crazyswarm2_ws/src/motion_capture_tracking/motion_capture_tracking/deps/libmotioncapture/src/fzmotion.cpp:293:9: warning: label ‘boost’ defined but not used [-Wunused-label]
  293 |         boost:system::error_code ec;
      |         ^~~~~
/CrazySim/crazyswarm2_ws/src/motion_capture_tracking/motion_capture_tracking/deps/libmotioncapture/src/fzmotion.cpp: In member function ‘virtual const PointCloud& libmotioncapture::MotionCaptureFZMotion::pointCloud() const’:
/CrazySim/crazyswarm2_ws/src/motion_capture_tracking/motion_capture_tracking/deps/libmotioncapture/src/fzmotion.cpp:412:32: warning: comparison of integer expressions of different signedness: ‘Eigen::EigenBase<Eigen::Matrix<float, -1, 3, 1> >::Index’ {aka ‘long int’} and ‘std::vector<libmotioncapture::LMarker>::size_type’ {aka ‘long unsigned int’} [-Wsign-compare]
  412 |         if (pointcloud_.size() != this->m_vctMarkData.size()) {
      |             ~~~~~~~~~~~~~~~~~~~^~~~~~~~~~~~~~~~~~~~~~~~~~~~~
/CrazySim/crazyswarm2_ws/src/motion_capture_tracking/motion_capture_tracking/deps/libmotioncapture/src/optitrack.cpp: In member function ‘virtual void libmotioncapture::MotionCaptureOptitrack::waitForNextFrame()’:
/CrazySim/crazyswarm2_ws/src/motion_capture_tracking/motion_capture_tracking/deps/libmotioncapture/src/optitrack.cpp:713:14: warning: unused variable ‘bTrackedModelsChanged’ [-Wunused-variable]
  713 |         bool bTrackedModelsChanged = (params & 0x02) != 0;         // 0x02 Actively tracked model list has changed
      |              ^~~~~~~~~~~~~~~~~~~~~
