-- The C compiler identification is GNU 11.4.0
-- The CXX compiler identification is GNU 11.4.0
-- Detecting C compiler ABI info
-- Detecting C compiler ABI info - done
-- Check for working C compiler: /usr/bin/cc - skipped
-- Detecting C compile features
-- Detecting C compile features - done
-- Detecting CXX compiler ABI info
-- Detecting CXX compiler ABI info - done
-- Check for working CXX compiler: /usr/bin/c++ - skipped
-- Detecting CXX compile features
-- Detecting CXX compile features - done
-- Found ament_cmake: 1.3.14 (/opt/ros/humble/share/ament_cmake/cmake)
-- Found Python3: /usr/bin/python3 (found version "3.10.12") found components: Interpreter 
-- Override CMake install command with custom implementation using symlinks instead of copying resources
-- Found rclcpp: 16.0.19 (/opt/ros/humble/share/rclcpp/cmake)
-- Found rosidl_generator_c: 3.1.8 (/opt/ros/humble/share/rosidl_generator_c/cmake)
-- Found rosidl_adapter: 3.1.8 (/opt/ros/humble/share/rosidl_adapter/cmake)
-- Found rosidl_generator_cpp: 3.1.8 (/opt/ros/humble/share/rosidl_generator_cpp/cmake)
-- Using all available rosidl_typesupport_c: rosidl_typesupport_fastrtps_c;rosidl_typesupport_introspection_c
-- Using all available rosidl_typesupport_cpp: rosidl_typesupport_fastrtps_cpp;rosidl_typesupport_introspection_cpp
-- Found rmw_implementation_cmake: 6.1.2 (/opt/ros/humble/share/rmw_implementation_cmake/cmake)
-- Found rmw_fastrtps_cpp: 6.2.10 (/opt/ros/humble/share/rmw_fastrtps_cpp/cmake)
-- Found OpenSSL: /usr/lib/x86_64-linux-gnu/libcrypto.so (found version "3.0.2")  
-- Found FastRTPS: /opt/ros/humble/include  
-- Using RMW implementation 'rmw_fastrtps_cpp' as default
-- Looking for pthread.h
-- Looking for pthread.h - found
-- Performing Test CMAKE_HAVE_LIBC_PTHREAD
-- Performing Test CMAKE_HAVE_LIBC_PTHREAD - Success
-- Found Threads: TRUE  
-- Found tf2_ros: 0.25.20 (/opt/ros/humble/share/tf2_ros/cmake)
-- Found sensor_msgs: 4.9.1 (/opt/ros/humble/share/sensor_msgs/cmake)
-- Found motion_capture_tracking_interfaces: 1.0.6 (/CrazySim/crazyswarm2_ws/install/motion_capture_tracking_interfaces/share/motion_capture_tracking_interfaces/cmake)
-- Found eigen3_cmake_module: 0.1.1 (/opt/ros/humble/share/eigen3_cmake_module/cmake)
-- Found Eigen3: TRUE (found version "3.4.0") 
-- Checking for module 'eigen3'
--   Found eigen3, version 3.4.0
-- Found Eigen: /usr/include/eigen3 (Required is at least version "3.1") 
-- Eigen found (include: /usr/include/eigen3, version: 3.4.0)
-- Found Boost: /usr/lib/x86_64-linux-gnu/cmake/Boost-1.74.0/BoostConfig.cmake (found suitable version "1.74.0", minimum required is "1.65.0") found components: system filesystem date_time iostreams serialization 
-- looking for PCL_COMMON
-- Found PCL_COMMON: /usr/lib/x86_64-linux-gnu/libpcl_common.so  
-- Found PCL: pcl_common;Boost::system;Boost::filesystem;Boost::date_time;Boost::iostreams;Boost::serialization  
CMake Warning (dev) at deps/librigidbodytracker/CMakeLists.txt:7 (find_package):
  Policy CMP0074 is not set: find_package uses <PackageName>_ROOT variables.
  Run "cmake --help-policy CMP0074" for policy details.  Use the cmake_policy
  command to set the policy and suppress this warning.

  CMake variable PCL_ROOT is set to:

    /usr

  For compatibility, CMake is ignoring the variable.
This warning is for project developers.  Use -Wno-dev to suppress it.

-- Checking for module 'flann'
--   Found flann, version 1.9.1
-- Found FLANN: /usr/lib/x86_64-linux-gnu/libflann_cpp.so  
-- FLANN found (include: /usr/include, lib: /usr/lib/x86_64-linux-gnu/libflann_cpp.so)
-- Found GLEW: /usr/lib/x86_64-linux-gnu/libGLEW.so  
-- Found OpenGL: /usr/lib/x86_64-linux-gnu/libOpenGL.so  found components: OpenGL GLX 
-- Found MPI_C: /usr/lib/x86_64-linux-gnu/libmpi.so (found version "3.1") 
-- Found MPI: TRUE (found version "3.1") found components: C 
-- Found JsonCpp: /usr/lib/x86_64-linux-gnu/libjsoncpp.so (found suitable version "1.9.5", minimum required is "0.7.0") 
-- Found ZLIB: /usr/lib/x86_64-linux-gnu/libz.so (found version "1.2.11") 
-- Found PNG: /usr/lib/x86_64-linux-gnu/libpng.so (found version "1.6.37") 
-- Found Eigen3: /usr/include/eigen3 (found version "3.4.0") 
-- Found X11: /usr/include   
-- Looking for XOpenDisplay in /usr/lib/x86_64-linux-gnu/libX11.so;/usr/lib/x86_64-linux-gnu/libXext.so
-- Looking for XOpenDisplay in /usr/lib/x86_64-linux-gnu/libX11.so;/usr/lib/x86_64-linux-gnu/libXext.so - found
-- Looking for gethostbyname
-- Looking for gethostbyname - found
-- Looking for connect
-- Looking for connect - found
-- Looking for remove
-- Looking for remove - found
-- Looking for shmat
-- Looking for shmat - found
-- Looking for IceConnectionNumber in ICE
-- Looking for IceConnectionNumber in ICE - found
-- Found EXPAT: /usr/lib/x86_64-linux-gnu/libexpat.so (found version "2.4.7") 
-- Found double-conversion: /usr/lib/x86_64-linux-gnu/libdouble-conversion.so  
-- Found LZ4: /usr/lib/x86_64-linux-gnu/liblz4.so (found version "1.9.3") 
-- Found LZMA: /usr/lib/x86_64-linux-gnu/liblzma.so (found version "5.2.5") 
-- Found JPEG: /usr/lib/x86_64-linux-gnu/libjpeg.so (found version "80") 
-- Found TIFF: /usr/lib/x86_64-linux-gnu/libtiff.so (found version "4.3.0")  
-- Found Freetype: /usr/lib/x86_64-linux-gnu/libfreetype.so (found version "2.11.1") 
-- Found utf8cpp: /usr/include/utf8cpp  
-- Checking for module 'libusb-1.0'
--   Found libusb-1.0, version 1.0.25
-- Found libusb: /usr/lib/x86_64-linux-gnu/libusb-1.0.so  
-- Found OpenNI: /usr/lib/libOpenNI.so;libusb::libusb (found version "1.5.4.0") 
-- OpenNI found (version: 1.5.4.0, include: /usr/include/ni, lib: /usr/lib/libOpenNI.so;libusb::libusb)
-- Found OpenNI2: /usr/lib/x86_64-linux-gnu/libOpenNI2.so;libusb::libusb (found version "2.2.0.33") 
-- OpenNI2 found (version: 2.2.0.33, include: /usr/include/openni2, lib: /usr/lib/x86_64-linux-gnu/libOpenNI2.so;libusb::libusb)
** WARNING ** io features related to pcap will be disabled
-- Eigen found (include: /usr/include/eigen3, version: 3.4.0)
-- OpenNI found (version: 1.5.4.0, include: /usr/include/ni, lib: /usr/lib/libOpenNI.so;libusb::libusb)
-- OpenNI2 found (version: 2.2.0.33, include: /usr/include/openni2, lib: /usr/lib/x86_64-linux-gnu/libOpenNI2.so;libusb::libusb)
-- Found Qhull version 8.0.2
-- OpenNI found (version: 1.5.4.0, include: /usr/include/ni, lib: /usr/lib/libOpenNI.so;libusb::libusb)
-- looking for PCL_KDTREE
-- Found PCL_KDTREE: /usr/lib/x86_64-linux-gnu/libpcl_kdtree.so  
-- looking for PCL_OCTREE
-- Found PCL_OCTREE: /usr/lib/x86_64-linux-gnu/libpcl_octree.so  
-- looking for PCL_SEARCH
-- Found PCL_SEARCH: /usr/lib/x86_64-linux-gnu/libpcl_search.so  
-- looking for PCL_SAMPLE_CONSENSUS
-- Found PCL_SAMPLE_CONSENSUS: /usr/lib/x86_64-linux-gnu/libpcl_sample_consensus.so  
-- looking for PCL_FILTERS
-- Found PCL_FILTERS: /usr/lib/x86_64-linux-gnu/libpcl_filters.so  
-- looking for PCL_2D
-- Found PCL_2D: /usr/include/pcl-1.12  
-- looking for PCL_GEOMETRY
-- Found PCL_GEOMETRY: /usr/include/pcl-1.12  
-- looking for PCL_IO
-- Found PCL_IO: /usr/lib/x86_64-linux-gnu/libpcl_io.so  
-- looking for PCL_FEATURES
-- Found PCL_FEATURES: /usr/lib/x86_64-linux-gnu/libpcl_features.so  
-- looking for PCL_ML
-- Found PCL_ML: /usr/lib/x86_64-linux-gnu/libpcl_ml.so  
-- looking for PCL_SEGMENTATION
-- Found PCL_SEGMENTATION: /usr/lib/x86_64-linux-gnu/libpcl_segmentation.so  
-- looking for PCL_VISUALIZATION
-- Found PCL_VISUALIZATION: /usr/lib/x86_64-linux-gnu/libpcl_visualization.so  
-- looking for PCL_SURFACE
-- Found PCL_SURFACE: /usr/lib/x86_64-linux-gnu/libpcl_surface.so  
-- looking for PCL_REGISTRATION
-- Found PCL_REGISTRATION: /usr/lib/x86_64-linux-gnu/libpcl_registration.so  
-- looking for PCL_KEYPOINTS
-- Found PCL_KEYPOINTS: /usr/lib/x86_64-linux-gnu/libpcl_keypoints.so  
-- looking for PCL_TRACKING
-- Found PCL_TRACKING: /usr/lib/x86_64-linux-gnu/libpcl_tracking.so  
-- looking for PCL_RECOGNITION
-- Found PCL_RECOGNITION: /usr/lib/x86_64-linux-gnu/libpcl_recognition.so  
-- looking for PCL_STEREO
-- Found PCL_STEREO: /usr/lib/x86_64-linux-gnu/libpcl_stereo.so  
-- looking for PCL_APPS
-- Found PCL_APPS: /usr/lib/x86_64-linux-gnu/libpcl_apps.so  
-- looking for PCL_IN_HAND_SCANNER
-- Found PCL_IN_HAND_SCANNER: /usr/include/pcl-1.12  
-- looking for PCL_MODELER
-- Found PCL_MODELER: /usr/include/pcl-1.12  
-- looking for PCL_POINT_CLOUD_EDITOR
-- Found PCL_POINT_CLOUD_EDITOR: /usr/include/pcl-1.12  
-- looking for PCL_OUTOFCORE
-- Found PCL_OUTOFCORE: /usr/lib/x86_64-linux-gnu/libpcl_outofcore.so  
-- looking for PCL_PEOPLE
-- Found PCL_PEOPLE: /usr/lib/x86_64-linux-gnu/libpcl_people.so  
-- Found PCL: pcl_common;pcl_kdtree;pcl_octree;pcl_search;pcl_sample_consensus;pcl_filters;pcl_io;pcl_features;pcl_ml;pcl_segmentation;pcl_visualization;pcl_surface;pcl_registration;pcl_keypoints;pcl_tracking;pcl_recognition;pcl_stereo;pcl_apps;pcl_outofcore;pcl_people;Boost::system;Boost::filesystem;Boost::date_time;Boost::iostreams;Boost::serialization;/usr/lib/libOpenNI.so;libusb::libusb;/usr/lib/x86_64-linux-gnu/libOpenNI2.so;libusb::libusb;VTK::ChartsCore;VTK::CommonColor;VTK::CommonComputationalGeometry;VTK::CommonCore;VTK::CommonDataModel;VTK::CommonExecutionModel;VTK::CommonMath;VTK::CommonMisc;VTK::CommonTransforms;VTK::FiltersCore;VTK::FiltersExtraction;VTK::FiltersGeneral;VTK::FiltersGeometry;VTK::FiltersModeling;VTK::FiltersSources;VTK::ImagingCore;VTK::ImagingSources;VTK::InteractionImage;VTK::InteractionStyle;VTK::InteractionWidgets;VTK::IOCore;VTK::IOGeometry;VTK::IOImage;VTK::IOLegacy;VTK::IOPLY;VTK::RenderingAnnotation;VTK::RenderingCore;VTK::RenderingContext2D;VTK::RenderingLOD;VTK::RenderingFreeType;VTK::ViewsCore;VTK::ViewsContext2D;VTK::RenderingOpenGL2;VTK::GUISupportQt;FLANN::FLANN;QHULL::QHULL  
-- Found PkgConfig: /usr/bin/pkg-config (found version "0.29.2") 
-- Found Boost: /usr/lib/x86_64-linux-gnu/cmake/Boost-1.74.0/BoostConfig.cmake (found suitable version "1.74.0", minimum required is "1.58") found components: program_options 
-- Checking for module 'yaml-cpp'
--   Found yaml-cpp, version 0.7.0
CMake Warning (dev) at deps/libmotioncapture/CMakeLists.txt:5 (option):
  Policy CMP0077 is not set: option() honors normal variables.  Run "cmake
  --help-policy CMP0077" for policy details.  Use the cmake_policy command to
  set the policy and suppress this warning.

  For compatibility with older versions of CMake, option is clearing the
  normal variable 'LIBMOTIONCAPTURE_BUILD_PYTHON_BINDINGS'.
This warning is for project developers.  Use -Wno-dev to suppress it.

CMake Warning (dev) at deps/libmotioncapture/CMakeLists.txt:6 (option):
  Policy CMP0077 is not set: option() honors normal variables.  Run "cmake
  --help-policy CMP0077" for policy details.  Use the cmake_policy command to
  set the policy and suppress this warning.

  For compatibility with older versions of CMake, option is clearing the
  normal variable 'LIBMOTIONCAPTURE_ENABLE_QUALISYS'.
This warning is for project developers.  Use -Wno-dev to suppress it.

CMake Warning (dev) at deps/libmotioncapture/CMakeLists.txt:7 (option):
  Policy CMP0077 is not set: option() honors normal variables.  Run "cmake
  --help-policy CMP0077" for policy details.  Use the cmake_policy command to
  set the policy and suppress this warning.

  For compatibility with older versions of CMake, option is clearing the
  normal variable 'LIBMOTIONCAPTURE_ENABLE_OPTITRACK'.
This warning is for project developers.  Use -Wno-dev to suppress it.

CMake Warning (dev) at deps/libmotioncapture/CMakeLists.txt:8 (option):
  Policy CMP0077 is not set: option() honors normal variables.  Run "cmake
  --help-policy CMP0077" for policy details.  Use the cmake_policy command to
  set the policy and suppress this warning.

  For compatibility with older versions of CMake, option is clearing the
  normal variable 'LIBMOTIONCAPTURE_ENABLE_OPTITRACK_CLOSED_SOURCE'.
This warning is for project developers.  Use -Wno-dev to suppress it.

CMake Warning (dev) at deps/libmotioncapture/CMakeLists.txt:9 (option):
  Policy CMP0077 is not set: option() honors normal variables.  Run "cmake
  --help-policy CMP0077" for policy details.  Use the cmake_policy command to
  set the policy and suppress this warning.

  For compatibility with older versions of CMake, option is clearing the
  normal variable 'LIBMOTIONCAPTURE_ENABLE_VICON'.
This warning is for project developers.  Use -Wno-dev to suppress it.

CMake Warning (dev) at deps/libmotioncapture/CMakeLists.txt:10 (option):
  Policy CMP0077 is not set: option() honors normal variables.  Run "cmake
  --help-policy CMP0077" for policy details.  Use the cmake_policy command to
  set the policy and suppress this warning.

  For compatibility with older versions of CMake, option is clearing the
  normal variable 'LIBMOTIONCAPTURE_ENABLE_NOKOV'.
This warning is for project developers.  Use -Wno-dev to suppress it.

CMake Warning (dev) at deps/libmotioncapture/CMakeLists.txt:11 (option):
  Policy CMP0077 is not set: option() honors normal variables.  Run "cmake
  --help-policy CMP0077" for policy details.  Use the cmake_policy command to
  set the policy and suppress this warning.

  For compatibility with older versions of CMake, option is clearing the
  normal variable 'LIBMOTIONCAPTURE_ENABLE_VRPN'.
This warning is for project developers.  Use -Wno-dev to suppress it.

CMake Warning (dev) at deps/libmotioncapture/CMakeLists.txt:12 (option):
  Policy CMP0077 is not set: option() honors normal variables.  Run "cmake
  --help-policy CMP0077" for policy details.  Use the cmake_policy command to
  set the policy and suppress this warning.

  For compatibility with older versions of CMake, option is clearing the
  normal variable 'LIBMOTIONCAPTURE_ENABLE_FZMOTION'.
This warning is for project developers.  Use -Wno-dev to suppress it.

CMake Warning (dev) at deps/libmotioncapture/CMakeLists.txt:13 (option):
  Policy CMP0077 is not set: option() honors normal variables.  Run "cmake
  --help-policy CMP0077" for policy details.  Use the cmake_policy command to
  set the policy and suppress this warning.

  For compatibility with older versions of CMake, option is clearing the
  normal variable 'LIBMOTIONCAPTURE_ENABLE_MOTIONANALYSIS'.
This warning is for project developers.  Use -Wno-dev to suppress it.

CMake Warning (dev) at deps/libmotioncapture/CMakeLists.txt:14 (option):
  Policy CMP0077 is not set: option() honors normal variables.  Run "cmake
  --help-policy CMP0077" for policy details.  Use the cmake_policy command to
  set the policy and suppress this warning.

  For compatibility with older versions of CMake, option is clearing the
  normal variable 'LIBMOTIONCAPTURE_BUILD_EXAMPLE'.
This warning is for project developers.  Use -Wno-dev to suppress it.

-- Found Boost: /usr/lib/x86_64-linux-gnu/cmake/Boost-1.74.0/BoostConfig.cmake (found suitable version "1.74.0", minimum required is "1.5") found components: system 
-- Found Eigen3: TRUE (found version "3.4.0") 
including vicon
-- Found Boost: /usr/lib/x86_64-linux-gnu/cmake/Boost-1.74.0/BoostConfig.cmake (found suitable version "1.74.0", minimum required is "1.5") found components: system thread chrono 
including optitrack
Including optitrack_closed_source
-- Found Boost: /usr/lib/x86_64-linux-gnu/cmake/Boost-1.74.0/BoostConfig.cmake (found suitable version "1.74.0", minimum required is "1.5") found components: system thread 
including qualisys
including vrpn
CMake Deprecation Warning at deps/libmotioncapture/deps/vrpn/CMakeLists.txt:1 (cmake_minimum_required):
  Compatibility with CMake < 2.8.12 will be removed from a future version of
  CMake.

  Update the VERSION argument <min> value or use a ...<max> suffix to tell
  CMake that the project does not need compatibility with older versions.


CMake Deprecation Warning at deps/libmotioncapture/deps/vrpn/quat/CMakeLists.txt:1 (cmake_minimum_required):
  Compatibility with CMake < 2.8.12 will be removed from a future version of
  CMake.

  Update the VERSION argument <min> value or use a ...<max> suffix to tell
  CMake that the project does not need compatibility with older versions.


-- Checking for module 'libusb-1.0'
--   Found libusb-1.0, version 1.0.25
-- Found Libusb1: /usr/lib/x86_64-linux-gnu/libusb-1.0.so  
-- NOTE: You have VRPN_USE_LOCAL_HIDAPI enabled, but VRPN_USE_HID disabled: HIDAPI will only be built if you enable HID support for VRPN
CMake Deprecation Warning at deps/libmotioncapture/deps/vrpn/cmake/FindOpenHaptics.cmake:56 (cmake_minimum_required):
  Compatibility with CMake < 2.8.12 will be removed from a future version of
  CMake.

  Update the VERSION argument <min> value or use a ...<max> suffix to tell
  CMake that the project does not need compatibility with older versions.
Call Stack (most recent call first):
  deps/libmotioncapture/deps/vrpn/CMakeLists.txt:468 (find_package)


CMake Warning (dev) at /usr/share/cmake-3.22/Modules/FindPackageHandleStandardArgs.cmake:438 (message):
  The package name passed to `find_package_handle_standard_args` (I2CDEV)
  does not match the name of the calling package (libi2c-dev).  This can lead
  to problems in calling code that expects `find_package` result variables
  (e.g., `_FOUND`) to follow a certain pattern.
Call Stack (most recent call first):
  deps/libmotioncapture/deps/vrpn/cmake/Findlibi2c-dev.cmake:43 (find_package_handle_standard_args)
  deps/libmotioncapture/deps/vrpn/CMakeLists.txt:518 (find_package)
This warning is for project developers.  Use -Wno-dev to suppress it.

-- Found I2CDEV: /usr/include  
-- Looking for C++ include linux/joystick.h
-- Looking for C++ include linux/joystick.h - found
-- Looking for C++ include linux/input.h
-- Looking for C++ include linux/input.h - found
-- Found quatlib: quat  
CMake Deprecation Warning at deps/libmotioncapture/deps/vrpn/client_src/CMakeLists.txt:1 (cmake_minimum_required):
  Compatibility with CMake < 2.8.12 will be removed from a future version of
  CMake.

  Update the VERSION argument <min> value or use a ...<max> suffix to tell
  CMake that the project does not need compatibility with older versions.


including fzmotion
-- Found Python3: /usr/bin/python3 (found version "3.10.12") found components: Interpreter Development Development.Module Development.Embed 
-- pybind11 v2.11.0 dev1
-- Performing Test HAS_FLTO
-- Performing Test HAS_FLTO - Success
-- Configuring done
-- Generating done
-- Build files have been written to: /CrazySim/crazyswarm2_ws/build/motion_capture_tracking
[  1%] Building C object deps/libmotioncapture/deps/vrpn/quat/CMakeFiles/quat.dir/vector.c.o
[  3%] Building CXX object deps/libmotioncapture/deps/vicon-datastream-sdk/CMakeFiles/ViconDataStreamSDK_CPP.dir/Vicon/CrossMarket/DataStream/ViconDataStreamSDKCore/CoreClient.cpp.o
[  4%] Building CXX object deps/libmotioncapture/deps/qualisys_cpp_sdk/CMakeFiles/qualisys_cpp_sdk.dir/Network.cpp.o
[  6%] Building CXX object deps/librigidbodytracker/CMakeFiles/librigidbodytracker.dir/src/rigid_body_tracker.cpp.o
[  9%] Building C object deps/libmotioncapture/deps/vrpn/quat/CMakeFiles/quat.dir/quat.c.o
[ 11%] Building CXX object deps/libmotioncapture/deps/vicon-datastream-sdk/CMakeFiles/ViconDataStreamSDK_CPP.dir/Vicon/CrossMarket/DataStream/ViconDataStreamSDKCore/WirelessConfiguration.cpp.o
[ 12%] Building CXX object deps/libmotioncapture/deps/vicon-datastream-sdk/CMakeFiles/ViconDataStreamSDK_CPP.dir/Vicon/CrossMarket/DataStream/ViconDataStreamSDKCore/CoreClientTimingLog.cpp.o
[ 14%] Building CXX object deps/libmotioncapture/deps/vicon-datastream-sdk/CMakeFiles/ViconDataStreamSDK_CPP.dir/Vicon/CrossMarket/DataStream/ViconCGStreamClientSDK/CGClient.cpp.o
[ 14%] Building C object deps/libmotioncapture/deps/vrpn/quat/CMakeFiles/quat.dir/matrix.c.o
[ 15%] Building CXX object deps/libmotioncapture/deps/vicon-datastream-sdk/CMakeFiles/ViconDataStreamSDK_CPP.dir/Vicon/CrossMarket/DataStream/ViconDataStreamSDKCoreUtils/AxisMapping.cpp.o
[ 17%] Building CXX object deps/libmotioncapture/deps/qualisys_cpp_sdk/CMakeFiles/qualisys_cpp_sdk.dir/Markup.cpp.o
[ 19%] Building CXX object deps/libmotioncapture/deps/vicon-datastream-sdk/CMakeFiles/ViconDataStreamSDK_CPP.dir/Vicon/CrossMarket/DataStream/ViconDataStreamSDKCoreUtils/ClientUtils.cpp.o
[ 20%] Building CXX object deps/libmotioncapture/deps/qualisys_cpp_sdk/CMakeFiles/qualisys_cpp_sdk.dir/RTProtocol.cpp.o
[ 22%] Building CXX object deps/libmotioncapture/deps/vicon-datastream-sdk/CMakeFiles/ViconDataStreamSDK_CPP.dir/Vicon/CrossMarket/DataStream/ViconCGStreamClient/ViconCGStreamClient.cpp.o
[ 25%] Building CXX object deps/libmotioncapture/deps/qualisys_cpp_sdk/CMakeFiles/qualisys_cpp_sdk.dir/RTPacket.cpp.o
[ 23%] Building C object deps/libmotioncapture/deps/vrpn/quat/CMakeFiles/quat.dir/xyzquat.c.o
[ 26%] Building CXX object deps/libmotioncapture/deps/vicon-datastream-sdk/CMakeFiles/ViconDataStreamSDK_CPP.dir/Vicon/CrossMarket/DataStream/ViconCGStreamClient/CGStreamReaderWriter.cpp.o
[ 28%] Building CXX object deps/libmotioncapture/deps/vicon-datastream-sdk/CMakeFiles/ViconDataStreamSDK_CPP.dir/Vicon/CrossMarket/DataStream/ViconCGStreamClient/ViconCGStreamBayer.cpp.o
[ 30%] Building CXX object deps/libmotioncapture/deps/vicon-datastream-sdk/CMakeFiles/ViconDataStreamSDK_CPP.dir/Vicon/CrossMarket/DataStream/ViconDataStreamSDK_CPP/DataStreamClient.cpp.o
In file included from /CrazySim/crazyswarm2_ws/src/motion_capture_tracking/motion_capture_tracking/deps/libmotioncapture/deps/qualisys_cpp_sdk/Markup.cpp:18:
/CrazySim/crazyswarm2_ws/src/motion_capture_tracking/motion_capture_tracking/deps/libmotioncapture/deps/qualisys_cpp_sdk/Markup.h: In copy constructor ‘CMarkup::ElemPos::ElemPos(const CMarkup::ElemPos&)’:
/CrazySim/crazyswarm2_ws/src/motion_capture_tracking/motion_capture_tracking/deps/libmotioncapture/deps/qualisys_cpp_sdk/Markup.h:89:55: warning: implicitly-declared ‘constexpr CMarkup::ElemPos& CMarkup::ElemPos::operator=(const CMarkup::ElemPos&)’ is deprecated [-Wdeprecated-copy]
   89 |                 ElemPos(const ElemPos& pos) { *this = pos; };
      |                                                       ^~~
/CrazySim/crazyswarm2_ws/src/motion_capture_tracking/motion_capture_tracking/deps/libmotioncapture/deps/qualisys_cpp_sdk/Markup.h:89:17: note: because ‘CMarkup::ElemPos’ has user-provided ‘CMarkup::ElemPos::ElemPos(const CMarkup::ElemPos&)’
   89 |                 ElemPos(const ElemPos& pos) { *this = pos; };
      |                 ^~~~~~~
[ 31%] Linking C static library libquat.a
/CrazySim/crazyswarm2_ws/src/motion_capture_tracking/motion_capture_tracking/deps/libmotioncapture/deps/qualisys_cpp_sdk/RTPacket.cpp: In member function ‘float CRTPacket::SetByteOrder(float*)’:
/CrazySim/crazyswarm2_ws/src/motion_capture_tracking/motion_capture_tracking/deps/libmotioncapture/deps/qualisys_cpp_sdk/RTPacket.cpp:1837:18: warning: dereferencing type-punned pointer will break strict-aliasing rules [-Wstrict-aliasing]
 1837 |         return *((float*)&nTmp);
      |                 ~^~~~~~~~~~~~~~
/CrazySim/crazyswarm2_ws/src/motion_capture_tracking/motion_capture_tracking/deps/libmotioncapture/deps/qualisys_cpp_sdk/RTPacket.cpp: In member function ‘double CRTPacket::SetByteOrder(double*)’:
/CrazySim/crazyswarm2_ws/src/motion_capture_tracking/motion_capture_tracking/deps/libmotioncapture/deps/qualisys_cpp_sdk/RTPacket.cpp:1849:18: warning: dereferencing type-punned pointer will break strict-aliasing rules [-Wstrict-aliasing]
 1849 |         return *((double*)&nTmp);
      |                 ~^~~~~~~~~~~~~~~
[ 31%] Built target quat
[ 33%] Building CXX object deps/libmotioncapture/deps/vrpn/CMakeFiles/vrpn.dir/vrpn_Analog_Output.C.o
[ 34%] Building CXX object deps/libmotioncapture/deps/vrpn/CMakeFiles/vrpn.dir/vrpn_Analog.C.o
[ 36%] Building CXX object deps/libmotioncapture/deps/vrpn/CMakeFiles/vrpn.dir/vrpn_Assert.C.o
[ 38%] Building CXX object deps/libmotioncapture/deps/vrpn/CMakeFiles/vrpn.dir/vrpn_Auxiliary_Logger.C.o
In file included from /CrazySim/crazyswarm2_ws/src/motion_capture_tracking/motion_capture_tracking/deps/libmotioncapture/deps/qualisys_cpp_sdk/RTProtocol.cpp:17:
/CrazySim/crazyswarm2_ws/src/motion_capture_tracking/motion_capture_tracking/deps/libmotioncapture/deps/qualisys_cpp_sdk/Markup.h: In copy constructor ‘CMarkup::ElemPos::ElemPos(const CMarkup::ElemPos&)’:
/CrazySim/crazyswarm2_ws/src/motion_capture_tracking/motion_capture_tracking/deps/libmotioncapture/deps/qualisys_cpp_sdk/Markup.h:89:55: warning: implicitly-declared ‘constexpr CMarkup::ElemPos& CMarkup::ElemPos::operator=(const CMarkup::ElemPos&)’ is deprecated [-Wdeprecated-copy]
   89 |                 ElemPos(const ElemPos& pos) { *this = pos; };
      |                                                       ^~~
/CrazySim/crazyswarm2_ws/src/motion_capture_tracking/motion_capture_tracking/deps/libmotioncapture/deps/qualisys_cpp_sdk/Markup.h:89:17: note: because ‘CMarkup::ElemPos’ has user-provided ‘CMarkup::ElemPos::ElemPos(const CMarkup::ElemPos&)’
   89 |                 ElemPos(const ElemPos& pos) { *this = pos; };
      |                 ^~~~~~~
[ 39%] Building CXX object deps/libmotioncapture/deps/vrpn/CMakeFiles/vrpn.dir/vrpn_BaseClass.C.o
[ 41%] Building CXX object deps/libmotioncapture/deps/vrpn/CMakeFiles/vrpn.dir/vrpn_Button.C.o
[ 42%] Building CXX object deps/libmotioncapture/deps/vrpn/CMakeFiles/vrpn.dir/vrpn_Connection.C.o
[ 44%] Building CXX object deps/libmotioncapture/deps/vrpn/CMakeFiles/vrpn.dir/vrpn_Dial.C.o
[ 46%] Building CXX object deps/libmotioncapture/deps/vrpn/CMakeFiles/vrpn.dir/vrpn_EndpointContainer.C.o
[ 47%] Building CXX object deps/libmotioncapture/deps/vrpn/CMakeFiles/vrpn.dir/vrpn_FileConnection.C.o
[ 49%] Building CXX object deps/libmotioncapture/deps/vrpn/CMakeFiles/vrpn.dir/vrpn_FileController.C.o
[ 50%] Building CXX object deps/libmotioncapture/deps/vrpn/CMakeFiles/vrpn.dir/vrpn_ForceDevice.C.o
[ 52%] Building CXX object deps/libmotioncapture/deps/vrpn/CMakeFiles/vrpn.dir/vrpn_Forwarder.C.o
[ 53%] Building CXX object deps/libmotioncapture/deps/vrpn/CMakeFiles/vrpn.dir/vrpn_ForwarderController.C.o
[ 55%] Building CXX object deps/libmotioncapture/deps/vrpn/CMakeFiles/vrpn.dir/vrpn_FunctionGenerator.C.o
/CrazySim/crazyswarm2_ws/src/motion_capture_tracking/motion_capture_tracking/deps/libmotioncapture/deps/vrpn/vrpn_EndpointContainer.C: In member function ‘void vrpn::EndpointContainer::compact_()’:
/CrazySim/crazyswarm2_ws/src/motion_capture_tracking/motion_capture_tracking/deps/libmotioncapture/deps/vrpn/vrpn_EndpointContainer.C:91:19: warning: unused variable ‘before’ [-Wunused-variable]
   91 |         size_type before = get_full_container_size();
      |                   ^~~~~~
[ 57%] Building CXX object deps/libmotioncapture/deps/vrpn/CMakeFiles/vrpn.dir/vrpn_Imager.C.o
[ 58%] Building CXX object deps/libmotioncapture/deps/vrpn/CMakeFiles/vrpn.dir/vrpn_LamportClock.C.o
[ 60%] Building CXX object deps/libmotioncapture/deps/vrpn/CMakeFiles/vrpn.dir/vrpn_Mutex.C.o
[ 61%] Building CXX object deps/libmotioncapture/deps/vrpn/CMakeFiles/vrpn.dir/vrpn_Poser.C.o
[ 63%] Building CXX object deps/libmotioncapture/deps/vrpn/CMakeFiles/vrpn.dir/vrpn_RedundantTransmission.C.o
[ 65%] Building CXX object deps/libmotioncapture/deps/vrpn/CMakeFiles/vrpn.dir/vrpn_Serial.C.o
[ 66%] Building CXX object deps/libmotioncapture/deps/vrpn/CMakeFiles/vrpn.dir/vrpn_SerialPort.C.o
[ 68%] Building CXX object deps/libmotioncapture/deps/vrpn/CMakeFiles/vrpn.dir/vrpn_Shared.C.o
[ 69%] Building CXX object deps/libmotioncapture/deps/vrpn/CMakeFiles/vrpn.dir/vrpn_SharedObject.C.o
[ 71%] Building CXX object deps/libmotioncapture/deps/vrpn/CMakeFiles/vrpn.dir/vrpn_Sound.C.o
[ 73%] Building CXX object deps/libmotioncapture/deps/vrpn/CMakeFiles/vrpn.dir/vrpn_Text.C.o
[ 74%] Building CXX object deps/libmotioncapture/deps/vrpn/CMakeFiles/vrpn.dir/vrpn_Thread.C.o
[ 76%] Building CXX object deps/libmotioncapture/deps/vrpn/CMakeFiles/vrpn.dir/vrpn_Tracker.C.o
In file included from /usr/include/string.h:535,
                 from /CrazySim/crazyswarm2_ws/src/motion_capture_tracking/motion_capture_tracking/deps/libmotioncapture/deps/vrpn/vrpn_Connection.C:12:
In function ‘char* strncpy(char*, const char*, size_t)’,
    inlined from ‘void vrpn_strcpy(char (&)[charCount], const char*) [with long unsigned int charCount = 150]’ at /CrazySim/crazyswarm2_ws/src/motion_capture_tracking/motion_capture_tracking/deps/libmotioncapture/deps/vrpn/vrpn_Shared.h:516:10,
    inlined from ‘static int vrpn_Connection_IP::handle_UDP_message(void*, vrpn_HANDLERPARAM)’ at /CrazySim/crazyswarm2_ws/src/motion_capture_tracking/motion_capture_tracking/deps/libmotioncapture/deps/vrpn/vrpn_Connection.C:5696:16:
/usr/include/x86_64-linux-gnu/bits/string_fortified.h:95:34: warning: ‘char* __builtin_strncpy(char*, const char*, long unsigned int)’ output may be truncated copying 149 bytes from a string of length 999 [-Wstringop-truncation]
   95 |   return __builtin___strncpy_chk (__dest, __src, __len,
      |          ~~~~~~~~~~~~~~~~~~~~~~~~^~~~~~~~~~~~~~~~~~~~~~
   96 |                                   __glibc_objsize (__dest));
      |                                   ~~~~~~~~~~~~~~~~~~~~~~~~~
[ 77%] Linking CXX static library libvrpn.a
[ 77%] Built target vrpn
/CrazySim/crazyswarm2_ws/src/motion_capture_tracking/motion_capture_tracking/deps/libmotioncapture/deps/qualisys_cpp_sdk/RTProtocol.cpp: In member function ‘bool CRTProtocol::GetCapture(const char*, bool)’:
/CrazySim/crazyswarm2_ws/src/motion_capture_tracking/motion_capture_tracking/deps/libmotioncapture/deps/qualisys_cpp_sdk/RTProtocol.cpp:651:66: warning: ‘%s’ directive writing up to 1023 bytes into a region of size 1004 [-Wformat-overflow=]
  651 |                         sprintf(maErrorStr, "No packet received. %s.", maErrorStr);
      |                                                                  ^~
In file included from /usr/include/stdio.h:894,
                 from /usr/include/c++/11/cstdio:42,
                 from /usr/include/c++/11/ext/string_conversions.h:43,
                 from /usr/include/c++/11/bits/basic_string.h:6608,
                 from /usr/include/c++/11/string:55,
                 from /usr/include/c++/11/bits/locale_classes.h:40,
                 from /usr/include/c++/11/bits/ios_base.h:41,
                 from /usr/include/c++/11/ios:42,
                 from /usr/include/c++/11/istream:38,
                 from /usr/include/c++/11/sstream:38,
                 from /CrazySim/crazyswarm2_ws/src/motion_capture_tracking/motion_capture_tracking/deps/libmotioncapture/deps/qualisys_cpp_sdk/RTProtocol.cpp:8:
/usr/include/x86_64-linux-gnu/bits/stdio2.h:38:34: note: ‘__builtin___sprintf_chk’ output between 22 and 1045 bytes into a destination of size 1024
   38 |   return __builtin___sprintf_chk (__s, __USE_FORTIFY_LEVEL - 1,
      |          ~~~~~~~~~~~~~~~~~~~~~~~~^~~~~~~~~~~~~~~~~~~~~~~~~~~~~~
   39 |                                   __glibc_objsize (__s), __fmt,
      |                                   ~~~~~~~~~~~~~~~~~~~~~~~~~~~~~
   40 |                                   __va_arg_pack ());
      |                                   ~~~~~~~~~~~~~~~~~
/CrazySim/crazyswarm2_ws/src/motion_capture_tracking/motion_capture_tracking/deps/libmotioncapture/deps/qualisys_cpp_sdk/RTProtocol.cpp: In member function ‘bool CRTProtocol::SetQTMEvent(const char*)’:
/CrazySim/crazyswarm2_ws/src/motion_capture_tracking/motion_capture_tracking/deps/libmotioncapture/deps/qualisys_cpp_sdk/RTProtocol.cpp:704:28: warning: ‘%s’ directive writing up to 92 bytes into a region of size between 88 and 94 [-Wformat-overflow=]
  704 |         sprintf(tTemp, "%s %s", (mnMajorVersion > 1 || mnMinorVersion > 7) ? "SetQTMEvent" : "Event", pLabel);
      |                            ^~
In file included from /usr/include/stdio.h:894,
                 from /usr/include/c++/11/cstdio:42,
                 from /usr/include/c++/11/ext/string_conversions.h:43,
                 from /usr/include/c++/11/bits/basic_string.h:6608,
                 from /usr/include/c++/11/string:55,
                 from /usr/include/c++/11/bits/locale_classes.h:40,
                 from /usr/include/c++/11/bits/ios_base.h:41,
                 from /usr/include/c++/11/ios:42,
                 from /usr/include/c++/11/istream:38,
                 from /usr/include/c++/11/sstream:38,
                 from /CrazySim/crazyswarm2_ws/src/motion_capture_tracking/motion_capture_tracking/deps/libmotioncapture/deps/qualisys_cpp_sdk/RTProtocol.cpp:8:
/usr/include/x86_64-linux-gnu/bits/stdio2.h:38:34: note: ‘__builtin___sprintf_chk’ output between 7 and 105 bytes into a destination of size 100
   38 |   return __builtin___sprintf_chk (__s, __USE_FORTIFY_LEVEL - 1,
      |          ~~~~~~~~~~~~~~~~~~~~~~~~^~~~~~~~~~~~~~~~~~~~~~~~~~~~~~
   39 |                                   __glibc_objsize (__s), __fmt,
      |                                   ~~~~~~~~~~~~~~~~~~~~~~~~~~~~~
   40 |                                   __va_arg_pack ());
      |                                   ~~~~~~~~~~~~~~~~~
/CrazySim/crazyswarm2_ws/src/motion_capture_tracking/motion_capture_tracking/deps/libmotioncapture/deps/qualisys_cpp_sdk/RTProtocol.cpp: In member function ‘bool CRTProtocol::SaveCapture(const char*, bool, char*, int)’:
/CrazySim/crazyswarm2_ws/src/motion_capture_tracking/motion_capture_tracking/deps/libmotioncapture/deps/qualisys_cpp_sdk/RTProtocol.cpp:995:32: warning: ‘%s’ directive writing up to 10 bytes into a region of size between 1 and 95 [-Wformat-overflow=]
  995 |         sprintf(tTemp, "Save %s%s", pFileName, bOverwrite ? " Overwrite" : "");
      |                                ^~
In file included from /usr/include/stdio.h:894,
                 from /usr/include/c++/11/cstdio:42,
                 from /usr/include/c++/11/ext/string_conversions.h:43,
                 from /usr/include/c++/11/bits/basic_string.h:6608,
                 from /usr/include/c++/11/string:55,
                 from /usr/include/c++/11/bits/locale_classes.h:40,
                 from /usr/include/c++/11/bits/ios_base.h:41,
                 from /usr/include/c++/11/ios:42,
                 from /usr/include/c++/11/istream:38,
                 from /usr/include/c++/11/sstream:38,
                 from /CrazySim/crazyswarm2_ws/src/motion_capture_tracking/motion_capture_tracking/deps/libmotioncapture/deps/qualisys_cpp_sdk/RTProtocol.cpp:8:
/usr/include/x86_64-linux-gnu/bits/stdio2.h:38:34: note: ‘__builtin___sprintf_chk’ output between 6 and 110 bytes into a destination of size 100
   38 |   return __builtin___sprintf_chk (__s, __USE_FORTIFY_LEVEL - 1,
      |          ~~~~~~~~~~~~~~~~~~~~~~~~^~~~~~~~~~~~~~~~~~~~~~~~~~~~~~
   39 |                                   __glibc_objsize (__s), __fmt,
      |                                   ~~~~~~~~~~~~~~~~~~~~~~~~~~~~~
   40 |                                   __va_arg_pack ());
      |                                   ~~~~~~~~~~~~~~~~~
/CrazySim/crazyswarm2_ws/src/motion_capture_tracking/motion_capture_tracking/deps/libmotioncapture/deps/qualisys_cpp_sdk/RTProtocol.cpp: In member function ‘bool CRTProtocol::LoadProject(const char*)’:
/CrazySim/crazyswarm2_ws/src/motion_capture_tracking/motion_capture_tracking/deps/libmotioncapture/deps/qualisys_cpp_sdk/RTProtocol.cpp:1040:37: warning: ‘%s’ directive writing up to 94 bytes into a region of size 88 [-Wformat-overflow=]
 1040 |         sprintf(tTemp, "LoadProject %s", pFileName);
      |                                     ^~
In file included from /usr/include/stdio.h:894,
                 from /usr/include/c++/11/cstdio:42,
                 from /usr/include/c++/11/ext/string_conversions.h:43,
                 from /usr/include/c++/11/bits/basic_string.h:6608,
                 from /usr/include/c++/11/string:55,
                 from /usr/include/c++/11/bits/locale_classes.h:40,
                 from /usr/include/c++/11/bits/ios_base.h:41,
                 from /usr/include/c++/11/ios:42,
                 from /usr/include/c++/11/istream:38,
                 from /usr/include/c++/11/sstream:38,
                 from /CrazySim/crazyswarm2_ws/src/motion_capture_tracking/motion_capture_tracking/deps/libmotioncapture/deps/qualisys_cpp_sdk/RTProtocol.cpp:8:
/usr/include/x86_64-linux-gnu/bits/stdio2.h:38:34: note: ‘__builtin___sprintf_chk’ output between 13 and 107 bytes into a destination of size 100
   38 |   return __builtin___sprintf_chk (__s, __USE_FORTIFY_LEVEL - 1,
      |          ~~~~~~~~~~~~~~~~~~~~~~~~^~~~~~~~~~~~~~~~~~~~~~~~~~~~~~
   39 |                                   __glibc_objsize (__s), __fmt,
      |                                   ~~~~~~~~~~~~~~~~~~~~~~~~~~~~~
   40 |                                   __va_arg_pack ());
      |                                   ~~~~~~~~~~~~~~~~~
In file included from /CrazySim/crazyswarm2_ws/src/motion_capture_tracking/motion_capture_tracking/deps/librigidbodytracker/src/rigid_body_tracker.cpp:14:
/CrazySim/crazyswarm2_ws/src/motion_capture_tracking/motion_capture_tracking/deps/librigidbodytracker/src/cbs_group_constraint.hpp: In function ‘void createConstraintsFromConflict(const std::map<std::__cxx11::basic_string<char>, std::set<std::__cxx11::basic_string<char> > >&, const string&, std::set<std::set<Constraint> >&)’:
/CrazySim/crazyswarm2_ws/src/motion_capture_tracking/motion_capture_tracking/deps/librigidbodytracker/src/cbs_group_constraint.hpp:148:7: warning: unused variable ‘count’ [-Wunused-variable]
  148 |   int count = 0;
      |       ^~~~~
In file included from /CrazySim/crazyswarm2_ws/src/motion_capture_tracking/motion_capture_tracking/deps/librigidbodytracker/src/rigid_body_tracker.cpp:1:
/CrazySim/crazyswarm2_ws/src/motion_capture_tracking/motion_capture_tracking/deps/librigidbodytracker/include/librigidbodytracker/rigid_body_tracker.h: In constructor ‘librigidbodytracker::RigidBodyTracker::RigidBodyTracker(const std::vector<librigidbodytracker::DynamicsConfiguration>&, const std::vector<std::shared_ptr<pcl::PointCloud<pcl::PointXYZ> > >&, const std::vector<librigidbodytracker::RigidBody>&)’:
/CrazySim/crazyswarm2_ws/src/motion_capture_tracking/motion_capture_tracking/deps/librigidbodytracker/include/librigidbodytracker/rigid_body_tracker.h:126:18: warning: ‘librigidbodytracker::RigidBodyTracker::m_trackingMode’ will be initialized after [-Wreorder]
  126 |     TrackingMode m_trackingMode;
      |                  ^~~~~~~~~~~~~~
/CrazySim/crazyswarm2_ws/src/motion_capture_tracking/motion_capture_tracking/deps/librigidbodytracker/include/librigidbodytracker/rigid_body_tracker.h:123:10: warning:   ‘bool librigidbodytracker::RigidBodyTracker::m_initialized’ [-Wreorder]
  123 |     bool m_initialized;
      |          ^~~~~~~~~~~~~
/CrazySim/crazyswarm2_ws/src/motion_capture_tracking/motion_capture_tracking/deps/librigidbodytracker/src/rigid_body_tracker.cpp:77:1: warning:   when initialized here [-Wreorder]
   77 | RigidBodyTracker::RigidBodyTracker(
      | ^~~~~~~~~~~~~~~~
/CrazySim/crazyswarm2_ws/src/motion_capture_tracking/motion_capture_tracking/deps/librigidbodytracker/src/rigid_body_tracker.cpp: In member function ‘bool librigidbodytracker::RigidBodyTracker::initializePose(pcl::PointCloud<pcl::PointXYZ>::ConstPtr)’:
/CrazySim/crazyswarm2_ws/src/motion_capture_tracking/motion_capture_tracking/deps/librigidbodytracker/src/rigid_body_tracker.cpp:167:21: warning: comparison of integer expressions of different signedness: ‘int’ and ‘const size_t’ {aka ‘const long unsigned int’} [-Wsign-compare]
  167 |   for (int i = 0; i < numRigidBodies; ++i) {
      |                   ~~^~~~~~~~~~~~~~~~
/CrazySim/crazyswarm2_ws/src/motion_capture_tracking/motion_capture_tracking/deps/librigidbodytracker/src/rigid_body_tracker.cpp:169:27: warning: comparison of integer expressions of different signedness: ‘int’ and ‘const size_t’ {aka ‘const long unsigned int’} [-Wsign-compare]
  169 |     for (int j = i + 1; j < numRigidBodies; ++j) {
      |                         ~~^~~~~~~~~~~~~~~~
/CrazySim/crazyswarm2_ws/src/motion_capture_tracking/motion_capture_tracking/deps/librigidbodytracker/src/rigid_body_tracker.cpp:180:25: warning: comparison of integer expressions of different signedness: ‘int’ and ‘const size_t’ {aka ‘const long unsigned int’} [-Wsign-compare]
  180 |   for (int iRb = 0; iRb < numRigidBodies; ++iRb) {
      |                     ~~~~^~~~~~~~~~~~~~~~
/CrazySim/crazyswarm2_ws/src/motion_capture_tracking/motion_capture_tracking/deps/librigidbodytracker/src/rigid_body_tracker.cpp:195:16: warning: comparison of integer expressions of different signedness: ‘int’ and ‘const size_t’ {aka ‘const long unsigned int’} [-Wsign-compare]
  195 |     if (nFound < rbNpts) {
      |         ~~~~~~~^~~~~~~~
/CrazySim/crazyswarm2_ws/src/motion_capture_tracking/motion_capture_tracking/deps/librigidbodytracker/src/rigid_body_tracker.cpp:208:23: warning: comparison of integer expressions of different signedness: ‘int’ and ‘const size_t’ {aka ‘const long unsigned int’} [-Wsign-compare]
  208 |     for (int i = 0; i < rbNpts; ++i) {
      |                     ~~^~~~~~~~
/CrazySim/crazyswarm2_ws/src/motion_capture_tracking/motion_capture_tracking/deps/librigidbodytracker/src/rigid_body_tracker.cpp: In member function ‘bool librigidbodytracker::RigidBodyTracker::initializePosition(std::chrono::_V2::system_clock::time_point, pcl::PointCloud<pcl::PointXYZ>::ConstPtr)’:
/CrazySim/crazyswarm2_ws/src/motion_capture_tracking/motion_capture_tracking/deps/librigidbodytracker/src/rigid_body_tracker.cpp:426:8: warning: unused variable ‘totalCost’ [-Wunused-variable]
  426 |   long totalCost = assignment.solve(solution);
      |        ^~~~~~~~~
/CrazySim/crazyswarm2_ws/src/motion_capture_tracking/motion_capture_tracking/deps/librigidbodytracker/src/rigid_body_tracker.cpp: In member function ‘void librigidbodytracker::RigidBodyTracker::updatePosition(std::chrono::_V2::system_clock::time_point, pcl::PointCloud<pcl::PointXYZ>::ConstPtr)’:
/CrazySim/crazyswarm2_ws/src/motion_capture_tracking/motion_capture_tracking/deps/librigidbodytracker/src/rigid_body_tracker.cpp:481:25: warning: comparison of integer expressions of different signedness: ‘int’ and ‘const size_t’ {aka ‘const long unsigned int’} [-Wsign-compare]
  481 |   for (int iRb = 0; iRb < numRigidBodies; ++iRb) {
      |                     ~~~~^~~~~~~~~~~~~~~~
/CrazySim/crazyswarm2_ws/src/motion_capture_tracking/motion_capture_tracking/deps/librigidbodytracker/src/rigid_body_tracker.cpp:537:8: warning: unused variable ‘totalCost’ [-Wunused-variable]
  537 |   long totalCost = assignment.solve(solution);
      |        ^~~~~~~~~
/CrazySim/crazyswarm2_ws/src/motion_capture_tracking/motion_capture_tracking/deps/librigidbodytracker/src/rigid_body_tracker.cpp: In member function ‘bool librigidbodytracker::RigidBodyTracker::initializeHybrid(std::chrono::_V2::system_clock::time_point, pcl::PointCloud<pcl::PointXYZ>::ConstPtr)’:
/CrazySim/crazyswarm2_ws/src/motion_capture_tracking/motion_capture_tracking/deps/librigidbodytracker/src/rigid_body_tracker.cpp:582:21: warning: comparison of integer expressions of different signedness: ‘int’ and ‘const size_t’ {aka ‘const long unsigned int’} [-Wsign-compare]
  582 |   for (int i = 0; i < numRigidBodies; ++i) {
      |                   ~~^~~~~~~~~~~~~~~~
/CrazySim/crazyswarm2_ws/src/motion_capture_tracking/motion_capture_tracking/deps/librigidbodytracker/src/rigid_body_tracker.cpp:584:27: warning: comparison of integer expressions of different signedness: ‘int’ and ‘const size_t’ {aka ‘const long unsigned int’} [-Wsign-compare]
  584 |     for (int j = i + 1; j < numRigidBodies; ++j) {
      |                         ~~^~~~~~~~~~~~~~~~
/CrazySim/crazyswarm2_ws/src/motion_capture_tracking/motion_capture_tracking/deps/librigidbodytracker/src/rigid_body_tracker.cpp:595:25: warning: comparison of integer expressions of different signedness: ‘int’ and ‘const size_t’ {aka ‘const long unsigned int’} [-Wsign-compare]
  595 |   for (int iRb = 0; iRb < numRigidBodies; ++iRb) {
      |                     ~~~~^~~~~~~~~~~~~~~~
/CrazySim/crazyswarm2_ws/src/motion_capture_tracking/motion_capture_tracking/deps/librigidbodytracker/src/rigid_body_tracker.cpp:610:16: warning: comparison of integer expressions of different signedness: ‘int’ and ‘const size_t’ {aka ‘const long unsigned int’} [-Wsign-compare]
  610 |     if (nFound < rbNpts) {
      |         ~~~~~~~^~~~~~~~
/CrazySim/crazyswarm2_ws/src/motion_capture_tracking/motion_capture_tracking/deps/librigidbodytracker/src/rigid_body_tracker.cpp:623:13: warning: unused variable ‘dist’ [-Wunused-variable]
  623 |       float dist = (pi - marker).norm();
      |             ^~~~
/CrazySim/crazyswarm2_ws/src/motion_capture_tracking/motion_capture_tracking/deps/librigidbodytracker/src/rigid_body_tracker.cpp:644:23: warning: comparison of integer expressions of different signedness: ‘int’ and ‘const size_t’ {aka ‘const long unsigned int’} [-Wsign-compare]
  644 |     for (int i = 0; i < rbNpts; ++i) {
      |                     ~~^~~~~~~~
/CrazySim/crazyswarm2_ws/src/motion_capture_tracking/motion_capture_tracking/deps/librigidbodytracker/src/rigid_body_tracker.cpp: In member function ‘void librigidbodytracker::RigidBodyTracker::updateHybrid(std::chrono::_V2::system_clock::time_point, pcl::PointCloud<pcl::PointXYZ>::ConstPtr)’:
/CrazySim/crazyswarm2_ws/src/motion_capture_tracking/motion_capture_tracking/deps/librigidbodytracker/src/rigid_body_tracker.cpp:756:25: warning: comparison of integer expressions of different signedness: ‘int’ and ‘const size_t’ {aka ‘const long unsigned int’} [-Wsign-compare]
  756 |   for (int iRb = 0; iRb < numRigidBodies; ++iRb) {
      |                     ~~~~^~~~~~~~~~~~~~~~
/CrazySim/crazyswarm2_ws/src/motion_capture_tracking/motion_capture_tracking/deps/librigidbodytracker/src/rigid_body_tracker.cpp:830:26: warning: comparison of integer expressions of different signedness: ‘size_t’ {aka ‘long unsigned int’} and ‘int’ [-Wsign-compare]
  830 |     for (size_t i = 0; i < k; ++i)  {
      |                        ~~^~~
/CrazySim/crazyswarm2_ws/src/motion_capture_tracking/motion_capture_tracking/deps/librigidbodytracker/src/rigid_body_tracker.cpp:1038:27: warning: comparison of integer expressions of different signedness: ‘int’ and ‘const size_t’ {aka ‘const long unsigned int’} [-Wsign-compare]
 1038 |     for (int iRb = 0; iRb < numRigidBodies; ++iRb) {
      |                       ~~~~^~~~~~~~~~~~~~~~
/CrazySim/crazyswarm2_ws/src/motion_capture_tracking/motion_capture_tracking/deps/librigidbodytracker/src/rigid_body_tracker.cpp:943:8: warning: variable ‘outputToFile’ set but not used [-Wunused-but-set-variable]
  943 |   bool outputToFile = false;
      |        ^~~~~~~~~~~~
/CrazySim/crazyswarm2_ws/src/motion_capture_tracking/motion_capture_tracking/deps/librigidbodytracker/src/rigid_body_tracker.cpp:948:7: warning: unused variable ‘m_lowLevelExpanded’ [-Wunused-variable]
  948 |   int m_lowLevelExpanded = 0;
      |       ^~~~~~~~~~~~~~~~~~
/CrazySim/crazyswarm2_ws/src/motion_capture_tracking/motion_capture_tracking/deps/librigidbodytracker/src/rigid_body_tracker.cpp:949:7: warning: unused variable ‘duplicate’ [-Wunused-variable]
  949 |   int duplicate = 0;
      |       ^~~~~~~~~
[ 79%] Linking CXX static library libqualisys_cpp_sdk.a
[ 79%] Built target qualisys_cpp_sdk
[ 80%] Linking CXX static library libViconDataStreamSDK_CPP.a
[ 80%] Built target ViconDataStreamSDK_CPP
[ 82%] Building CXX object deps/libmotioncapture/CMakeFiles/libmotioncapture.dir/src/fzmotion.cpp.o
[ 84%] Building CXX object deps/libmotioncapture/CMakeFiles/libmotioncapture.dir/src/motioncapture.cpp.o
[ 85%] Building CXX object deps/libmotioncapture/CMakeFiles/libmotioncapture.dir/src/optitrack_closed_source.cpp.o
[ 87%] Building CXX object deps/libmotioncapture/CMakeFiles/libmotioncapture.dir/src/optitrack.cpp.o
[ 88%] Building CXX object deps/libmotioncapture/CMakeFiles/libmotioncapture.dir/src/vrpn.cpp.o
[ 90%] Building CXX object deps/libmotioncapture/CMakeFiles/libmotioncapture.dir/src/vicon.cpp.o
[ 92%] Building CXX object deps/libmotioncapture/CMakeFiles/libmotioncapture.dir/src/mock.cpp.o
[ 93%] Building CXX object deps/libmotioncapture/CMakeFiles/libmotioncapture.dir/src/qualisys.cpp.o
/CrazySim/crazyswarm2_ws/src/motion_capture_tracking/motion_capture_tracking/deps/libmotioncapture/src/optitrack_closed_source.cpp: In member function ‘void libmotioncapture::MotionCaptureOptitrackClosedSourceImpl::FrameReceivedCallback(sFrameOfMocapData*)’:
/CrazySim/crazyswarm2_ws/src/motion_capture_tracking/motion_capture_tracking/deps/libmotioncapture/src/optitrack_closed_source.cpp:27:28: warning: comparison of integer expressions of different signedness: ‘size_t’ {aka ‘long unsigned int’} and ‘int32_t’ {aka ‘int’} [-Wsign-compare]
   27 |       for (size_t i = 0; i < data->nRigidBodies; ++i) {
      |                          ~~^~~~~~~~~~~~~~~~~~~~
/CrazySim/crazyswarm2_ws/src/motion_capture_tracking/motion_capture_tracking/deps/libmotioncapture/src/optitrack_closed_source.cpp:48:28: warning: comparison of integer expressions of different signedness: ‘size_t’ {aka ‘long unsigned int’} and ‘int32_t’ {aka ‘int’} [-Wsign-compare]
   48 |       for (size_t r = 0; r < data->nOtherMarkers; ++r)
      |                          ~~^~~~~~~~~~~~~~~~~~~~~
/CrazySim/crazyswarm2_ws/src/motion_capture_tracking/motion_capture_tracking/deps/libmotioncapture/src/optitrack_closed_source.cpp: In member function ‘const string& libmotioncapture::MotionCaptureOptitrackClosedSource::version() const’:
/CrazySim/crazyswarm2_ws/src/motion_capture_tracking/motion_capture_tracking/deps/libmotioncapture/src/optitrack_closed_source.cpp:184:3: warning: no return statement in function returning non-void [-Wreturn-type]
  184 |   }
      |   ^
In file included from /usr/include/boost/smart_ptr/detail/sp_thread_sleep.hpp:22,
                 from /usr/include/boost/smart_ptr/detail/yield_k.hpp:23,
                 from /usr/include/boost/smart_ptr/detail/spinlock_gcc_atomic.hpp:14,
                 from /usr/include/boost/smart_ptr/detail/spinlock.hpp:42,
                 from /usr/include/boost/smart_ptr/detail/spinlock_pool.hpp:25,
                 from /usr/include/boost/smart_ptr/shared_ptr.hpp:29,
                 from /usr/include/boost/shared_ptr.hpp:17,
                 from /usr/include/boost/date_time/time_clock.hpp:17,
                 from /usr/include/boost/date_time/posix_time/posix_time_types.hpp:10,
                 from /usr/include/boost/asio/time_traits.hpp:23,
                 from /usr/include/boost/asio/detail/timer_queue_ptime.hpp:22,
                 from /usr/include/boost/asio/detail/deadline_timer_service.hpp:29,
                 from /usr/include/boost/asio/basic_deadline_timer.hpp:25,
                 from /usr/include/boost/asio.hpp:25,
                 from /CrazySim/crazyswarm2_ws/src/motion_capture_tracking/motion_capture_tracking/deps/libmotioncapture/include/libmotioncapture/fzmotion.h:7,
                 from /CrazySim/crazyswarm2_ws/src/motion_capture_tracking/motion_capture_tracking/deps/libmotioncapture/src/motioncapture.cpp:25:
/usr/include/boost/bind.hpp:36:1: note: ‘#pragma message: The practice of declaring the Bind placeholders (_1, _2, ...) in the global namespace is deprecated. Please use <boost/bind/bind.hpp> + using namespace boost::placeholders, or define BOOST_BIND_GLOBAL_PLACEHOLDERS to retain the current behavior.’
   36 | BOOST_PRAGMA_MESSAGE(
      | ^~~~~~~~~~~~~~~~~~~~
In file included from /CrazySim/crazyswarm2_ws/src/motion_capture_tracking/motion_capture_tracking/deps/libmotioncapture/src/motioncapture.cpp:25:
/CrazySim/crazyswarm2_ws/src/motion_capture_tracking/motion_capture_tracking/deps/libmotioncapture/include/libmotioncapture/fzmotion.h:133:32: warning: ISO C++ prohibits anonymous structs [-Wpedantic]
  133 |                         struct { uint8 v1; uint8 v2; uint8 v3; uint8 v4; };
      |                                ^
/CrazySim/crazyswarm2_ws/src/motion_capture_tracking/motion_capture_tracking/deps/libmotioncapture/include/libmotioncapture/fzmotion.h:138:32: warning: ISO C++ prohibits anonymous structs [-Wpedantic]
  138 |                         struct { uint8 v1; uint8 v2; uint8 v3; uint8 v4; };
      |                                ^
/CrazySim/crazyswarm2_ws/src/motion_capture_tracking/motion_capture_tracking/deps/libmotioncapture/include/libmotioncapture/fzmotion.h:145:32: warning: ISO C++ prohibits anonymous structs [-Wpedantic]
  145 |                         struct { octet h1; octet h2; octet l1; octet l2; };
      |                                ^
In file included from /usr/include/boost/smart_ptr/detail/sp_thread_sleep.hpp:22,
                 from /usr/include/boost/smart_ptr/detail/yield_k.hpp:23,
                 from /usr/include/boost/smart_ptr/detail/spinlock_gcc_atomic.hpp:14,
                 from /usr/include/boost/smart_ptr/detail/spinlock.hpp:42,
                 from /usr/include/boost/smart_ptr/detail/spinlock_pool.hpp:25,
                 from /usr/include/boost/smart_ptr/shared_ptr.hpp:29,
                 from /usr/include/boost/shared_ptr.hpp:17,
                 from /usr/include/boost/date_time/time_clock.hpp:17,
                 from /usr/include/boost/date_time/posix_time/posix_time_types.hpp:10,
                 from /usr/include/boost/asio/time_traits.hpp:23,
                 from /usr/include/boost/asio/detail/timer_queue_ptime.hpp:22,
                 from /usr/include/boost/asio/detail/deadline_timer_service.hpp:29,
                 from /usr/include/boost/asio/basic_deadline_timer.hpp:25,
                 from /usr/include/boost/asio.hpp:25,
                 from /CrazySim/crazyswarm2_ws/src/motion_capture_tracking/motion_capture_tracking/deps/libmotioncapture/include/libmotioncapture/fzmotion.h:7,
                 from /CrazySim/crazyswarm2_ws/src/motion_capture_tracking/motion_capture_tracking/deps/libmotioncapture/src/fzmotion.cpp:1:
/usr/include/boost/bind.hpp:36:1: note: ‘#pragma message: The practice of declaring the Bind placeholders (_1, _2, ...) in the global namespace is deprecated. Please use <boost/bind/bind.hpp> + using namespace boost::placeholders, or define BOOST_BIND_GLOBAL_PLACEHOLDERS to retain the current behavior.’
   36 | BOOST_PRAGMA_MESSAGE(
      | ^~~~~~~~~~~~~~~~~~~~
In file included from /CrazySim/crazyswarm2_ws/src/motion_capture_tracking/motion_capture_tracking/deps/libmotioncapture/src/fzmotion.cpp:1:
/CrazySim/crazyswarm2_ws/src/motion_capture_tracking/motion_capture_tracking/deps/libmotioncapture/include/libmotioncapture/fzmotion.h:133:32: warning: ISO C++ prohibits anonymous structs [-Wpedantic]
  133 |                         struct { uint8 v1; uint8 v2; uint8 v3; uint8 v4; };
      |                                ^
/CrazySim/crazyswarm2_ws/src/motion_capture_tracking/motion_capture_tracking/deps/libmotioncapture/include/libmotioncapture/fzmotion.h:138:32: warning: ISO C++ prohibits anonymous structs [-Wpedantic]
  138 |                         struct { uint8 v1; uint8 v2; uint8 v3; uint8 v4; };
      |                                ^
/CrazySim/crazyswarm2_ws/src/motion_capture_tracking/motion_capture_tracking/deps/libmotioncapture/include/libmotioncapture/fzmotion.h:145:32: warning: ISO C++ prohibits anonymous structs [-Wpedantic]
  145 |                         struct { octet h1; octet h2; octet l1; octet l2; };
      |                                ^
/CrazySim/crazyswarm2_ws/src/motion_capture_tracking/motion_capture_tracking/deps/libmotioncapture/include/libmotioncapture/fzmotion.h: In constructor ‘libmotioncapture::MotionCaptureFZMotion::MotionCaptureFZMotion(const string&, int, const string&, int)’:
/CrazySim/crazyswarm2_ws/src/motion_capture_tracking/motion_capture_tracking/deps/libmotioncapture/include/libmotioncapture/fzmotion.h:165:29: warning: ‘libmotioncapture::MotionCaptureFZMotion::m_ConnectionSocket’ will be initialized after [-Wreorder]
  165 |                 udp::socket m_ConnectionSocket;
      |                             ^~~~~~~~~~~~~~~~~~
/CrazySim/crazyswarm2_ws/src/motion_capture_tracking/motion_capture_tracking/deps/libmotioncapture/include/libmotioncapture/fzmotion.h:164:29: warning:   ‘boost::asio::ip::udp::socket libmotioncapture::MotionCaptureFZMotion::m_TransmissionSocket’ [-Wreorder]
  164 |                 udp::socket m_TransmissionSocket;
      |                             ^~~~~~~~~~~~~~~~~~~~
/CrazySim/crazyswarm2_ws/src/motion_capture_tracking/motion_capture_tracking/deps/libmotioncapture/src/fzmotion.cpp:5:5: warning:   when initialized here [-Wreorder]
    5 |     MotionCaptureFZMotion::MotionCaptureFZMotion(
      |     ^~~~~~~~~~~~~~~~~~~~~
/CrazySim/crazyswarm2_ws/src/motion_capture_tracking/motion_capture_tracking/deps/libmotioncapture/src/fzmotion.cpp: In member function ‘void libmotioncapture::MotionCaptureFZMotion::receiveFrameData()’:
/CrazySim/crazyswarm2_ws/src/motion_capture_tracking/motion_capture_tracking/deps/libmotioncapture/src/fzmotion.cpp:293:9: warning: label ‘boost’ defined but not used [-Wunused-label]
  293 |         boost:system::error_code ec;
      |         ^~~~~
/CrazySim/crazyswarm2_ws/src/motion_capture_tracking/motion_capture_tracking/deps/libmotioncapture/src/fzmotion.cpp: In member function ‘virtual const PointCloud& libmotioncapture::MotionCaptureFZMotion::pointCloud() const’:
/CrazySim/crazyswarm2_ws/src/motion_capture_tracking/motion_capture_tracking/deps/libmotioncapture/src/fzmotion.cpp:412:32: warning: comparison of integer expressions of different signedness: ‘Eigen::EigenBase<Eigen::Matrix<float, -1, 3, 1> >::Index’ {aka ‘long int’} and ‘std::vector<libmotioncapture::LMarker>::size_type’ {aka ‘long unsigned int’} [-Wsign-compare]
  412 |         if (pointcloud_.size() != this->m_vctMarkData.size()) {
      |             ~~~~~~~~~~~~~~~~~~~^~~~~~~~~~~~~~~~~~~~~~~~~~~~~
/CrazySim/crazyswarm2_ws/src/motion_capture_tracking/motion_capture_tracking/deps/libmotioncapture/src/optitrack.cpp: In member function ‘virtual void libmotioncapture::MotionCaptureOptitrack::waitForNextFrame()’:
/CrazySim/crazyswarm2_ws/src/motion_capture_tracking/motion_capture_tracking/deps/libmotioncapture/src/optitrack.cpp:713:14: warning: unused variable ‘bTrackedModelsChanged’ [-Wunused-variable]
  713 |         bool bTrackedModelsChanged = (params & 0x02) != 0;         // 0x02 Actively tracked model list has changed
      |              ^~~~~~~~~~~~~~~~~~~~~
[ 95%] Linking CXX static library liblibrigidbodytracker.a
[ 95%] Built target librigidbodytracker
[ 96%] Linking CXX static library liblibmotioncapture.a
[ 96%] Built target libmotioncapture
[ 98%] Building CXX object CMakeFiles/motion_capture_tracking_node.dir/src/motion_capture_tracking_node.cpp.o
[100%] Linking CXX executable motion_capture_tracking_node
[100%] Built target motion_capture_tracking_node
-- Install configuration: "Release"
-- Execute custom install script
-- Symlinking: /CrazySim/crazyswarm2_ws/install/motion_capture_tracking/include/vicon-datastream-sdk/DataStreamClient.h
-- Symlinking: /CrazySim/crazyswarm2_ws/install/motion_capture_tracking/include/vicon-datastream-sdk/IDataStreamClientBase.h
-- Symlinking: /CrazySim/crazyswarm2_ws/install/motion_capture_tracking/lib/cmake/vicon-datastream-sdk/vicon-datastream-sdkConfig.cmake
-- Symlinking: /CrazySim/crazyswarm2_ws/install/motion_capture_tracking/lib/cmake/vicon-datastream-sdk/vicon-datastream-sdkConfigVersion.cmake
-- Symlinking: /CrazySim/crazyswarm2_ws/install/motion_capture_tracking/lib/motion_capture_tracking/motion_capture_tracking_node
-- Symlinking: /CrazySim/crazyswarm2_ws/install/motion_capture_tracking/lib/motion_capture_tracking/libNatNet.so
-- Symlinking: /CrazySim/crazyswarm2_ws/install/motion_capture_tracking/share/motion_capture_tracking//launch/launch.py
-- Symlinking: /CrazySim/crazyswarm2_ws/install/motion_capture_tracking/share/motion_capture_tracking//launch/node.launch
-- Symlinking: /CrazySim/crazyswarm2_ws/install/motion_capture_tracking/share/motion_capture_tracking//config/cfg.yaml
-- Symlinking: /CrazySim/crazyswarm2_ws/install/motion_capture_tracking/share/motion_capture_tracking//config/rviz.rviz
-- Symlinking: /CrazySim/crazyswarm2_ws/install/motion_capture_tracking/share/ament_index/resource_index/package_run_dependencies/motion_capture_tracking
-- Symlinking: /CrazySim/crazyswarm2_ws/install/motion_capture_tracking/share/ament_index/resource_index/parent_prefix_path/motion_capture_tracking
-- Symlinking: /CrazySim/crazyswarm2_ws/install/motion_capture_tracking/share/motion_capture_tracking/environment/ament_prefix_path.sh
-- Symlinking: /CrazySim/crazyswarm2_ws/install/motion_capture_tracking/share/motion_capture_tracking/environment/ament_prefix_path.dsv
-- Symlinking: /CrazySim/crazyswarm2_ws/install/motion_capture_tracking/share/motion_capture_tracking/environment/path.sh
-- Symlinking: /CrazySim/crazyswarm2_ws/install/motion_capture_tracking/share/motion_capture_tracking/environment/path.dsv
-- Symlinking: /CrazySim/crazyswarm2_ws/install/motion_capture_tracking/share/motion_capture_tracking/local_setup.bash
-- Symlinking: /CrazySim/crazyswarm2_ws/install/motion_capture_tracking/share/motion_capture_tracking/local_setup.sh
-- Symlinking: /CrazySim/crazyswarm2_ws/install/motion_capture_tracking/share/motion_capture_tracking/local_setup.zsh
-- Symlinking: /CrazySim/crazyswarm2_ws/install/motion_capture_tracking/share/motion_capture_tracking/local_setup.dsv
-- Symlinking: /CrazySim/crazyswarm2_ws/install/motion_capture_tracking/share/motion_capture_tracking/package.dsv
-- Symlinking: /CrazySim/crazyswarm2_ws/install/motion_capture_tracking/share/ament_index/resource_index/packages/motion_capture_tracking
-- Symlinking: /CrazySim/crazyswarm2_ws/install/motion_capture_tracking/share/motion_capture_tracking/cmake/motion_capture_trackingConfig.cmake
-- Symlinking: /CrazySim/crazyswarm2_ws/install/motion_capture_tracking/share/motion_capture_tracking/cmake/motion_capture_trackingConfig-version.cmake
-- Symlinking: /CrazySim/crazyswarm2_ws/install/motion_capture_tracking/share/motion_capture_tracking/package.xml
