[0.017s] Invoking command in '/CrazySim/crazyswarm2_ws/build/motion_capture_tracking': AMENT_PREFIX_PATH=/CrazySim/crazyswarm2_ws/install/motion_capture_tracking_interfaces:${AMENT_PREFIX_PATH} CMAKE_PREFIX_PATH=/CrazySim/crazyswarm2_ws/install/motion_capture_tracking_interfaces:/opt/ros/humble LD_LIBRARY_PATH=/CrazySim/crazyswarm2_ws/install/motion_capture_tracking_interfaces/lib:${LD_LIBRARY_PATH} PYTHONPATH=/CrazySim/crazyswarm2_ws/install/motion_capture_tracking_interfaces/local/lib/python3.10/dist-packages:${PYTHONPATH} /usr/bin/cmake /CrazySim/crazyswarm2_ws/src/motion_capture_tracking/motion_capture_tracking -DCMAKE_BUILD_TYPE=Release -DAMENT_CMAKE_SYMLINK_INSTALL=1 -DCMAKE_INSTALL_PREFIX=/CrazySim/crazyswarm2_ws/install/motion_capture_tracking
[0.101s] -- The C compiler identification is GNU 11.4.0
[0.195s] -- The CXX compiler identification is GNU 11.4.0
[0.203s] -- Detecting C compiler ABI info
[0.348s] -- Detecting C compiler ABI info - done
[0.363s] -- Check for working C compiler: /usr/bin/cc - skipped
[0.363s] -- Detecting C compile features
[0.364s] -- Detecting C compile features - done
[0.369s] -- Detecting CXX compiler ABI info
[0.471s] -- Detecting CXX compiler ABI info - done
[0.485s] -- Check for working CXX compiler: /usr/bin/c++ - skipped
[0.486s] -- Detecting CXX compile features
[0.487s] -- Detecting CXX compile features - done
[0.492s] -- Found ament_cmake: 1.3.14 (/opt/ros/humble/share/ament_cmake/cmake)
[0.830s] -- Found Python3: /usr/bin/python3 (found version "3.10.12") found components: Interpreter 
[0.928s] -- Override CMake install command with custom implementation using symlinks instead of copying resources
[0.980s] -- Found rclcpp: 16.0.19 (/opt/ros/humble/share/rclcpp/cmake)
[1.131s] -- Found rosidl_generator_c: 3.1.8 (/opt/ros/humble/share/rosidl_generator_c/cmake)
[1.149s] -- Found rosidl_adapter: 3.1.8 (/opt/ros/humble/share/rosidl_adapter/cmake)
[1.171s] -- Found rosidl_generator_cpp: 3.1.8 (/opt/ros/humble/share/rosidl_generator_cpp/cmake)
[1.195s] -- Using all available rosidl_typesupport_c: rosidl_typesupport_fastrtps_c;rosidl_typesupport_introspection_c
[1.229s] -- Using all available rosidl_typesupport_cpp: rosidl_typesupport_fastrtps_cpp;rosidl_typesupport_introspection_cpp
[1.362s] -- Found rmw_implementation_cmake: 6.1.2 (/opt/ros/humble/share/rmw_implementation_cmake/cmake)
[1.373s] -- Found rmw_fastrtps_cpp: 6.2.10 (/opt/ros/humble/share/rmw_fastrtps_cpp/cmake)
[1.859s] -- Found OpenSSL: /usr/lib/x86_64-linux-gnu/libcrypto.so (found version "3.0.2")  
[1.964s] -- Found FastRTPS: /opt/ros/humble/include  
[2.096s] -- Using RMW implementation 'rmw_fastrtps_cpp' as default
[2.151s] -- Looking for pthread.h
[2.499s] -- Looking for pthread.h - found
[2.504s] -- Performing Test CMAKE_HAVE_LIBC_PTHREAD
[2.694s] -- Performing Test CMAKE_HAVE_LIBC_PTHREAD - Success
[2.698s] -- Found Threads: TRUE  
[3.089s] -- Found tf2_ros: 0.25.20 (/opt/ros/humble/share/tf2_ros/cmake)
[3.497s] -- Found sensor_msgs: 4.9.1 (/opt/ros/humble/share/sensor_msgs/cmake)
[3.535s] -- Found motion_capture_tracking_interfaces: 1.0.6 (/CrazySim/crazyswarm2_ws/install/motion_capture_tracking_interfaces/share/motion_capture_tracking_interfaces/cmake)
[3.579s] -- Found eigen3_cmake_module: 0.1.1 (/opt/ros/humble/share/eigen3_cmake_module/cmake)
[3.656s] -- Found Eigen3: TRUE (found version "3.4.0") 
[3.712s] -- Checking for module 'eigen3'
[3.758s] --   Found eigen3, version 3.4.0
[3.848s] -- Found Eigen: /usr/include/eigen3 (Required is at least version "3.1") 
[3.849s] -- Eigen found (include: /usr/include/eigen3, version: 3.4.0)
[4.014s] -- Found Boost: /usr/lib/x86_64-linux-gnu/cmake/Boost-1.74.0/BoostConfig.cmake (found suitable version "1.74.0", minimum required is "1.65.0") found components: system filesystem date_time iostreams serialization 
[4.021s] -- looking for PCL_COMMON
[4.026s] -- Found PCL_COMMON: /usr/lib/x86_64-linux-gnu/libpcl_common.so  
[4.027s] -- Found PCL: pcl_common;Boost::system;Boost::filesystem;Boost::date_time;Boost::iostreams;Boost::serialization  
[4.039s] CMake Warning (dev) at deps/librigidbodytracker/CMakeLists.txt:7 (find_package):
[4.039s]   Policy CMP0074 is not set: find_package uses <PackageName>_ROOT variables.
[4.039s]   Run "cmake --help-policy CMP0074" for policy details.  Use the cmake_policy
[4.040s]   command to set the policy and suppress this warning.
[4.040s] 
[4.040s]   CMake variable PCL_ROOT is set to:
[4.040s] 
[4.040s]     /usr
[4.040s] 
[4.040s]   For compatibility, CMake is ignoring the variable.
[4.040s] This warning is for project developers.  Use -Wno-dev to suppress it.
[4.041s] 
[4.139s] -- Checking for module 'flann'
[4.323s] --   Found flann, version 1.9.1
[4.467s] -- Found FLANN: /usr/lib/x86_64-linux-gnu/libflann_cpp.so  
[4.468s] -- FLANN found (include: /usr/include, lib: /usr/lib/x86_64-linux-gnu/libflann_cpp.so)
[4.675s] -- Found GLEW: /usr/lib/x86_64-linux-gnu/libGLEW.so  
[4.687s] -- Found OpenGL: /usr/lib/x86_64-linux-gnu/libOpenGL.so  found components: OpenGL GLX 
[5.273s] -- Found MPI_C: /usr/lib/x86_64-linux-gnu/libmpi.so (found version "3.1") 
[5.274s] -- Found MPI: TRUE (found version "3.1") found components: C 
[5.274s] -- Found JsonCpp: /usr/lib/x86_64-linux-gnu/libjsoncpp.so (found suitable version "1.9.5", minimum required is "0.7.0") 
[5.274s] -- Found ZLIB: /usr/lib/x86_64-linux-gnu/libz.so (found version "1.2.11") 
[5.327s] -- Found PNG: /usr/lib/x86_64-linux-gnu/libpng.so (found version "1.6.37") 
[5.386s] -- Found Eigen3: /usr/include/eigen3 (found version "3.4.0") 
[5.673s] -- Found X11: /usr/include   
[5.673s] -- Looking for XOpenDisplay in /usr/lib/x86_64-linux-gnu/libX11.so;/usr/lib/x86_64-linux-gnu/libXext.so
[5.913s] -- Looking for XOpenDisplay in /usr/lib/x86_64-linux-gnu/libX11.so;/usr/lib/x86_64-linux-gnu/libXext.so - found
[5.913s] -- Looking for gethostbyname
[6.038s] -- Looking for gethostbyname - found
[6.042s] -- Looking for connect
[6.241s] -- Looking for connect - found
[6.241s] -- Looking for remove
[6.326s] -- Looking for remove - found
[6.326s] -- Looking for shmat
[6.408s] -- Looking for shmat - found
[6.409s] -- Looking for IceConnectionNumber in ICE
[6.498s] -- Looking for IceConnectionNumber in ICE - found
[6.624s] -- Found EXPAT: /usr/lib/x86_64-linux-gnu/libexpat.so (found version "2.4.7") 
[6.627s] -- Found double-conversion: /usr/lib/x86_64-linux-gnu/libdouble-conversion.so  
[6.630s] -- Found LZ4: /usr/lib/x86_64-linux-gnu/liblz4.so (found version "1.9.3") 
[6.632s] -- Found LZMA: /usr/lib/x86_64-linux-gnu/liblzma.so (found version "5.2.5") 
[6.675s] -- Found JPEG: /usr/lib/x86_64-linux-gnu/libjpeg.so (found version "80") 
[6.681s] -- Found TIFF: /usr/lib/x86_64-linux-gnu/libtiff.so (found version "4.3.0")  
[6.686s] -- Found Freetype: /usr/lib/x86_64-linux-gnu/libfreetype.so (found version "2.11.1") 
[6.693s] -- Found utf8cpp: /usr/include/utf8cpp  
[6.807s] -- Checking for module 'libusb-1.0'
[6.830s] --   Found libusb-1.0, version 1.0.25
[6.882s] -- Found libusb: /usr/lib/x86_64-linux-gnu/libusb-1.0.so  
[6.884s] -- Found OpenNI: /usr/lib/libOpenNI.so;libusb::libusb (found version "1.5.4.0") 
[6.885s] -- OpenNI found (version: 1.5.4.0, include: /usr/include/ni, lib: /usr/lib/libOpenNI.so;libusb::libusb)
[6.971s] -- Found OpenNI2: /usr/lib/x86_64-linux-gnu/libOpenNI2.so;libusb::libusb (found version "2.2.0.33") 
[6.972s] -- OpenNI2 found (version: 2.2.0.33, include: /usr/include/openni2, lib: /usr/lib/x86_64-linux-gnu/libOpenNI2.so;libusb::libusb)
[6.972s] ** WARNING ** io features related to pcap will be disabled
[7.166s] -- Eigen found (include: /usr/include/eigen3, version: 3.4.0)
[7.178s] -- OpenNI found (version: 1.5.4.0, include: /usr/include/ni, lib: /usr/lib/libOpenNI.so;libusb::libusb)
[7.189s] -- OpenNI2 found (version: 2.2.0.33, include: /usr/include/openni2, lib: /usr/lib/x86_64-linux-gnu/libOpenNI2.so;libusb::libusb)
[7.404s] -- Found Qhull version 8.0.2
[7.617s] -- OpenNI found (version: 1.5.4.0, include: /usr/include/ni, lib: /usr/lib/libOpenNI.so;libusb::libusb)
[7.814s] -- looking for PCL_KDTREE
[7.815s] -- Found PCL_KDTREE: /usr/lib/x86_64-linux-gnu/libpcl_kdtree.so  
[7.816s] -- looking for PCL_OCTREE
[7.816s] -- Found PCL_OCTREE: /usr/lib/x86_64-linux-gnu/libpcl_octree.so  
[7.817s] -- looking for PCL_SEARCH
[7.817s] -- Found PCL_SEARCH: /usr/lib/x86_64-linux-gnu/libpcl_search.so  
[7.817s] -- looking for PCL_SAMPLE_CONSENSUS
[7.818s] -- Found PCL_SAMPLE_CONSENSUS: /usr/lib/x86_64-linux-gnu/libpcl_sample_consensus.so  
[7.818s] -- looking for PCL_FILTERS
[7.819s] -- Found PCL_FILTERS: /usr/lib/x86_64-linux-gnu/libpcl_filters.so  
[7.819s] -- looking for PCL_2D
[7.819s] -- Found PCL_2D: /usr/include/pcl-1.12  
[7.820s] -- looking for PCL_GEOMETRY
[7.820s] -- Found PCL_GEOMETRY: /usr/include/pcl-1.12  
[7.820s] -- looking for PCL_IO
[7.821s] -- Found PCL_IO: /usr/lib/x86_64-linux-gnu/libpcl_io.so  
[7.821s] -- looking for PCL_FEATURES
[7.821s] -- Found PCL_FEATURES: /usr/lib/x86_64-linux-gnu/libpcl_features.so  
[7.822s] -- looking for PCL_ML
[7.822s] -- Found PCL_ML: /usr/lib/x86_64-linux-gnu/libpcl_ml.so  
[7.823s] -- looking for PCL_SEGMENTATION
[7.823s] -- Found PCL_SEGMENTATION: /usr/lib/x86_64-linux-gnu/libpcl_segmentation.so  
[7.824s] -- looking for PCL_VISUALIZATION
[7.825s] -- Found PCL_VISUALIZATION: /usr/lib/x86_64-linux-gnu/libpcl_visualization.so  
[7.825s] -- looking for PCL_SURFACE
[7.826s] -- Found PCL_SURFACE: /usr/lib/x86_64-linux-gnu/libpcl_surface.so  
[7.826s] -- looking for PCL_REGISTRATION
[7.827s] -- Found PCL_REGISTRATION: /usr/lib/x86_64-linux-gnu/libpcl_registration.so  
[7.827s] -- looking for PCL_KEYPOINTS
[7.828s] -- Found PCL_KEYPOINTS: /usr/lib/x86_64-linux-gnu/libpcl_keypoints.so  
[7.828s] -- looking for PCL_TRACKING
[7.829s] -- Found PCL_TRACKING: /usr/lib/x86_64-linux-gnu/libpcl_tracking.so  
[7.829s] -- looking for PCL_RECOGNITION
[7.830s] -- Found PCL_RECOGNITION: /usr/lib/x86_64-linux-gnu/libpcl_recognition.so  
[7.830s] -- looking for PCL_STEREO
[7.831s] -- Found PCL_STEREO: /usr/lib/x86_64-linux-gnu/libpcl_stereo.so  
[7.831s] -- looking for PCL_APPS
[7.832s] -- Found PCL_APPS: /usr/lib/x86_64-linux-gnu/libpcl_apps.so  
[7.832s] -- looking for PCL_IN_HAND_SCANNER
[7.833s] -- Found PCL_IN_HAND_SCANNER: /usr/include/pcl-1.12  
[7.833s] -- looking for PCL_MODELER
[7.833s] -- Found PCL_MODELER: /usr/include/pcl-1.12  
[7.833s] -- looking for PCL_POINT_CLOUD_EDITOR
[7.833s] -- Found PCL_POINT_CLOUD_EDITOR: /usr/include/pcl-1.12  
[7.833s] -- looking for PCL_OUTOFCORE
[7.834s] -- Found PCL_OUTOFCORE: /usr/lib/x86_64-linux-gnu/libpcl_outofcore.so  
[7.834s] -- looking for PCL_PEOPLE
[7.835s] -- Found PCL_PEOPLE: /usr/lib/x86_64-linux-gnu/libpcl_people.so  
[7.836s] -- Found PCL: pcl_common;pcl_kdtree;pcl_octree;pcl_search;pcl_sample_consensus;pcl_filters;pcl_io;pcl_features;pcl_ml;pcl_segmentation;pcl_visualization;pcl_surface;pcl_registration;pcl_keypoints;pcl_tracking;pcl_recognition;pcl_stereo;pcl_apps;pcl_outofcore;pcl_people;Boost::system;Boost::filesystem;Boost::date_time;Boost::iostreams;Boost::serialization;/usr/lib/libOpenNI.so;libusb::libusb;/usr/lib/x86_64-linux-gnu/libOpenNI2.so;libusb::libusb;VTK::ChartsCore;VTK::CommonColor;VTK::CommonComputationalGeometry;VTK::CommonCore;VTK::CommonDataModel;VTK::CommonExecutionModel;VTK::CommonMath;VTK::CommonMisc;VTK::CommonTransforms;VTK::FiltersCore;VTK::FiltersExtraction;VTK::FiltersGeneral;VTK::FiltersGeometry;VTK::FiltersModeling;VTK::FiltersSources;VTK::ImagingCore;VTK::ImagingSources;VTK::InteractionImage;VTK::InteractionStyle;VTK::InteractionWidgets;VTK::IOCore;VTK::IOGeometry;VTK::IOImage;VTK::IOLegacy;VTK::IOPLY;VTK::RenderingAnnotation;VTK::RenderingCore;VTK::RenderingContext2D;VTK::RenderingLOD;VTK::RenderingFreeType;VTK::ViewsCore;VTK::ViewsContext2D;VTK::RenderingOpenGL2;VTK::GUISupportQt;FLANN::FLANN;QHULL::QHULL  
[7.841s] -- Found PkgConfig: /usr/bin/pkg-config (found version "0.29.2") 
[7.852s] -- Found Boost: /usr/lib/x86_64-linux-gnu/cmake/Boost-1.74.0/BoostConfig.cmake (found suitable version "1.74.0", minimum required is "1.58") found components: program_options 
[7.853s] -- Checking for module 'yaml-cpp'
[7.872s] --   Found yaml-cpp, version 0.7.0
[7.926s] CMake Warning (dev) at deps/libmotioncapture/CMakeLists.txt:5 (option):
[7.926s]   Policy CMP0077 is not set: option() honors normal variables.  Run "cmake
[7.926s]   --help-policy CMP0077" for policy details.  Use the cmake_policy command to
[7.926s]   set the policy and suppress this warning.
[7.926s] 
[7.927s]   For compatibility with older versions of CMake, option is clearing the
[7.927s]   normal variable 'LIBMOTIONCAPTURE_BUILD_PYTHON_BINDINGS'.
[7.927s] This warning is for project developers.  Use -Wno-dev to suppress it.
[7.927s] 
[7.927s] CMake Warning (dev) at deps/libmotioncapture/CMakeLists.txt:6 (option):
[7.927s]   Policy CMP0077 is not set: option() honors normal variables.  Run "cmake
[7.927s]   --help-policy CMP0077" for policy details.  Use the cmake_policy command to
[7.927s]   set the policy and suppress this warning.
[7.927s] 
[7.927s]   For compatibility with older versions of CMake, option is clearing the
[7.928s]   normal variable 'LIBMOTIONCAPTURE_ENABLE_QUALISYS'.
[7.928s] This warning is for project developers.  Use -Wno-dev to suppress it.
[7.928s] 
[7.928s] CMake Warning (dev) at deps/libmotioncapture/CMakeLists.txt:7 (option):
[7.928s]   Policy CMP0077 is not set: option() honors normal variables.  Run "cmake
[7.928s]   --help-policy CMP0077" for policy details.  Use the cmake_policy command to
[7.928s]   set the policy and suppress this warning.
[7.928s] 
[7.928s]   For compatibility with older versions of CMake, option is clearing the
[7.928s]   normal variable 'LIBMOTIONCAPTURE_ENABLE_OPTITRACK'.
[7.929s] This warning is for project developers.  Use -Wno-dev to suppress it.
[7.929s] 
[7.929s] CMake Warning (dev) at deps/libmotioncapture/CMakeLists.txt:8 (option):
[7.929s]   Policy CMP0077 is not set: option() honors normal variables.  Run "cmake
[7.929s]   --help-policy CMP0077" for policy details.  Use the cmake_policy command to
[7.929s]   set the policy and suppress this warning.
[7.929s] 
[7.929s]   For compatibility with older versions of CMake, option is clearing the
[7.929s]   normal variable 'LIBMOTIONCAPTURE_ENABLE_OPTITRACK_CLOSED_SOURCE'.
[7.929s] This warning is for project developers.  Use -Wno-dev to suppress it.
[7.930s] 
[7.930s] CMake Warning (dev) at deps/libmotioncapture/CMakeLists.txt:9 (option):
[7.930s]   Policy CMP0077 is not set: option() honors normal variables.  Run "cmake
[7.930s]   --help-policy CMP0077" for policy details.  Use the cmake_policy command to
[7.930s]   set the policy and suppress this warning.
[7.930s] 
[7.930s]   For compatibility with older versions of CMake, option is clearing the
[7.930s]   normal variable 'LIBMOTIONCAPTURE_ENABLE_VICON'.
[7.931s] This warning is for project developers.  Use -Wno-dev to suppress it.
[7.931s] 
[7.931s] CMake Warning (dev) at deps/libmotioncapture/CMakeLists.txt:10 (option):
[7.931s]   Policy CMP0077 is not set: option() honors normal variables.  Run "cmake
[7.931s]   --help-policy CMP0077" for policy details.  Use the cmake_policy command to
[7.931s]   set the policy and suppress this warning.
[7.931s] 
[7.931s]   For compatibility with older versions of CMake, option is clearing the
[7.931s]   normal variable 'LIBMOTIONCAPTURE_ENABLE_NOKOV'.
[7.931s] This warning is for project developers.  Use -Wno-dev to suppress it.
[7.932s] 
[7.932s] CMake Warning (dev) at deps/libmotioncapture/CMakeLists.txt:11 (option):
[7.932s]   Policy CMP0077 is not set: option() honors normal variables.  Run "cmake
[7.932s]   --help-policy CMP0077" for policy details.  Use the cmake_policy command to
[7.932s]   set the policy and suppress this warning.
[7.932s] 
[7.932s]   For compatibility with older versions of CMake, option is clearing the
[7.932s]   normal variable 'LIBMOTIONCAPTURE_ENABLE_VRPN'.
[7.933s] This warning is for project developers.  Use -Wno-dev to suppress it.
[7.933s] 
[7.933s] CMake Warning (dev) at deps/libmotioncapture/CMakeLists.txt:12 (option):
[7.933s]   Policy CMP0077 is not set: option() honors normal variables.  Run "cmake
[7.933s]   --help-policy CMP0077" for policy details.  Use the cmake_policy command to
[7.933s]   set the policy and suppress this warning.
[7.933s] 
[7.933s]   For compatibility with older versions of CMake, option is clearing the
[7.933s]   normal variable 'LIBMOTIONCAPTURE_ENABLE_FZMOTION'.
[7.934s] This warning is for project developers.  Use -Wno-dev to suppress it.
[7.934s] 
[7.934s] CMake Warning (dev) at deps/libmotioncapture/CMakeLists.txt:13 (option):
[7.934s]   Policy CMP0077 is not set: option() honors normal variables.  Run "cmake
[7.934s]   --help-policy CMP0077" for policy details.  Use the cmake_policy command to
[7.934s]   set the policy and suppress this warning.
[7.934s] 
[7.934s]   For compatibility with older versions of CMake, option is clearing the
[7.934s]   normal variable 'LIBMOTIONCAPTURE_ENABLE_MOTIONANALYSIS'.
[7.934s] This warning is for project developers.  Use -Wno-dev to suppress it.
[7.935s] 
[7.935s] CMake Warning (dev) at deps/libmotioncapture/CMakeLists.txt:14 (option):
[7.935s]   Policy CMP0077 is not set: option() honors normal variables.  Run "cmake
[7.935s]   --help-policy CMP0077" for policy details.  Use the cmake_policy command to
[7.935s]   set the policy and suppress this warning.
[7.935s] 
[7.935s]   For compatibility with older versions of CMake, option is clearing the
[7.935s]   normal variable 'LIBMOTIONCAPTURE_BUILD_EXAMPLE'.
[7.935s] This warning is for project developers.  Use -Wno-dev to suppress it.
[7.936s] 
[7.936s] -- Found Boost: /usr/lib/x86_64-linux-gnu/cmake/Boost-1.74.0/BoostConfig.cmake (found suitable version "1.74.0", minimum required is "1.5") found components: system 
[7.936s] -- Found Eigen3: TRUE (found version "3.4.0") 
[7.936s] including vicon
[7.958s] -- Found Boost: /usr/lib/x86_64-linux-gnu/cmake/Boost-1.74.0/BoostConfig.cmake (found suitable version "1.74.0", minimum required is "1.5") found components: system thread chrono 
[7.964s] including optitrack
[7.964s] Including optitrack_closed_source
[7.978s] -- Found Boost: /usr/lib/x86_64-linux-gnu/cmake/Boost-1.74.0/BoostConfig.cmake (found suitable version "1.74.0", minimum required is "1.5") found components: system thread 
[7.980s] including qualisys
[7.984s] including vrpn
[7.986s] CMake Deprecation Warning at deps/libmotioncapture/deps/vrpn/CMakeLists.txt:1 (cmake_minimum_required):
[7.986s]   Compatibility with CMake < 2.8.12 will be removed from a future version of
[7.986s]   CMake.
[7.986s] 
[7.986s]   Update the VERSION argument <min> value or use a ...<max> suffix to tell
[7.986s]   CMake that the project does not need compatibility with older versions.
[7.986s] 
[7.986s] 
[8.104s] CMake Deprecation Warning at deps/libmotioncapture/deps/vrpn/quat/CMakeLists.txt:1 (cmake_minimum_required):
[8.104s]   Compatibility with CMake < 2.8.12 will be removed from a future version of
[8.104s]   CMake.
[8.104s] 
[8.104s]   Update the VERSION argument <min> value or use a ...<max> suffix to tell
[8.104s]   CMake that the project does not need compatibility with older versions.
[8.104s] 
[8.104s] 
[8.117s] -- Checking for module 'libusb-1.0'
[8.135s] --   Found libusb-1.0, version 1.0.25
[8.191s] -- Found Libusb1: /usr/lib/x86_64-linux-gnu/libusb-1.0.so  
[9.864s] -- NOTE: You have VRPN_USE_LOCAL_HIDAPI enabled, but VRPN_USE_HID disabled: HIDAPI will only be built if you enable HID support for VRPN
[9.864s] CMake Deprecation Warning at deps/libmotioncapture/deps/vrpn/cmake/FindOpenHaptics.cmake:56 (cmake_minimum_required):
[9.865s]   Compatibility with CMake < 2.8.12 will be removed from a future version of
[9.865s]   CMake.
[9.865s] 
[9.865s]   Update the VERSION argument <min> value or use a ...<max> suffix to tell
[9.865s]   CMake that the project does not need compatibility with older versions.
[9.865s] Call Stack (most recent call first):
[9.865s]   deps/libmotioncapture/deps/vrpn/CMakeLists.txt:468 (find_package)
[9.865s] 
[9.865s] 
[9.895s] CMake Warning (dev) at /usr/share/cmake-3.22/Modules/FindPackageHandleStandardArgs.cmake:438 (message):
[9.895s]   The package name passed to `find_package_handle_standard_args` (I2CDEV)
[9.895s]   does not match the name of the calling package (libi2c-dev).  This can lead
[9.895s]   to problems in calling code that expects `find_package` result variables
[9.895s]   (e.g., `_FOUND`) to follow a certain pattern.
[9.895s] Call Stack (most recent call first):
[9.896s]   deps/libmotioncapture/deps/vrpn/cmake/Findlibi2c-dev.cmake:43 (find_package_handle_standard_args)
[9.896s]   deps/libmotioncapture/deps/vrpn/CMakeLists.txt:518 (find_package)
[9.896s] This warning is for project developers.  Use -Wno-dev to suppress it.
[9.896s] 
[9.896s] -- Found I2CDEV: /usr/include  
[9.917s] -- Looking for C++ include linux/joystick.h
[10.061s] -- Looking for C++ include linux/joystick.h - found
[10.072s] -- Looking for C++ include linux/input.h
[10.382s] -- Looking for C++ include linux/input.h - found
[10.435s] -- Found quatlib: quat  
[10.449s] CMake Deprecation Warning at deps/libmotioncapture/deps/vrpn/client_src/CMakeLists.txt:1 (cmake_minimum_required):
[10.449s]   Compatibility with CMake < 2.8.12 will be removed from a future version of
[10.449s]   CMake.
[10.450s] 
[10.450s]   Update the VERSION argument <min> value or use a ...<max> suffix to tell
[10.450s]   CMake that the project does not need compatibility with older versions.
[10.450s] 
[10.450s] 
[10.458s] including fzmotion
[10.773s] -- Found Python3: /usr/bin/python3 (found version "3.10.12") found components: Interpreter Development Development.Module Development.Embed 
[10.788s] -- pybind11 v2.11.0 dev1
[10.874s] -- Performing Test HAS_FLTO
[11.078s] -- Performing Test HAS_FLTO - Success
[11.166s] -- Configuring done
[11.316s] -- Generating done
[11.347s] -- Build files have been written to: /CrazySim/crazyswarm2_ws/build/motion_capture_tracking
[11.375s] Invoked command in '/CrazySim/crazyswarm2_ws/build/motion_capture_tracking' returned '0': AMENT_PREFIX_PATH=/CrazySim/crazyswarm2_ws/install/motion_capture_tracking_interfaces:${AMENT_PREFIX_PATH} CMAKE_PREFIX_PATH=/CrazySim/crazyswarm2_ws/install/motion_capture_tracking_interfaces:/opt/ros/humble LD_LIBRARY_PATH=/CrazySim/crazyswarm2_ws/install/motion_capture_tracking_interfaces/lib:${LD_LIBRARY_PATH} PYTHONPATH=/CrazySim/crazyswarm2_ws/install/motion_capture_tracking_interfaces/local/lib/python3.10/dist-packages:${PYTHONPATH} /usr/bin/cmake /CrazySim/crazyswarm2_ws/src/motion_capture_tracking/motion_capture_tracking -DCMAKE_BUILD_TYPE=Release -DAMENT_CMAKE_SYMLINK_INSTALL=1 -DCMAKE_INSTALL_PREFIX=/CrazySim/crazyswarm2_ws/install/motion_capture_tracking
[11.377s] Invoking command in '/CrazySim/crazyswarm2_ws/build/motion_capture_tracking': AMENT_PREFIX_PATH=/CrazySim/crazyswarm2_ws/install/motion_capture_tracking_interfaces:${AMENT_PREFIX_PATH} CMAKE_PREFIX_PATH=/CrazySim/crazyswarm2_ws/install/motion_capture_tracking_interfaces:/opt/ros/humble LD_LIBRARY_PATH=/CrazySim/crazyswarm2_ws/install/motion_capture_tracking_interfaces/lib:${LD_LIBRARY_PATH} PYTHONPATH=/CrazySim/crazyswarm2_ws/install/motion_capture_tracking_interfaces/local/lib/python3.10/dist-packages:${PYTHONPATH} /usr/bin/cmake --build /CrazySim/crazyswarm2_ws/build/motion_capture_tracking -- -j16 -l16
[11.448s] [  1%] Building C object deps/libmotioncapture/deps/vrpn/quat/CMakeFiles/quat.dir/vector.c.o
[11.450s] [  3%] Building CXX object deps/libmotioncapture/deps/vicon-datastream-sdk/CMakeFiles/ViconDataStreamSDK_CPP.dir/Vicon/CrossMarket/DataStream/ViconDataStreamSDKCore/CoreClient.cpp.o
[11.450s] [  4%] Building CXX object deps/libmotioncapture/deps/qualisys_cpp_sdk/CMakeFiles/qualisys_cpp_sdk.dir/Network.cpp.o
[11.450s] [  6%] Building CXX object deps/librigidbodytracker/CMakeFiles/librigidbodytracker.dir/src/rigid_body_tracker.cpp.o
[11.451s] [  9%] Building C object deps/libmotioncapture/deps/vrpn/quat/CMakeFiles/quat.dir/quat.c.o
[11.454s] [ 11%] Building CXX object deps/libmotioncapture/deps/vicon-datastream-sdk/CMakeFiles/ViconDataStreamSDK_CPP.dir/Vicon/CrossMarket/DataStream/ViconDataStreamSDKCore/WirelessConfiguration.cpp.o
[11.455s] [ 12%] Building CXX object deps/libmotioncapture/deps/vicon-datastream-sdk/CMakeFiles/ViconDataStreamSDK_CPP.dir/Vicon/CrossMarket/DataStream/ViconDataStreamSDKCore/CoreClientTimingLog.cpp.o
[11.456s] [ 14%] Building CXX object deps/libmotioncapture/deps/vicon-datastream-sdk/CMakeFiles/ViconDataStreamSDK_CPP.dir/Vicon/CrossMarket/DataStream/ViconCGStreamClientSDK/CGClient.cpp.o
[11.456s] [ 14%] Building C object deps/libmotioncapture/deps/vrpn/quat/CMakeFiles/quat.dir/matrix.c.o
[11.456s] [ 15%] Building CXX object deps/libmotioncapture/deps/vicon-datastream-sdk/CMakeFiles/ViconDataStreamSDK_CPP.dir/Vicon/CrossMarket/DataStream/ViconDataStreamSDKCoreUtils/AxisMapping.cpp.o
[11.456s] [ 17%] Building CXX object deps/libmotioncapture/deps/qualisys_cpp_sdk/CMakeFiles/qualisys_cpp_sdk.dir/Markup.cpp.o
[11.456s] [ 19%] Building CXX object deps/libmotioncapture/deps/vicon-datastream-sdk/CMakeFiles/ViconDataStreamSDK_CPP.dir/Vicon/CrossMarket/DataStream/ViconDataStreamSDKCoreUtils/ClientUtils.cpp.o
[11.461s] [ 20%] Building CXX object deps/libmotioncapture/deps/qualisys_cpp_sdk/CMakeFiles/qualisys_cpp_sdk.dir/RTProtocol.cpp.o
[11.462s] [ 22%] Building CXX object deps/libmotioncapture/deps/vicon-datastream-sdk/CMakeFiles/ViconDataStreamSDK_CPP.dir/Vicon/CrossMarket/DataStream/ViconCGStreamClient/ViconCGStreamClient.cpp.o
[11.465s] [ 25%] Building CXX object deps/libmotioncapture/deps/qualisys_cpp_sdk/CMakeFiles/qualisys_cpp_sdk.dir/RTPacket.cpp.o
[11.467s] [ 23%] Building C object deps/libmotioncapture/deps/vrpn/quat/CMakeFiles/quat.dir/xyzquat.c.o
[11.546s] [ 26%] Building CXX object deps/libmotioncapture/deps/vicon-datastream-sdk/CMakeFiles/ViconDataStreamSDK_CPP.dir/Vicon/CrossMarket/DataStream/ViconCGStreamClient/CGStreamReaderWriter.cpp.o
[11.615s] [ 28%] Building CXX object deps/libmotioncapture/deps/vicon-datastream-sdk/CMakeFiles/ViconDataStreamSDK_CPP.dir/Vicon/CrossMarket/DataStream/ViconCGStreamClient/ViconCGStreamBayer.cpp.o
[11.706s] [ 30%] Building CXX object deps/libmotioncapture/deps/vicon-datastream-sdk/CMakeFiles/ViconDataStreamSDK_CPP.dir/Vicon/CrossMarket/DataStream/ViconDataStreamSDK_CPP/DataStreamClient.cpp.o
[11.732s] In file included from /CrazySim/crazyswarm2_ws/src/motion_capture_tracking/motion_capture_tracking/deps/libmotioncapture/deps/qualisys_cpp_sdk/Markup.cpp:18:
[11.732s] /CrazySim/crazyswarm2_ws/src/motion_capture_tracking/motion_capture_tracking/deps/libmotioncapture/deps/qualisys_cpp_sdk/Markup.h: In copy constructor ‘CMarkup::ElemPos::ElemPos(const CMarkup::ElemPos&)’:
[11.732s] /CrazySim/crazyswarm2_ws/src/motion_capture_tracking/motion_capture_tracking/deps/libmotioncapture/deps/qualisys_cpp_sdk/Markup.h:89:55: warning: implicitly-declared ‘constexpr CMarkup::ElemPos& CMarkup::ElemPos::operator=(const CMarkup::ElemPos&)’ is deprecated [-Wdeprecated-copy]
[11.732s]    89 |                 ElemPos(const ElemPos& pos) { *this = pos; };
[11.732s]       |                                                       ^~~
[11.733s] /CrazySim/crazyswarm2_ws/src/motion_capture_tracking/motion_capture_tracking/deps/libmotioncapture/deps/qualisys_cpp_sdk/Markup.h:89:17: note: because ‘CMarkup::ElemPos’ has user-provided ‘CMarkup::ElemPos::ElemPos(const CMarkup::ElemPos&)’
[11.733s]    89 |                 ElemPos(const ElemPos& pos) { *this = pos; };
[11.733s]       |                 ^~~~~~~
[11.768s] [ 31%] Linking C static library libquat.a
[11.819s] /CrazySim/crazyswarm2_ws/src/motion_capture_tracking/motion_capture_tracking/deps/libmotioncapture/deps/qualisys_cpp_sdk/RTPacket.cpp: In member function ‘float CRTPacket::SetByteOrder(float*)’:
[11.819s] /CrazySim/crazyswarm2_ws/src/motion_capture_tracking/motion_capture_tracking/deps/libmotioncapture/deps/qualisys_cpp_sdk/RTPacket.cpp:1837:18: warning: dereferencing type-punned pointer will break strict-aliasing rules [-Wstrict-aliasing]
[11.819s]  1837 |         return *((float*)&nTmp);
[11.819s]       |                 ~^~~~~~~~~~~~~~
[11.820s] /CrazySim/crazyswarm2_ws/src/motion_capture_tracking/motion_capture_tracking/deps/libmotioncapture/deps/qualisys_cpp_sdk/RTPacket.cpp: In member function ‘double CRTPacket::SetByteOrder(double*)’:
[11.820s] /CrazySim/crazyswarm2_ws/src/motion_capture_tracking/motion_capture_tracking/deps/libmotioncapture/deps/qualisys_cpp_sdk/RTPacket.cpp:1849:18: warning: dereferencing type-punned pointer will break strict-aliasing rules [-Wstrict-aliasing]
[11.821s]  1849 |         return *((double*)&nTmp);
[11.821s]       |                 ~^~~~~~~~~~~~~~~
[11.832s] [ 31%] Built target quat
[11.885s] [ 33%] Building CXX object deps/libmotioncapture/deps/vrpn/CMakeFiles/vrpn.dir/vrpn_Analog_Output.C.o
[11.896s] [ 34%] Building CXX object deps/libmotioncapture/deps/vrpn/CMakeFiles/vrpn.dir/vrpn_Analog.C.o
[11.995s] [ 36%] Building CXX object deps/libmotioncapture/deps/vrpn/CMakeFiles/vrpn.dir/vrpn_Assert.C.o
[12.061s] [ 38%] Building CXX object deps/libmotioncapture/deps/vrpn/CMakeFiles/vrpn.dir/vrpn_Auxiliary_Logger.C.o
[12.201s] In file included from /CrazySim/crazyswarm2_ws/src/motion_capture_tracking/motion_capture_tracking/deps/libmotioncapture/deps/qualisys_cpp_sdk/RTProtocol.cpp:17:
[12.201s] /CrazySim/crazyswarm2_ws/src/motion_capture_tracking/motion_capture_tracking/deps/libmotioncapture/deps/qualisys_cpp_sdk/Markup.h: In copy constructor ‘CMarkup::ElemPos::ElemPos(const CMarkup::ElemPos&)’:
[12.201s] /CrazySim/crazyswarm2_ws/src/motion_capture_tracking/motion_capture_tracking/deps/libmotioncapture/deps/qualisys_cpp_sdk/Markup.h:89:55: warning: implicitly-declared ‘constexpr CMarkup::ElemPos& CMarkup::ElemPos::operator=(const CMarkup::ElemPos&)’ is deprecated [-Wdeprecated-copy]
[12.202s]    89 |                 ElemPos(const ElemPos& pos) { *this = pos; };
[12.202s]       |                                                       ^~~
[12.202s] /CrazySim/crazyswarm2_ws/src/motion_capture_tracking/motion_capture_tracking/deps/libmotioncapture/deps/qualisys_cpp_sdk/Markup.h:89:17: note: because ‘CMarkup::ElemPos’ has user-provided ‘CMarkup::ElemPos::ElemPos(const CMarkup::ElemPos&)’
[12.203s]    89 |                 ElemPos(const ElemPos& pos) { *this = pos; };
[12.203s]       |                 ^~~~~~~
[12.289s] [ 39%] Building CXX object deps/libmotioncapture/deps/vrpn/CMakeFiles/vrpn.dir/vrpn_BaseClass.C.o
[12.322s] [ 41%] Building CXX object deps/libmotioncapture/deps/vrpn/CMakeFiles/vrpn.dir/vrpn_Button.C.o
[12.535s] [ 42%] Building CXX object deps/libmotioncapture/deps/vrpn/CMakeFiles/vrpn.dir/vrpn_Connection.C.o
[12.658s] [ 44%] Building CXX object deps/libmotioncapture/deps/vrpn/CMakeFiles/vrpn.dir/vrpn_Dial.C.o
[12.711s] [ 46%] Building CXX object deps/libmotioncapture/deps/vrpn/CMakeFiles/vrpn.dir/vrpn_EndpointContainer.C.o
[12.732s] [ 47%] Building CXX object deps/libmotioncapture/deps/vrpn/CMakeFiles/vrpn.dir/vrpn_FileConnection.C.o
[12.749s] [ 49%] Building CXX object deps/libmotioncapture/deps/vrpn/CMakeFiles/vrpn.dir/vrpn_FileController.C.o
[12.979s] [ 50%] Building CXX object deps/libmotioncapture/deps/vrpn/CMakeFiles/vrpn.dir/vrpn_ForceDevice.C.o
[13.075s] [ 52%] Building CXX object deps/libmotioncapture/deps/vrpn/CMakeFiles/vrpn.dir/vrpn_Forwarder.C.o
[13.089s] [ 53%] Building CXX object deps/libmotioncapture/deps/vrpn/CMakeFiles/vrpn.dir/vrpn_ForwarderController.C.o
[13.123s] [ 55%] Building CXX object deps/libmotioncapture/deps/vrpn/CMakeFiles/vrpn.dir/vrpn_FunctionGenerator.C.o
[13.164s] /CrazySim/crazyswarm2_ws/src/motion_capture_tracking/motion_capture_tracking/deps/libmotioncapture/deps/vrpn/vrpn_EndpointContainer.C: In member function ‘void vrpn::EndpointContainer::compact_()’:
[13.165s] /CrazySim/crazyswarm2_ws/src/motion_capture_tracking/motion_capture_tracking/deps/libmotioncapture/deps/vrpn/vrpn_EndpointContainer.C:91:19: warning: unused variable ‘before’ [-Wunused-variable]
[13.165s]    91 |         size_type before = get_full_container_size();
[13.165s]       |                   ^~~~~~
[13.387s] [ 57%] Building CXX object deps/libmotioncapture/deps/vrpn/CMakeFiles/vrpn.dir/vrpn_Imager.C.o
[13.417s] [ 58%] Building CXX object deps/libmotioncapture/deps/vrpn/CMakeFiles/vrpn.dir/vrpn_LamportClock.C.o
[13.530s] [ 60%] Building CXX object deps/libmotioncapture/deps/vrpn/CMakeFiles/vrpn.dir/vrpn_Mutex.C.o
[13.543s] [ 61%] Building CXX object deps/libmotioncapture/deps/vrpn/CMakeFiles/vrpn.dir/vrpn_Poser.C.o
[13.996s] [ 63%] Building CXX object deps/libmotioncapture/deps/vrpn/CMakeFiles/vrpn.dir/vrpn_RedundantTransmission.C.o
[14.093s] [ 65%] Building CXX object deps/libmotioncapture/deps/vrpn/CMakeFiles/vrpn.dir/vrpn_Serial.C.o
[14.465s] [ 66%] Building CXX object deps/libmotioncapture/deps/vrpn/CMakeFiles/vrpn.dir/vrpn_SerialPort.C.o
[14.506s] [ 68%] Building CXX object deps/libmotioncapture/deps/vrpn/CMakeFiles/vrpn.dir/vrpn_Shared.C.o
[14.548s] [ 69%] Building CXX object deps/libmotioncapture/deps/vrpn/CMakeFiles/vrpn.dir/vrpn_SharedObject.C.o
[14.848s] [ 71%] Building CXX object deps/libmotioncapture/deps/vrpn/CMakeFiles/vrpn.dir/vrpn_Sound.C.o
[14.963s] [ 73%] Building CXX object deps/libmotioncapture/deps/vrpn/CMakeFiles/vrpn.dir/vrpn_Text.C.o
[15.062s] [ 74%] Building CXX object deps/libmotioncapture/deps/vrpn/CMakeFiles/vrpn.dir/vrpn_Thread.C.o
[15.238s] [ 76%] Building CXX object deps/libmotioncapture/deps/vrpn/CMakeFiles/vrpn.dir/vrpn_Tracker.C.o
[15.419s] In file included from /usr/include/string.h:535,
[15.419s]                  from /CrazySim/crazyswarm2_ws/src/motion_capture_tracking/motion_capture_tracking/deps/libmotioncapture/deps/vrpn/vrpn_Connection.C:12:
[15.419s] In function ‘char* strncpy(char*, const char*, size_t)’,
[15.419s]     inlined from ‘void vrpn_strcpy(char (&)[charCount], const char*) [with long unsigned int charCount = 150]’ at /CrazySim/crazyswarm2_ws/src/motion_capture_tracking/motion_capture_tracking/deps/libmotioncapture/deps/vrpn/vrpn_Shared.h:516:10,
[15.419s]     inlined from ‘static int vrpn_Connection_IP::handle_UDP_message(void*, vrpn_HANDLERPARAM)’ at /CrazySim/crazyswarm2_ws/src/motion_capture_tracking/motion_capture_tracking/deps/libmotioncapture/deps/vrpn/vrpn_Connection.C:5696:16:
[15.419s] /usr/include/x86_64-linux-gnu/bits/string_fortified.h:95:34: warning: ‘char* __builtin_strncpy(char*, const char*, long unsigned int)’ output may be truncated copying 149 bytes from a string of length 999 [-Wstringop-truncation]
[15.419s]    95 |   return __builtin___strncpy_chk (__dest, __src, __len,
[15.419s]       |          ~~~~~~~~~~~~~~~~~~~~~~~~^~~~~~~~~~~~~~~~~~~~~~
[15.419s]    96 |                                   __glibc_objsize (__dest));
[15.420s]       |                                   ~~~~~~~~~~~~~~~~~~~~~~~~~
[16.307s] [ 77%] Linking CXX static library libvrpn.a
[16.389s] [ 77%] Built target vrpn
[17.049s] /CrazySim/crazyswarm2_ws/src/motion_capture_tracking/motion_capture_tracking/deps/libmotioncapture/deps/qualisys_cpp_sdk/RTProtocol.cpp: In member function ‘bool CRTProtocol::GetCapture(const char*, bool)’:
[17.049s] /CrazySim/crazyswarm2_ws/src/motion_capture_tracking/motion_capture_tracking/deps/libmotioncapture/deps/qualisys_cpp_sdk/RTProtocol.cpp:651:66: warning: ‘%s’ directive writing up to 1023 bytes into a region of size 1004 [-Wformat-overflow=]
[17.049s]   651 |                         sprintf(maErrorStr, "No packet received. %s.", maErrorStr);
[17.049s]       |                                                                  ^~
[17.050s] In file included from /usr/include/stdio.h:894,
[17.050s]                  from /usr/include/c++/11/cstdio:42,
[17.050s]                  from /usr/include/c++/11/ext/string_conversions.h:43,
[17.050s]                  from /usr/include/c++/11/bits/basic_string.h:6608,
[17.050s]                  from /usr/include/c++/11/string:55,
[17.050s]                  from /usr/include/c++/11/bits/locale_classes.h:40,
[17.050s]                  from /usr/include/c++/11/bits/ios_base.h:41,
[17.050s]                  from /usr/include/c++/11/ios:42,
[17.050s]                  from /usr/include/c++/11/istream:38,
[17.050s]                  from /usr/include/c++/11/sstream:38,
[17.050s]                  from /CrazySim/crazyswarm2_ws/src/motion_capture_tracking/motion_capture_tracking/deps/libmotioncapture/deps/qualisys_cpp_sdk/RTProtocol.cpp:8:
[17.050s] /usr/include/x86_64-linux-gnu/bits/stdio2.h:38:34: note: ‘__builtin___sprintf_chk’ output between 22 and 1045 bytes into a destination of size 1024
[17.050s]    38 |   return __builtin___sprintf_chk (__s, __USE_FORTIFY_LEVEL - 1,
[17.051s]       |          ~~~~~~~~~~~~~~~~~~~~~~~~^~~~~~~~~~~~~~~~~~~~~~~~~~~~~~
[17.051s]    39 |                                   __glibc_objsize (__s), __fmt,
[17.051s]       |                                   ~~~~~~~~~~~~~~~~~~~~~~~~~~~~~
[17.051s]    40 |                                   __va_arg_pack ());
[17.051s]       |                                   ~~~~~~~~~~~~~~~~~
[17.066s] /CrazySim/crazyswarm2_ws/src/motion_capture_tracking/motion_capture_tracking/deps/libmotioncapture/deps/qualisys_cpp_sdk/RTProtocol.cpp: In member function ‘bool CRTProtocol::SetQTMEvent(const char*)’:
[17.066s] /CrazySim/crazyswarm2_ws/src/motion_capture_tracking/motion_capture_tracking/deps/libmotioncapture/deps/qualisys_cpp_sdk/RTProtocol.cpp:704:28: warning: ‘%s’ directive writing up to 92 bytes into a region of size between 88 and 94 [-Wformat-overflow=]
[17.066s]   704 |         sprintf(tTemp, "%s %s", (mnMajorVersion > 1 || mnMinorVersion > 7) ? "SetQTMEvent" : "Event", pLabel);
[17.066s]       |                            ^~
[17.067s] In file included from /usr/include/stdio.h:894,
[17.067s]                  from /usr/include/c++/11/cstdio:42,
[17.067s]                  from /usr/include/c++/11/ext/string_conversions.h:43,
[17.067s]                  from /usr/include/c++/11/bits/basic_string.h:6608,
[17.067s]                  from /usr/include/c++/11/string:55,
[17.067s]                  from /usr/include/c++/11/bits/locale_classes.h:40,
[17.067s]                  from /usr/include/c++/11/bits/ios_base.h:41,
[17.068s]                  from /usr/include/c++/11/ios:42,
[17.068s]                  from /usr/include/c++/11/istream:38,
[17.068s]                  from /usr/include/c++/11/sstream:38,
[17.068s]                  from /CrazySim/crazyswarm2_ws/src/motion_capture_tracking/motion_capture_tracking/deps/libmotioncapture/deps/qualisys_cpp_sdk/RTProtocol.cpp:8:
[17.068s] /usr/include/x86_64-linux-gnu/bits/stdio2.h:38:34: note: ‘__builtin___sprintf_chk’ output between 7 and 105 bytes into a destination of size 100
[17.068s]    38 |   return __builtin___sprintf_chk (__s, __USE_FORTIFY_LEVEL - 1,
[17.069s]       |          ~~~~~~~~~~~~~~~~~~~~~~~~^~~~~~~~~~~~~~~~~~~~~~~~~~~~~~
[17.069s]    39 |                                   __glibc_objsize (__s), __fmt,
[17.069s]       |                                   ~~~~~~~~~~~~~~~~~~~~~~~~~~~~~
[17.069s]    40 |                                   __va_arg_pack ());
[17.069s]       |                                   ~~~~~~~~~~~~~~~~~
[17.120s] /CrazySim/crazyswarm2_ws/src/motion_capture_tracking/motion_capture_tracking/deps/libmotioncapture/deps/qualisys_cpp_sdk/RTProtocol.cpp: In member function ‘bool CRTProtocol::SaveCapture(const char*, bool, char*, int)’:
[17.120s] /CrazySim/crazyswarm2_ws/src/motion_capture_tracking/motion_capture_tracking/deps/libmotioncapture/deps/qualisys_cpp_sdk/RTProtocol.cpp:995:32: warning: ‘%s’ directive writing up to 10 bytes into a region of size between 1 and 95 [-Wformat-overflow=]
[17.120s]   995 |         sprintf(tTemp, "Save %s%s", pFileName, bOverwrite ? " Overwrite" : "");
[17.120s]       |                                ^~
[17.120s] In file included from /usr/include/stdio.h:894,
[17.120s]                  from /usr/include/c++/11/cstdio:42,
[17.120s]                  from /usr/include/c++/11/ext/string_conversions.h:43,
[17.120s]                  from /usr/include/c++/11/bits/basic_string.h:6608,
[17.120s]                  from /usr/include/c++/11/string:55,
[17.120s]                  from /usr/include/c++/11/bits/locale_classes.h:40,
[17.120s]                  from /usr/include/c++/11/bits/ios_base.h:41,
[17.120s]                  from /usr/include/c++/11/ios:42,
[17.120s]                  from /usr/include/c++/11/istream:38,
[17.121s]                  from /usr/include/c++/11/sstream:38,
[17.121s]                  from /CrazySim/crazyswarm2_ws/src/motion_capture_tracking/motion_capture_tracking/deps/libmotioncapture/deps/qualisys_cpp_sdk/RTProtocol.cpp:8:
[17.121s] /usr/include/x86_64-linux-gnu/bits/stdio2.h:38:34: note: ‘__builtin___sprintf_chk’ output between 6 and 110 bytes into a destination of size 100
[17.121s]    38 |   return __builtin___sprintf_chk (__s, __USE_FORTIFY_LEVEL - 1,
[17.121s]       |          ~~~~~~~~~~~~~~~~~~~~~~~~^~~~~~~~~~~~~~~~~~~~~~~~~~~~~~
[17.121s]    39 |                                   __glibc_objsize (__s), __fmt,
[17.121s]       |                                   ~~~~~~~~~~~~~~~~~~~~~~~~~~~~~
[17.121s]    40 |                                   __va_arg_pack ());
[17.121s]       |                                   ~~~~~~~~~~~~~~~~~
[17.128s] /CrazySim/crazyswarm2_ws/src/motion_capture_tracking/motion_capture_tracking/deps/libmotioncapture/deps/qualisys_cpp_sdk/RTProtocol.cpp: In member function ‘bool CRTProtocol::LoadProject(const char*)’:
[17.128s] /CrazySim/crazyswarm2_ws/src/motion_capture_tracking/motion_capture_tracking/deps/libmotioncapture/deps/qualisys_cpp_sdk/RTProtocol.cpp:1040:37: warning: ‘%s’ directive writing up to 94 bytes into a region of size 88 [-Wformat-overflow=]
[17.129s]  1040 |         sprintf(tTemp, "LoadProject %s", pFileName);
[17.129s]       |                                     ^~
[17.129s] In file included from /usr/include/stdio.h:894,
[17.129s]                  from /usr/include/c++/11/cstdio:42,
[17.130s]                  from /usr/include/c++/11/ext/string_conversions.h:43,
[17.130s]                  from /usr/include/c++/11/bits/basic_string.h:6608,
[17.131s]                  from /usr/include/c++/11/string:55,
[17.131s]                  from /usr/include/c++/11/bits/locale_classes.h:40,
[17.131s]                  from /usr/include/c++/11/bits/ios_base.h:41,
[17.131s]                  from /usr/include/c++/11/ios:42,
[17.131s]                  from /usr/include/c++/11/istream:38,
[17.131s]                  from /usr/include/c++/11/sstream:38,
[17.131s]                  from /CrazySim/crazyswarm2_ws/src/motion_capture_tracking/motion_capture_tracking/deps/libmotioncapture/deps/qualisys_cpp_sdk/RTProtocol.cpp:8:
[17.131s] /usr/include/x86_64-linux-gnu/bits/stdio2.h:38:34: note: ‘__builtin___sprintf_chk’ output between 13 and 107 bytes into a destination of size 100
[17.132s]    38 |   return __builtin___sprintf_chk (__s, __USE_FORTIFY_LEVEL - 1,
[17.132s]       |          ~~~~~~~~~~~~~~~~~~~~~~~~^~~~~~~~~~~~~~~~~~~~~~~~~~~~~~
[17.132s]    39 |                                   __glibc_objsize (__s), __fmt,
[17.132s]       |                                   ~~~~~~~~~~~~~~~~~~~~~~~~~~~~~
[17.132s]    40 |                                   __va_arg_pack ());
[17.132s]       |                                   ~~~~~~~~~~~~~~~~~
[20.513s] In file included from /CrazySim/crazyswarm2_ws/src/motion_capture_tracking/motion_capture_tracking/deps/librigidbodytracker/src/rigid_body_tracker.cpp:14:
[20.513s] /CrazySim/crazyswarm2_ws/src/motion_capture_tracking/motion_capture_tracking/deps/librigidbodytracker/src/cbs_group_constraint.hpp: In function ‘void createConstraintsFromConflict(const std::map<std::__cxx11::basic_string<char>, std::set<std::__cxx11::basic_string<char> > >&, const string&, std::set<std::set<Constraint> >&)’:
[20.513s] /CrazySim/crazyswarm2_ws/src/motion_capture_tracking/motion_capture_tracking/deps/librigidbodytracker/src/cbs_group_constraint.hpp:148:7: warning: unused variable ‘count’ [-Wunused-variable]
[20.513s]   148 |   int count = 0;
[20.513s]       |       ^~~~~
[20.729s] In file included from /CrazySim/crazyswarm2_ws/src/motion_capture_tracking/motion_capture_tracking/deps/librigidbodytracker/src/rigid_body_tracker.cpp:1:
[20.729s] /CrazySim/crazyswarm2_ws/src/motion_capture_tracking/motion_capture_tracking/deps/librigidbodytracker/include/librigidbodytracker/rigid_body_tracker.h: In constructor ‘librigidbodytracker::RigidBodyTracker::RigidBodyTracker(const std::vector<librigidbodytracker::DynamicsConfiguration>&, const std::vector<std::shared_ptr<pcl::PointCloud<pcl::PointXYZ> > >&, const std::vector<librigidbodytracker::RigidBody>&)’:
[20.729s] /CrazySim/crazyswarm2_ws/src/motion_capture_tracking/motion_capture_tracking/deps/librigidbodytracker/include/librigidbodytracker/rigid_body_tracker.h:126:18: warning: ‘librigidbodytracker::RigidBodyTracker::m_trackingMode’ will be initialized after [-Wreorder]
[20.729s]   126 |     TrackingMode m_trackingMode;
[20.729s]       |                  ^~~~~~~~~~~~~~
[20.729s] /CrazySim/crazyswarm2_ws/src/motion_capture_tracking/motion_capture_tracking/deps/librigidbodytracker/include/librigidbodytracker/rigid_body_tracker.h:123:10: warning:   ‘bool librigidbodytracker::RigidBodyTracker::m_initialized’ [-Wreorder]
[20.729s]   123 |     bool m_initialized;
[20.729s]       |          ^~~~~~~~~~~~~
[20.730s] /CrazySim/crazyswarm2_ws/src/motion_capture_tracking/motion_capture_tracking/deps/librigidbodytracker/src/rigid_body_tracker.cpp:77:1: warning:   when initialized here [-Wreorder]
[20.730s]    77 | RigidBodyTracker::RigidBodyTracker(
[20.730s]       | ^~~~~~~~~~~~~~~~
[20.755s] /CrazySim/crazyswarm2_ws/src/motion_capture_tracking/motion_capture_tracking/deps/librigidbodytracker/src/rigid_body_tracker.cpp: In member function ‘bool librigidbodytracker::RigidBodyTracker::initializePose(pcl::PointCloud<pcl::PointXYZ>::ConstPtr)’:
[20.755s] /CrazySim/crazyswarm2_ws/src/motion_capture_tracking/motion_capture_tracking/deps/librigidbodytracker/src/rigid_body_tracker.cpp:167:21: warning: comparison of integer expressions of different signedness: ‘int’ and ‘const size_t’ {aka ‘const long unsigned int’} [-Wsign-compare]
[20.755s]   167 |   for (int i = 0; i < numRigidBodies; ++i) {
[20.755s]       |                   ~~^~~~~~~~~~~~~~~~
[20.755s] /CrazySim/crazyswarm2_ws/src/motion_capture_tracking/motion_capture_tracking/deps/librigidbodytracker/src/rigid_body_tracker.cpp:169:27: warning: comparison of integer expressions of different signedness: ‘int’ and ‘const size_t’ {aka ‘const long unsigned int’} [-Wsign-compare]
[20.755s]   169 |     for (int j = i + 1; j < numRigidBodies; ++j) {
[20.755s]       |                         ~~^~~~~~~~~~~~~~~~
[20.764s] /CrazySim/crazyswarm2_ws/src/motion_capture_tracking/motion_capture_tracking/deps/librigidbodytracker/src/rigid_body_tracker.cpp:180:25: warning: comparison of integer expressions of different signedness: ‘int’ and ‘const size_t’ {aka ‘const long unsigned int’} [-Wsign-compare]
[20.764s]   180 |   for (int iRb = 0; iRb < numRigidBodies; ++iRb) {
[20.764s]       |                     ~~~~^~~~~~~~~~~~~~~~
[20.764s] /CrazySim/crazyswarm2_ws/src/motion_capture_tracking/motion_capture_tracking/deps/librigidbodytracker/src/rigid_body_tracker.cpp:195:16: warning: comparison of integer expressions of different signedness: ‘int’ and ‘const size_t’ {aka ‘const long unsigned int’} [-Wsign-compare]
[20.764s]   195 |     if (nFound < rbNpts) {
[20.764s]       |         ~~~~~~~^~~~~~~~
[20.764s] /CrazySim/crazyswarm2_ws/src/motion_capture_tracking/motion_capture_tracking/deps/librigidbodytracker/src/rigid_body_tracker.cpp:208:23: warning: comparison of integer expressions of different signedness: ‘int’ and ‘const size_t’ {aka ‘const long unsigned int’} [-Wsign-compare]
[20.764s]   208 |     for (int i = 0; i < rbNpts; ++i) {
[20.765s]       |                     ~~^~~~~~~~
[21.038s] /CrazySim/crazyswarm2_ws/src/motion_capture_tracking/motion_capture_tracking/deps/librigidbodytracker/src/rigid_body_tracker.cpp: In member function ‘bool librigidbodytracker::RigidBodyTracker::initializePosition(std::chrono::_V2::system_clock::time_point, pcl::PointCloud<pcl::PointXYZ>::ConstPtr)’:
[21.038s] /CrazySim/crazyswarm2_ws/src/motion_capture_tracking/motion_capture_tracking/deps/librigidbodytracker/src/rigid_body_tracker.cpp:426:8: warning: unused variable ‘totalCost’ [-Wunused-variable]
[21.039s]   426 |   long totalCost = assignment.solve(solution);
[21.039s]       |        ^~~~~~~~~
[21.040s] /CrazySim/crazyswarm2_ws/src/motion_capture_tracking/motion_capture_tracking/deps/librigidbodytracker/src/rigid_body_tracker.cpp: In member function ‘void librigidbodytracker::RigidBodyTracker::updatePosition(std::chrono::_V2::system_clock::time_point, pcl::PointCloud<pcl::PointXYZ>::ConstPtr)’:
[21.040s] /CrazySim/crazyswarm2_ws/src/motion_capture_tracking/motion_capture_tracking/deps/librigidbodytracker/src/rigid_body_tracker.cpp:481:25: warning: comparison of integer expressions of different signedness: ‘int’ and ‘const size_t’ {aka ‘const long unsigned int’} [-Wsign-compare]
[21.040s]   481 |   for (int iRb = 0; iRb < numRigidBodies; ++iRb) {
[21.040s]       |                     ~~~~^~~~~~~~~~~~~~~~
[21.065s] /CrazySim/crazyswarm2_ws/src/motion_capture_tracking/motion_capture_tracking/deps/librigidbodytracker/src/rigid_body_tracker.cpp:537:8: warning: unused variable ‘totalCost’ [-Wunused-variable]
[21.066s]   537 |   long totalCost = assignment.solve(solution);
[21.066s]       |        ^~~~~~~~~
[21.067s] /CrazySim/crazyswarm2_ws/src/motion_capture_tracking/motion_capture_tracking/deps/librigidbodytracker/src/rigid_body_tracker.cpp: In member function ‘bool librigidbodytracker::RigidBodyTracker::initializeHybrid(std::chrono::_V2::system_clock::time_point, pcl::PointCloud<pcl::PointXYZ>::ConstPtr)’:
[21.067s] /CrazySim/crazyswarm2_ws/src/motion_capture_tracking/motion_capture_tracking/deps/librigidbodytracker/src/rigid_body_tracker.cpp:582:21: warning: comparison of integer expressions of different signedness: ‘int’ and ‘const size_t’ {aka ‘const long unsigned int’} [-Wsign-compare]
[21.067s]   582 |   for (int i = 0; i < numRigidBodies; ++i) {
[21.067s]       |                   ~~^~~~~~~~~~~~~~~~
[21.068s] /CrazySim/crazyswarm2_ws/src/motion_capture_tracking/motion_capture_tracking/deps/librigidbodytracker/src/rigid_body_tracker.cpp:584:27: warning: comparison of integer expressions of different signedness: ‘int’ and ‘const size_t’ {aka ‘const long unsigned int’} [-Wsign-compare]
[21.068s]   584 |     for (int j = i + 1; j < numRigidBodies; ++j) {
[21.068s]       |                         ~~^~~~~~~~~~~~~~~~
[21.069s] /CrazySim/crazyswarm2_ws/src/motion_capture_tracking/motion_capture_tracking/deps/librigidbodytracker/src/rigid_body_tracker.cpp:595:25: warning: comparison of integer expressions of different signedness: ‘int’ and ‘const size_t’ {aka ‘const long unsigned int’} [-Wsign-compare]
[21.069s]   595 |   for (int iRb = 0; iRb < numRigidBodies; ++iRb) {
[21.069s]       |                     ~~~~^~~~~~~~~~~~~~~~
[21.069s] /CrazySim/crazyswarm2_ws/src/motion_capture_tracking/motion_capture_tracking/deps/librigidbodytracker/src/rigid_body_tracker.cpp:610:16: warning: comparison of integer expressions of different signedness: ‘int’ and ‘const size_t’ {aka ‘const long unsigned int’} [-Wsign-compare]
[21.069s]   610 |     if (nFound < rbNpts) {
[21.069s]       |         ~~~~~~~^~~~~~~~
[21.070s] /CrazySim/crazyswarm2_ws/src/motion_capture_tracking/motion_capture_tracking/deps/librigidbodytracker/src/rigid_body_tracker.cpp:623:13: warning: unused variable ‘dist’ [-Wunused-variable]
[21.070s]   623 |       float dist = (pi - marker).norm();
[21.070s]       |             ^~~~
[21.070s] /CrazySim/crazyswarm2_ws/src/motion_capture_tracking/motion_capture_tracking/deps/librigidbodytracker/src/rigid_body_tracker.cpp:644:23: warning: comparison of integer expressions of different signedness: ‘int’ and ‘const size_t’ {aka ‘const long unsigned int’} [-Wsign-compare]
[21.071s]   644 |     for (int i = 0; i < rbNpts; ++i) {
[21.071s]       |                     ~~^~~~~~~~
[21.085s] /CrazySim/crazyswarm2_ws/src/motion_capture_tracking/motion_capture_tracking/deps/librigidbodytracker/src/rigid_body_tracker.cpp: In member function ‘void librigidbodytracker::RigidBodyTracker::updateHybrid(std::chrono::_V2::system_clock::time_point, pcl::PointCloud<pcl::PointXYZ>::ConstPtr)’:
[21.085s] /CrazySim/crazyswarm2_ws/src/motion_capture_tracking/motion_capture_tracking/deps/librigidbodytracker/src/rigid_body_tracker.cpp:756:25: warning: comparison of integer expressions of different signedness: ‘int’ and ‘const size_t’ {aka ‘const long unsigned int’} [-Wsign-compare]
[21.085s]   756 |   for (int iRb = 0; iRb < numRigidBodies; ++iRb) {
[21.085s]       |                     ~~~~^~~~~~~~~~~~~~~~
[21.088s] /CrazySim/crazyswarm2_ws/src/motion_capture_tracking/motion_capture_tracking/deps/librigidbodytracker/src/rigid_body_tracker.cpp:830:26: warning: comparison of integer expressions of different signedness: ‘size_t’ {aka ‘long unsigned int’} and ‘int’ [-Wsign-compare]
[21.088s]   830 |     for (size_t i = 0; i < k; ++i)  {
[21.088s]       |                        ~~^~~
[21.115s] /CrazySim/crazyswarm2_ws/src/motion_capture_tracking/motion_capture_tracking/deps/librigidbodytracker/src/rigid_body_tracker.cpp:1038:27: warning: comparison of integer expressions of different signedness: ‘int’ and ‘const size_t’ {aka ‘const long unsigned int’} [-Wsign-compare]
[21.115s]  1038 |     for (int iRb = 0; iRb < numRigidBodies; ++iRb) {
[21.115s]       |                       ~~~~^~~~~~~~~~~~~~~~
[21.116s] /CrazySim/crazyswarm2_ws/src/motion_capture_tracking/motion_capture_tracking/deps/librigidbodytracker/src/rigid_body_tracker.cpp:943:8: warning: variable ‘outputToFile’ set but not used [-Wunused-but-set-variable]
[21.116s]   943 |   bool outputToFile = false;
[21.117s]       |        ^~~~~~~~~~~~
[21.117s] /CrazySim/crazyswarm2_ws/src/motion_capture_tracking/motion_capture_tracking/deps/librigidbodytracker/src/rigid_body_tracker.cpp:948:7: warning: unused variable ‘m_lowLevelExpanded’ [-Wunused-variable]
[21.117s]   948 |   int m_lowLevelExpanded = 0;
[21.117s]       |       ^~~~~~~~~~~~~~~~~~
[21.117s] /CrazySim/crazyswarm2_ws/src/motion_capture_tracking/motion_capture_tracking/deps/librigidbodytracker/src/rigid_body_tracker.cpp:949:7: warning: unused variable ‘duplicate’ [-Wunused-variable]
[21.117s]   949 |   int duplicate = 0;
[21.117s]       |       ^~~~~~~~~
[23.647s] [ 79%] Linking CXX static library libqualisys_cpp_sdk.a
[23.717s] [ 79%] Built target qualisys_cpp_sdk
[32.610s] [ 80%] Linking CXX static library libViconDataStreamSDK_CPP.a
[32.725s] [ 80%] Built target ViconDataStreamSDK_CPP
[32.755s] [ 82%] Building CXX object deps/libmotioncapture/CMakeFiles/libmotioncapture.dir/src/fzmotion.cpp.o
[32.755s] [ 84%] Building CXX object deps/libmotioncapture/CMakeFiles/libmotioncapture.dir/src/motioncapture.cpp.o
[32.757s] [ 85%] Building CXX object deps/libmotioncapture/CMakeFiles/libmotioncapture.dir/src/optitrack_closed_source.cpp.o
[32.757s] [ 87%] Building CXX object deps/libmotioncapture/CMakeFiles/libmotioncapture.dir/src/optitrack.cpp.o
[32.757s] [ 88%] Building CXX object deps/libmotioncapture/CMakeFiles/libmotioncapture.dir/src/vrpn.cpp.o
[32.758s] [ 90%] Building CXX object deps/libmotioncapture/CMakeFiles/libmotioncapture.dir/src/vicon.cpp.o
[32.759s] [ 92%] Building CXX object deps/libmotioncapture/CMakeFiles/libmotioncapture.dir/src/mock.cpp.o
[32.761s] [ 93%] Building CXX object deps/libmotioncapture/CMakeFiles/libmotioncapture.dir/src/qualisys.cpp.o
[33.852s] /CrazySim/crazyswarm2_ws/src/motion_capture_tracking/motion_capture_tracking/deps/libmotioncapture/src/optitrack_closed_source.cpp: In member function ‘void libmotioncapture::MotionCaptureOptitrackClosedSourceImpl::FrameReceivedCallback(sFrameOfMocapData*)’:
[33.852s] /CrazySim/crazyswarm2_ws/src/motion_capture_tracking/motion_capture_tracking/deps/libmotioncapture/src/optitrack_closed_source.cpp:27:28: warning: comparison of integer expressions of different signedness: ‘size_t’ {aka ‘long unsigned int’} and ‘int32_t’ {aka ‘int’} [-Wsign-compare]
[33.852s]    27 |       for (size_t i = 0; i < data->nRigidBodies; ++i) {
[33.852s]       |                          ~~^~~~~~~~~~~~~~~~~~~~
[33.855s] /CrazySim/crazyswarm2_ws/src/motion_capture_tracking/motion_capture_tracking/deps/libmotioncapture/src/optitrack_closed_source.cpp:48:28: warning: comparison of integer expressions of different signedness: ‘size_t’ {aka ‘long unsigned int’} and ‘int32_t’ {aka ‘int’} [-Wsign-compare]
[33.855s]    48 |       for (size_t r = 0; r < data->nOtherMarkers; ++r)
[33.856s]       |                          ~~^~~~~~~~~~~~~~~~~~~~~
[33.873s] /CrazySim/crazyswarm2_ws/src/motion_capture_tracking/motion_capture_tracking/deps/libmotioncapture/src/optitrack_closed_source.cpp: In member function ‘const string& libmotioncapture::MotionCaptureOptitrackClosedSource::version() const’:
[33.874s] /CrazySim/crazyswarm2_ws/src/motion_capture_tracking/motion_capture_tracking/deps/libmotioncapture/src/optitrack_closed_source.cpp:184:3: warning: no return statement in function returning non-void [-Wreturn-type]
[33.874s]   184 |   }
[33.874s]       |   ^
[35.130s] In file included from /usr/include/boost/smart_ptr/detail/sp_thread_sleep.hpp:22,
[35.131s]                  from /usr/include/boost/smart_ptr/detail/yield_k.hpp:23,
[35.131s]                  from /usr/include/boost/smart_ptr/detail/spinlock_gcc_atomic.hpp:14,
[35.131s]                  from /usr/include/boost/smart_ptr/detail/spinlock.hpp:42,
[35.131s]                  from /usr/include/boost/smart_ptr/detail/spinlock_pool.hpp:25,
[35.131s]                  from /usr/include/boost/smart_ptr/shared_ptr.hpp:29,
[35.131s]                  from /usr/include/boost/shared_ptr.hpp:17,
[35.131s]                  from /usr/include/boost/date_time/time_clock.hpp:17,
[35.131s]                  from /usr/include/boost/date_time/posix_time/posix_time_types.hpp:10,
[35.131s]                  from /usr/include/boost/asio/time_traits.hpp:23,
[35.131s]                  from /usr/include/boost/asio/detail/timer_queue_ptime.hpp:22,
[35.131s]                  from /usr/include/boost/asio/detail/deadline_timer_service.hpp:29,
[35.131s]                  from /usr/include/boost/asio/basic_deadline_timer.hpp:25,
[35.131s]                  from /usr/include/boost/asio.hpp:25,
[35.131s]                  from /CrazySim/crazyswarm2_ws/src/motion_capture_tracking/motion_capture_tracking/deps/libmotioncapture/include/libmotioncapture/fzmotion.h:7,
[35.132s]                  from /CrazySim/crazyswarm2_ws/src/motion_capture_tracking/motion_capture_tracking/deps/libmotioncapture/src/motioncapture.cpp:25:
[35.132s] /usr/include/boost/bind.hpp:36:1: note: ‘#pragma message: The practice of declaring the Bind placeholders (_1, _2, ...) in the global namespace is deprecated. Please use <boost/bind/bind.hpp> + using namespace boost::placeholders, or define BOOST_BIND_GLOBAL_PLACEHOLDERS to retain the current behavior.’
[35.132s]    36 | BOOST_PRAGMA_MESSAGE(
[35.132s]       | ^~~~~~~~~~~~~~~~~~~~
[35.147s] In file included from /CrazySim/crazyswarm2_ws/src/motion_capture_tracking/motion_capture_tracking/deps/libmotioncapture/src/motioncapture.cpp:25:
[35.147s] /CrazySim/crazyswarm2_ws/src/motion_capture_tracking/motion_capture_tracking/deps/libmotioncapture/include/libmotioncapture/fzmotion.h:133:32: warning: ISO C++ prohibits anonymous structs [-Wpedantic]
[35.147s]   133 |                         struct { uint8 v1; uint8 v2; uint8 v3; uint8 v4; };
[35.147s]       |                                ^
[35.147s] /CrazySim/crazyswarm2_ws/src/motion_capture_tracking/motion_capture_tracking/deps/libmotioncapture/include/libmotioncapture/fzmotion.h:138:32: warning: ISO C++ prohibits anonymous structs [-Wpedantic]
[35.147s]   138 |                         struct { uint8 v1; uint8 v2; uint8 v3; uint8 v4; };
[35.147s]       |                                ^
[35.148s] /CrazySim/crazyswarm2_ws/src/motion_capture_tracking/motion_capture_tracking/deps/libmotioncapture/include/libmotioncapture/fzmotion.h:145:32: warning: ISO C++ prohibits anonymous structs [-Wpedantic]
[35.148s]   145 |                         struct { octet h1; octet h2; octet l1; octet l2; };
[35.148s]       |                                ^
[35.716s] In file included from /usr/include/boost/smart_ptr/detail/sp_thread_sleep.hpp:22,
[35.717s]                  from /usr/include/boost/smart_ptr/detail/yield_k.hpp:23,
[35.717s]                  from /usr/include/boost/smart_ptr/detail/spinlock_gcc_atomic.hpp:14,
[35.717s]                  from /usr/include/boost/smart_ptr/detail/spinlock.hpp:42,
[35.717s]                  from /usr/include/boost/smart_ptr/detail/spinlock_pool.hpp:25,
[35.717s]                  from /usr/include/boost/smart_ptr/shared_ptr.hpp:29,
[35.717s]                  from /usr/include/boost/shared_ptr.hpp:17,
[35.717s]                  from /usr/include/boost/date_time/time_clock.hpp:17,
[35.717s]                  from /usr/include/boost/date_time/posix_time/posix_time_types.hpp:10,
[35.717s]                  from /usr/include/boost/asio/time_traits.hpp:23,
[35.717s]                  from /usr/include/boost/asio/detail/timer_queue_ptime.hpp:22,
[35.717s]                  from /usr/include/boost/asio/detail/deadline_timer_service.hpp:29,
[35.718s]                  from /usr/include/boost/asio/basic_deadline_timer.hpp:25,
[35.718s]                  from /usr/include/boost/asio.hpp:25,
[35.718s]                  from /CrazySim/crazyswarm2_ws/src/motion_capture_tracking/motion_capture_tracking/deps/libmotioncapture/include/libmotioncapture/fzmotion.h:7,
[35.718s]                  from /CrazySim/crazyswarm2_ws/src/motion_capture_tracking/motion_capture_tracking/deps/libmotioncapture/src/fzmotion.cpp:1:
[35.718s] /usr/include/boost/bind.hpp:36:1: note: ‘#pragma message: The practice of declaring the Bind placeholders (_1, _2, ...) in the global namespace is deprecated. Please use <boost/bind/bind.hpp> + using namespace boost::placeholders, or define BOOST_BIND_GLOBAL_PLACEHOLDERS to retain the current behavior.’
[35.718s]    36 | BOOST_PRAGMA_MESSAGE(
[35.718s]       | ^~~~~~~~~~~~~~~~~~~~
[35.732s] In file included from /CrazySim/crazyswarm2_ws/src/motion_capture_tracking/motion_capture_tracking/deps/libmotioncapture/src/fzmotion.cpp:1:
[35.733s] /CrazySim/crazyswarm2_ws/src/motion_capture_tracking/motion_capture_tracking/deps/libmotioncapture/include/libmotioncapture/fzmotion.h:133:32: warning: ISO C++ prohibits anonymous structs [-Wpedantic]
[35.733s]   133 |                         struct { uint8 v1; uint8 v2; uint8 v3; uint8 v4; };
[35.733s]       |                                ^
[35.733s] /CrazySim/crazyswarm2_ws/src/motion_capture_tracking/motion_capture_tracking/deps/libmotioncapture/include/libmotioncapture/fzmotion.h:138:32: warning: ISO C++ prohibits anonymous structs [-Wpedantic]
[35.733s]   138 |                         struct { uint8 v1; uint8 v2; uint8 v3; uint8 v4; };
[35.733s]       |                                ^
[35.733s] /CrazySim/crazyswarm2_ws/src/motion_capture_tracking/motion_capture_tracking/deps/libmotioncapture/include/libmotioncapture/fzmotion.h:145:32: warning: ISO C++ prohibits anonymous structs [-Wpedantic]
[35.734s]   145 |                         struct { octet h1; octet h2; octet l1; octet l2; };
[35.734s]       |                                ^
[35.745s] /CrazySim/crazyswarm2_ws/src/motion_capture_tracking/motion_capture_tracking/deps/libmotioncapture/include/libmotioncapture/fzmotion.h: In constructor ‘libmotioncapture::MotionCaptureFZMotion::MotionCaptureFZMotion(const string&, int, const string&, int)’:
[35.746s] /CrazySim/crazyswarm2_ws/src/motion_capture_tracking/motion_capture_tracking/deps/libmotioncapture/include/libmotioncapture/fzmotion.h:165:29: warning: ‘libmotioncapture::MotionCaptureFZMotion::m_ConnectionSocket’ will be initialized after [-Wreorder]
[35.746s]   165 |                 udp::socket m_ConnectionSocket;
[35.746s]       |                             ^~~~~~~~~~~~~~~~~~
[35.746s] /CrazySim/crazyswarm2_ws/src/motion_capture_tracking/motion_capture_tracking/deps/libmotioncapture/include/libmotioncapture/fzmotion.h:164:29: warning:   ‘boost::asio::ip::udp::socket libmotioncapture::MotionCaptureFZMotion::m_TransmissionSocket’ [-Wreorder]
[35.746s]   164 |                 udp::socket m_TransmissionSocket;
[35.746s]       |                             ^~~~~~~~~~~~~~~~~~~~
[35.746s] /CrazySim/crazyswarm2_ws/src/motion_capture_tracking/motion_capture_tracking/deps/libmotioncapture/src/fzmotion.cpp:5:5: warning:   when initialized here [-Wreorder]
[35.747s]     5 |     MotionCaptureFZMotion::MotionCaptureFZMotion(
[35.747s]       |     ^~~~~~~~~~~~~~~~~~~~~
[35.765s] /CrazySim/crazyswarm2_ws/src/motion_capture_tracking/motion_capture_tracking/deps/libmotioncapture/src/fzmotion.cpp: In member function ‘void libmotioncapture::MotionCaptureFZMotion::receiveFrameData()’:
[35.765s] /CrazySim/crazyswarm2_ws/src/motion_capture_tracking/motion_capture_tracking/deps/libmotioncapture/src/fzmotion.cpp:293:9: warning: label ‘boost’ defined but not used [-Wunused-label]
[35.765s]   293 |         boost:system::error_code ec;
[35.765s]       |         ^~~~~
[35.769s] /CrazySim/crazyswarm2_ws/src/motion_capture_tracking/motion_capture_tracking/deps/libmotioncapture/src/fzmotion.cpp: In member function ‘virtual const PointCloud& libmotioncapture::MotionCaptureFZMotion::pointCloud() const’:
[35.769s] /CrazySim/crazyswarm2_ws/src/motion_capture_tracking/motion_capture_tracking/deps/libmotioncapture/src/fzmotion.cpp:412:32: warning: comparison of integer expressions of different signedness: ‘Eigen::EigenBase<Eigen::Matrix<float, -1, 3, 1> >::Index’ {aka ‘long int’} and ‘std::vector<libmotioncapture::LMarker>::size_type’ {aka ‘long unsigned int’} [-Wsign-compare]
[35.769s]   412 |         if (pointcloud_.size() != this->m_vctMarkData.size()) {
[35.769s]       |             ~~~~~~~~~~~~~~~~~~~^~~~~~~~~~~~~~~~~~~~~~~~~~~~~
[36.406s] /CrazySim/crazyswarm2_ws/src/motion_capture_tracking/motion_capture_tracking/deps/libmotioncapture/src/optitrack.cpp: In member function ‘virtual void libmotioncapture::MotionCaptureOptitrack::waitForNextFrame()’:
[36.407s] /CrazySim/crazyswarm2_ws/src/motion_capture_tracking/motion_capture_tracking/deps/libmotioncapture/src/optitrack.cpp:713:14: warning: unused variable ‘bTrackedModelsChanged’ [-Wunused-variable]
[36.407s]   713 |         bool bTrackedModelsChanged = (params & 0x02) != 0;         // 0x02 Actively tracked model list has changed
[36.407s]       |              ^~~~~~~~~~~~~~~~~~~~~
[38.547s] [ 95%] Linking CXX static library liblibrigidbodytracker.a
[38.620s] [ 95%] Built target librigidbodytracker
[42.767s] [ 96%] Linking CXX static library liblibmotioncapture.a
[42.820s] [ 96%] Built target libmotioncapture
[42.852s] [ 98%] Building CXX object CMakeFiles/motion_capture_tracking_node.dir/src/motion_capture_tracking_node.cpp.o
[56.269s] [100%] Linking CXX executable motion_capture_tracking_node
[57.144s] [100%] Built target motion_capture_tracking_node
[57.160s] Invoked command in '/CrazySim/crazyswarm2_ws/build/motion_capture_tracking' returned '0': AMENT_PREFIX_PATH=/CrazySim/crazyswarm2_ws/install/motion_capture_tracking_interfaces:${AMENT_PREFIX_PATH} CMAKE_PREFIX_PATH=/CrazySim/crazyswarm2_ws/install/motion_capture_tracking_interfaces:/opt/ros/humble LD_LIBRARY_PATH=/CrazySim/crazyswarm2_ws/install/motion_capture_tracking_interfaces/lib:${LD_LIBRARY_PATH} PYTHONPATH=/CrazySim/crazyswarm2_ws/install/motion_capture_tracking_interfaces/local/lib/python3.10/dist-packages:${PYTHONPATH} /usr/bin/cmake --build /CrazySim/crazyswarm2_ws/build/motion_capture_tracking -- -j16 -l16
[57.162s] Invoking command in '/CrazySim/crazyswarm2_ws/build/motion_capture_tracking': AMENT_PREFIX_PATH=/CrazySim/crazyswarm2_ws/install/motion_capture_tracking_interfaces:${AMENT_PREFIX_PATH} CMAKE_PREFIX_PATH=/CrazySim/crazyswarm2_ws/install/motion_capture_tracking_interfaces:/opt/ros/humble LD_LIBRARY_PATH=/CrazySim/crazyswarm2_ws/install/motion_capture_tracking_interfaces/lib:${LD_LIBRARY_PATH} PYTHONPATH=/CrazySim/crazyswarm2_ws/install/motion_capture_tracking_interfaces/local/lib/python3.10/dist-packages:${PYTHONPATH} /usr/bin/cmake --install /CrazySim/crazyswarm2_ws/build/motion_capture_tracking
[57.169s] -- Install configuration: "Release"
[57.170s] -- Execute custom install script
[57.170s] -- Symlinking: /CrazySim/crazyswarm2_ws/install/motion_capture_tracking/include/vicon-datastream-sdk/DataStreamClient.h
[57.178s] -- Symlinking: /CrazySim/crazyswarm2_ws/install/motion_capture_tracking/include/vicon-datastream-sdk/IDataStreamClientBase.h
[57.186s] -- Symlinking: /CrazySim/crazyswarm2_ws/install/motion_capture_tracking/lib/cmake/vicon-datastream-sdk/vicon-datastream-sdkConfig.cmake
[57.200s] -- Symlinking: /CrazySim/crazyswarm2_ws/install/motion_capture_tracking/lib/cmake/vicon-datastream-sdk/vicon-datastream-sdkConfigVersion.cmake
[57.213s] -- Symlinking: /CrazySim/crazyswarm2_ws/install/motion_capture_tracking/lib/motion_capture_tracking/motion_capture_tracking_node
[57.226s] -- Symlinking: /CrazySim/crazyswarm2_ws/install/motion_capture_tracking/lib/motion_capture_tracking/libNatNet.so
[57.239s] -- Symlinking: /CrazySim/crazyswarm2_ws/install/motion_capture_tracking/share/motion_capture_tracking//launch/launch.py
[57.252s] -- Symlinking: /CrazySim/crazyswarm2_ws/install/motion_capture_tracking/share/motion_capture_tracking//launch/node.launch
[57.260s] -- Symlinking: /CrazySim/crazyswarm2_ws/install/motion_capture_tracking/share/motion_capture_tracking//config/cfg.yaml
[57.271s] -- Symlinking: /CrazySim/crazyswarm2_ws/install/motion_capture_tracking/share/motion_capture_tracking//config/rviz.rviz
[57.284s] -- Symlinking: /CrazySim/crazyswarm2_ws/install/motion_capture_tracking/share/ament_index/resource_index/package_run_dependencies/motion_capture_tracking
[57.297s] -- Symlinking: /CrazySim/crazyswarm2_ws/install/motion_capture_tracking/share/ament_index/resource_index/parent_prefix_path/motion_capture_tracking
[57.306s] -- Symlinking: /CrazySim/crazyswarm2_ws/install/motion_capture_tracking/share/motion_capture_tracking/environment/ament_prefix_path.sh
[57.321s] -- Symlinking: /CrazySim/crazyswarm2_ws/install/motion_capture_tracking/share/motion_capture_tracking/environment/ament_prefix_path.dsv
[57.334s] -- Symlinking: /CrazySim/crazyswarm2_ws/install/motion_capture_tracking/share/motion_capture_tracking/environment/path.sh
[57.342s] -- Symlinking: /CrazySim/crazyswarm2_ws/install/motion_capture_tracking/share/motion_capture_tracking/environment/path.dsv
[57.355s] -- Symlinking: /CrazySim/crazyswarm2_ws/install/motion_capture_tracking/share/motion_capture_tracking/local_setup.bash
[57.369s] -- Symlinking: /CrazySim/crazyswarm2_ws/install/motion_capture_tracking/share/motion_capture_tracking/local_setup.sh
[57.383s] -- Symlinking: /CrazySim/crazyswarm2_ws/install/motion_capture_tracking/share/motion_capture_tracking/local_setup.zsh
[57.396s] -- Symlinking: /CrazySim/crazyswarm2_ws/install/motion_capture_tracking/share/motion_capture_tracking/local_setup.dsv
[57.410s] -- Symlinking: /CrazySim/crazyswarm2_ws/install/motion_capture_tracking/share/motion_capture_tracking/package.dsv
[57.419s] -- Symlinking: /CrazySim/crazyswarm2_ws/install/motion_capture_tracking/share/ament_index/resource_index/packages/motion_capture_tracking
[57.431s] -- Symlinking: /CrazySim/crazyswarm2_ws/install/motion_capture_tracking/share/motion_capture_tracking/cmake/motion_capture_trackingConfig.cmake
[57.444s] -- Symlinking: /CrazySim/crazyswarm2_ws/install/motion_capture_tracking/share/motion_capture_tracking/cmake/motion_capture_trackingConfig-version.cmake
[57.460s] -- Symlinking: /CrazySim/crazyswarm2_ws/install/motion_capture_tracking/share/motion_capture_tracking/package.xml
[57.476s] Invoked command in '/CrazySim/crazyswarm2_ws/build/motion_capture_tracking' returned '0': AMENT_PREFIX_PATH=/CrazySim/crazyswarm2_ws/install/motion_capture_tracking_interfaces:${AMENT_PREFIX_PATH} CMAKE_PREFIX_PATH=/CrazySim/crazyswarm2_ws/install/motion_capture_tracking_interfaces:/opt/ros/humble LD_LIBRARY_PATH=/CrazySim/crazyswarm2_ws/install/motion_capture_tracking_interfaces/lib:${LD_LIBRARY_PATH} PYTHONPATH=/CrazySim/crazyswarm2_ws/install/motion_capture_tracking_interfaces/local/lib/python3.10/dist-packages:${PYTHONPATH} /usr/bin/cmake --install /CrazySim/crazyswarm2_ws/build/motion_capture_tracking
